{"numTotalTestSuites":442,"numPassedTestSuites":429,"numFailedTestSuites":13,"numPendingTestSuites":0,"numTotalTests":936,"numPassedTests":912,"numFailedTests":14,"numPendingTests":10,"numTodoTests":0,"snapshot":{"added":0,"failure":false,"filesAdded":0,"filesRemoved":0,"filesRemovedList":[],"filesUnmatched":0,"filesUpdated":0,"matched":0,"total":0,"unchecked":0,"uncheckedKeysByFile":[],"unmatched":0,"updated":0,"didUpdate":false},"startTime":1771426953616,"success":false,"testResults":[{"assertionResults":[{"ancestorTitles":["ActivityFeedManager"],"fullName":"ActivityFeedManager should add activity and retrieve it","status":"passed","title":"should add activity and retrieve it","duration":4.084299999999985,"failureMessages":[],"meta":{}},{"ancestorTitles":["ActivityFeedManager"],"fullName":"ActivityFeedManager should emit \"activity\" event","status":"passed","title":"should emit \"activity\" event","duration":3.1587999999999283,"failureMessages":[],"meta":{}},{"ancestorTitles":["ActivityFeedManager"],"fullName":"ActivityFeedManager should limit history size","status":"passed","title":"should limit history size","duration":1.6572999999999638,"failureMessages":[],"meta":{}},{"ancestorTitles":["ActivityFeedManager"],"fullName":"ActivityFeedManager should support metadata","status":"passed","title":"should support metadata","duration":0.4352000000000089,"failureMessages":[],"meta":{}},{"ancestorTitles":["ActivityFeedManager"],"fullName":"ActivityFeedManager should filter returned items by limit","status":"passed","title":"should filter returned items by limit","duration":0.35370000000000346,"failureMessages":[],"meta":{}}],"startTime":1771426962282,"endTime":1771426962291.4353,"status":"passed","message":"","name":"F:/mcp-brunella-core/test/activity_feed.test.ts"},{"assertionResults":[{"ancestorTitles":["agentTracer","startSpan / endSpan"],"fullName":"agentTracer startSpan / endSpan creates a span with unique traceId and spanId","status":"passed","title":"creates a span with unique traceId and spanId","duration":5.676999999999964,"failureMessages":[],"meta":{}},{"ancestorTitles":["agentTracer","startSpan / endSpan"],"fullName":"agentTracer startSpan / endSpan endSpan sets duration, status, and endTime","status":"passed","title":"endSpan sets duration, status, and endTime","duration":1.1934999999999718,"failureMessages":[],"meta":{}},{"ancestorTitles":["agentTracer","startSpan / endSpan"],"fullName":"agentTracer startSpan / endSpan endSpan records error details","status":"passed","title":"endSpan records error details","duration":0.5554000000000201,"failureMessages":[],"meta":{}},{"ancestorTitles":["agentTracer","startSpan / endSpan"],"fullName":"agentTracer startSpan / endSpan endSpan attaches token usage (RULE-OB3)","status":"passed","title":"endSpan attaches token usage (RULE-OB3)","duration":1.3392999999999802,"failureMessages":[],"meta":{}},{"ancestorTitles":["agentTracer","startSpan / endSpan"],"fullName":"agentTracer startSpan / endSpan span creation < 2ms (performance)","status":"passed","title":"span creation < 2ms (performance)","duration":7.6229000000000156,"failureMessages":[],"meta":{}},{"ancestorTitles":["agentTracer","parent-child spans"],"fullName":"agentTracer parent-child spans child span inherits traceId from parent context","status":"passed","title":"child span inherits traceId from parent context","duration":0.8016000000000076,"failureMessages":[],"meta":{}},{"ancestorTitles":["agentTracer","parent-child spans"],"fullName":"agentTracer parent-child spans getTraceSpans returns both parent and child","status":"passed","title":"getTraceSpans returns both parent and child","duration":4.24430000000001,"failureMessages":[],"meta":{}},{"ancestorTitles":["agentTracer","traceAgentExecution"],"fullName":"agentTracer traceAgentExecution returns span, context, and end helper","status":"passed","title":"returns span, context, and end helper","duration":0.8782999999999674,"failureMessages":[],"meta":{}},{"ancestorTitles":["agentTracer","traceAgentExecution"],"fullName":"agentTracer traceAgentExecution supports parent context for delegation chain","status":"passed","title":"supports parent context for delegation chain","duration":0.4744000000000028,"failureMessages":[],"meta":{}},{"ancestorTitles":["agentTracer","traceLLMCall"],"fullName":"agentTracer traceLLMCall creates LLM span with model metadata","status":"passed","title":"creates LLM span with model metadata","duration":0.6301000000000272,"failureMessages":[],"meta":{}},{"ancestorTitles":["agentTracer","query functions"],"fullName":"agentTracer query functions getRecentSpans returns completed spans in reverse order","status":"passed","title":"getRecentSpans returns completed spans in reverse order","duration":0.504099999999994,"failureMessages":[],"meta":{}},{"ancestorTitles":["agentTracer","query functions"],"fullName":"agentTracer query functions getActiveSpans returns only running spans","status":"passed","title":"getActiveSpans returns only running spans","duration":0.4619999999999891,"failureMessages":[],"meta":{}},{"ancestorTitles":["agentTracer","query functions"],"fullName":"agentTracer query functions getTokenUsageSummary aggregates by agent and model","status":"passed","title":"getTokenUsageSummary aggregates by agent and model","duration":0.8181000000000154,"failureMessages":[],"meta":{}},{"ancestorTitles":["agentTracer","query functions"],"fullName":"agentTracer query functions getRecentTraceIds returns unique trace IDs","status":"passed","title":"getRecentTraceIds returns unique trace IDs","duration":0.5486999999999966,"failureMessages":[],"meta":{}},{"ancestorTitles":["agentTracer","query functions"],"fullName":"agentTracer query functions getTracerStats returns correct counts","status":"passed","title":"getTracerStats returns correct counts","duration":0.4076000000000022,"failureMessages":[],"meta":{}},{"ancestorTitles":["agentTracer","clearAllSpans"],"fullName":"agentTracer clearAllSpans resets all state","status":"passed","title":"resets all state","duration":0.6715999999999553,"failureMessages":[],"meta":{}}],"startTime":1771426959739,"endTime":1771426959766.6716,"status":"passed","message":"","name":"F:/mcp-brunella-core/test/agentTracer.test.ts"},{"assertionResults":[{"ancestorTitles":["Agent Test Template"],"fullName":"Agent Test Template should be implemented","status":"passed","title":"should be implemented","duration":1.5201999999999884,"failureMessages":[],"meta":{}}],"startTime":1771426963378,"endTime":1771426963379.5203,"status":"passed","message":"","name":"F:/mcp-brunella-core/test/agent_template.test.ts"},{"assertionResults":[{"ancestorTitles":["AIGatewayClient (v3.0 Pure Fetch)","Configuration"],"fullName":"AIGatewayClient (v3.0 Pure Fetch) Configuration should initialize with Ollama (local) by default","status":"passed","title":"should initialize with Ollama (local) by default","duration":2.1619999999999777,"failureMessages":[],"meta":{}},{"ancestorTitles":["AIGatewayClient (v3.0 Pure Fetch)","Configuration"],"fullName":"AIGatewayClient (v3.0 Pure Fetch) Configuration should initialize with CF Workers AI when enabled","status":"passed","title":"should initialize with CF Workers AI when enabled","duration":0.333500000000015,"failureMessages":[],"meta":{}},{"ancestorTitles":["AIGatewayClient (v3.0 Pure Fetch)","Configuration"],"fullName":"AIGatewayClient (v3.0 Pure Fetch) Configuration should disable gateway if CF_API_TOKEN missing","status":"passed","title":"should disable gateway if CF_API_TOKEN missing","duration":0.26420000000001664,"failureMessages":[],"meta":{}},{"ancestorTitles":["AIGatewayClient (v3.0 Pure Fetch)","Configuration"],"fullName":"AIGatewayClient (v3.0 Pure Fetch) Configuration should return config","status":"passed","title":"should return config","duration":0.5745999999999754,"failureMessages":[],"meta":{}},{"ancestorTitles":["AIGatewayClient (v3.0 Pure Fetch)","Statistics"],"fullName":"AIGatewayClient (v3.0 Pure Fetch) Statistics should initialize with zero stats","status":"passed","title":"should initialize with zero stats","duration":0.4895999999999958,"failureMessages":[],"meta":{}},{"ancestorTitles":["AIGatewayClient (v3.0 Pure Fetch)","Statistics"],"fullName":"AIGatewayClient (v3.0 Pure Fetch) Statistics should reset stats","status":"passed","title":"should reset stats","duration":0.2896000000000072,"failureMessages":[],"meta":{}},{"ancestorTitles":["AIGatewayClient (v3.0 Pure Fetch)","Routing Logic"],"fullName":"AIGatewayClient (v3.0 Pure Fetch) Routing Logic should route to CF Workers AI when enabled","status":"passed","title":"should route to CF Workers AI when enabled","duration":0.21580000000000155,"failureMessages":[],"meta":{}},{"ancestorTitles":["AIGatewayClient (v3.0 Pure Fetch)","Routing Logic"],"fullName":"AIGatewayClient (v3.0 Pure Fetch) Routing Logic should route to Ollama when gateway disabled","status":"passed","title":"should route to Ollama when gateway disabled","duration":0.2511000000000081,"failureMessages":[],"meta":{}},{"ancestorTitles":["AIGatewayClient (v3.0 Pure Fetch)","Routing Logic"],"fullName":"AIGatewayClient (v3.0 Pure Fetch) Routing Logic should fallback to Ollama if CF token missing","status":"passed","title":"should fallback to Ollama if CF token missing","duration":0.21349999999995362,"failureMessages":[],"meta":{}},{"ancestorTitles":["AIGatewayClient (v3.0 Pure Fetch)","Chat API"],"fullName":"AIGatewayClient (v3.0 Pure Fetch) Chat API should call Ollama /api/chat endpoint","status":"passed","title":"should call Ollama /api/chat endpoint","duration":3.3700000000000045,"failureMessages":[],"meta":{}},{"ancestorTitles":["AIGatewayClient (v3.0 Pure Fetch)","Chat API"],"fullName":"AIGatewayClient (v3.0 Pure Fetch) Chat API should throw on empty response","status":"passed","title":"should throw on empty response","duration":2.184500000000014,"failureMessages":[],"meta":{}},{"ancestorTitles":["AIGatewayClient (v3.0 Pure Fetch)","Embeddings API"],"fullName":"AIGatewayClient (v3.0 Pure Fetch) Embeddings API should call Ollama /api/embeddings endpoint","status":"passed","title":"should call Ollama /api/embeddings endpoint","duration":1.0849999999999795,"failureMessages":[],"meta":{}},{"ancestorTitles":["AIGatewayClient (v3.0 Pure Fetch)","Embeddings API"],"fullName":"AIGatewayClient (v3.0 Pure Fetch) Embeddings API should return zero vector on error","status":"passed","title":"should return zero vector on error","duration":1.0679000000000087,"failureMessages":[],"meta":{}}],"startTime":1771426960834,"endTime":1771426960847.0679,"status":"passed","message":"","name":"F:/mcp-brunella-core/test/aiGateway.test.ts"},{"assertionResults":[{"ancestorTitles":["API v1 Route Tests","GET /api/health"],"fullName":"API v1 Route Tests GET /api/health should return 200 and health payload","status":"passed","title":"should return 200 and health payload","duration":32.66629999999998,"failureMessages":[],"meta":{}},{"ancestorTitles":["API v1 Route Tests","Error Handling Integration"],"fullName":"API v1 Route Tests Error Handling Integration should catch AppError and return formatted JSON","status":"passed","title":"should catch AppError and return formatted JSON","duration":8.2654,"failureMessages":[],"meta":{}},{"ancestorTitles":["API v1 Route Tests","Error Handling Integration"],"fullName":"API v1 Route Tests Error Handling Integration should return 404 for unknown routes","status":"passed","title":"should return 404 for unknown routes","duration":6.682800000000043,"failureMessages":[],"meta":{}}],"startTime":1771426959339,"endTime":1771426959387.6829,"status":"passed","message":"","name":"F:/mcp-brunella-core/test/api_v1.test.ts"},{"assertionResults":[{"ancestorTitles":["ApprovalManager"],"fullName":"ApprovalManager should create a request and return an ID","status":"passed","title":"should create a request and return an ID","duration":4.602399999999989,"failureMessages":[],"meta":{}},{"ancestorTitles":["ApprovalManager"],"fullName":"ApprovalManager should resolve waitForResult true when approved","status":"passed","title":"should resolve waitForResult true when approved","duration":502.68129999999996,"failureMessages":[],"meta":{}},{"ancestorTitles":["ApprovalManager"],"fullName":"ApprovalManager should resolve waitForResult false when rejected","status":"passed","title":"should resolve waitForResult false when rejected","duration":505.3194000000001,"failureMessages":[],"meta":{}},{"ancestorTitles":["ApprovalManager"],"fullName":"ApprovalManager should time out and expire","status":"passed","title":"should time out and expire","duration":517.1458,"failureMessages":[],"meta":{}},{"ancestorTitles":["ApprovalManager"],"fullName":"ApprovalManager should prevent responding to expired requests","status":"passed","title":"should prevent responding to expired requests","duration":53.6235999999999,"failureMessages":[],"meta":{}},{"ancestorTitles":["ApprovalManager"],"fullName":"ApprovalManager should list requests by status","status":"passed","title":"should list requests by status","duration":1.196100000000115,"failureMessages":[],"meta":{}}],"startTime":1771426954532,"endTime":1771426956117.196,"status":"passed","message":"","name":"F:/mcp-brunella-core/test/approval_manager.test.ts"},{"assertionResults":[{"ancestorTitles":["AuditLog (G6)","record()"],"fullName":"AuditLog (G6) record() should record ALLOWED entries","status":"passed","title":"should record ALLOWED entries","duration":24.38760000000002,"failureMessages":[],"meta":{}},{"ancestorTitles":["AuditLog (G6)","record()"],"fullName":"AuditLog (G6) record() should record DENIED entries with reason","status":"passed","title":"should record DENIED entries with reason","duration":0.7649000000000115,"failureMessages":[],"meta":{}},{"ancestorTitles":["AuditLog (G6)","record()"],"fullName":"AuditLog (G6) record() should record multiple entries in order","status":"passed","title":"should record multiple entries in order","duration":0.7839000000000169,"failureMessages":[],"meta":{}},{"ancestorTitles":["AuditLog (G6)","record()"],"fullName":"AuditLog (G6) record() should include timestamp","status":"passed","title":"should include timestamp","duration":0.558400000000006,"failureMessages":[],"meta":{}},{"ancestorTitles":["AuditLog (G6)","getDeniedEntries()"],"fullName":"AuditLog (G6) getDeniedEntries() should return only denied entries","status":"passed","title":"should return only denied entries","duration":1.1848999999999705,"failureMessages":[],"meta":{}},{"ancestorTitles":["AuditLog (G6)","getDeniedEntries()"],"fullName":"AuditLog (G6) getDeniedEntries() should respect limit parameter","status":"passed","title":"should respect limit parameter","duration":1.0956999999999653,"failureMessages":[],"meta":{}},{"ancestorTitles":["AuditLog (G6)","getAuditLog()"],"fullName":"AuditLog (G6) getAuditLog() should support pagination","status":"passed","title":"should support pagination","duration":1.6447000000000003,"failureMessages":[],"meta":{}},{"ancestorTitles":["AuditLog (G6)","getAuditLog()"],"fullName":"AuditLog (G6) getAuditLog() should return empty array when no entries","status":"passed","title":"should return empty array when no entries","duration":0.34859999999997626,"failureMessages":[],"meta":{}},{"ancestorTitles":["AuditLog (G6)","getAuditStats()"],"fullName":"AuditLog (G6) getAuditStats() should count allowed and denied entries","status":"passed","title":"should count allowed and denied entries","duration":1.1838000000000193,"failureMessages":[],"meta":{}},{"ancestorTitles":["AuditLog (G6)","cleanupOldEntries()"],"fullName":"AuditLog (G6) cleanupOldEntries() should remove entries older than retention period","status":"passed","title":"should remove entries older than retention period","duration":0.8474999999999682,"failureMessages":[],"meta":{}},{"ancestorTitles":["AuditLog (G6)","cleanupOldEntries()"],"fullName":"AuditLog (G6) cleanupOldEntries() should keep recent entries intact","status":"passed","title":"should keep recent entries intact","duration":0.6326999999999998,"failureMessages":[],"meta":{}},{"ancestorTitles":["AuditLog (G6)","clearAuditLog()"],"fullName":"AuditLog (G6) clearAuditLog() should clear all entries","status":"passed","title":"should clear all entries","duration":0.5706000000000131,"failureMessages":[],"meta":{}},{"ancestorTitles":["AuditLog (G6)","Performance"],"fullName":"AuditLog (G6) Performance should record entries in < 1ms (permission check speed)","status":"passed","title":"should record entries in < 1ms (permission check speed)","duration":4.320600000000013,"failureMessages":[],"meta":{}}],"startTime":1771426959333,"endTime":1771426959372.3206,"status":"passed","message":"","name":"F:/mcp-brunella-core/test/auditLog.test.ts"},{"assertionResults":[{"ancestorTitles":["BackgroundTaskManager (Phase 4)","Task Creation and Lifecycle"],"fullName":"BackgroundTaskManager (Phase 4) Task Creation and Lifecycle should create and start a background task","status":"passed","title":"should create and start a background task","duration":3.8202,"failureMessages":[],"meta":{}},{"ancestorTitles":["BackgroundTaskManager (Phase 4)","Task Creation and Lifecycle"],"fullName":"BackgroundTaskManager (Phase 4) Task Creation and Lifecycle should complete task successfully when all steps succeed","status":"passed","title":"should complete task successfully when all steps succeed","duration":219.08220000000006,"failureMessages":[],"meta":{}},{"ancestorTitles":["BackgroundTaskManager (Phase 4)","Task Creation and Lifecycle"],"fullName":"BackgroundTaskManager (Phase 4) Task Creation and Lifecycle should track progress correctly during execution","status":"passed","title":"should track progress correctly during execution","duration":117.23529999999982,"failureMessages":[],"meta":{}},{"ancestorTitles":["BackgroundTaskManager (Phase 4)","Task Creation and Lifecycle"],"fullName":"BackgroundTaskManager (Phase 4) Task Creation and Lifecycle should mark task as error when critical step fails","status":"passed","title":"should mark task as error when critical step fails","duration":208.04719999999998,"failureMessages":[],"meta":{}},{"ancestorTitles":["BackgroundTaskManager (Phase 4)","Task Creation and Lifecycle"],"fullName":"BackgroundTaskManager (Phase 4) Task Creation and Lifecycle should continue on non-critical errors (screenshot, scroll)","status":"passed","title":"should continue on non-critical errors (screenshot, scroll)","duration":255.74649999999997,"failureMessages":[],"meta":{}},{"ancestorTitles":["BackgroundTaskManager (Phase 4)","Task Cancellation"],"fullName":"BackgroundTaskManager (Phase 4) Task Cancellation should cancel a running task","status":"passed","title":"should cancel a running task","duration":0.531400000000076,"failureMessages":[],"meta":{}},{"ancestorTitles":["BackgroundTaskManager (Phase 4)","Task Cancellation"],"fullName":"BackgroundTaskManager (Phase 4) Task Cancellation should return false when cancelling non-running task","status":"passed","title":"should return false when cancelling non-running task","duration":164.52569999999992,"failureMessages":[],"meta":{}},{"ancestorTitles":["BackgroundTaskManager (Phase 4)","Task Cancellation"],"fullName":"BackgroundTaskManager (Phase 4) Task Cancellation should return false when cancelling non-existent task","status":"passed","title":"should return false when cancelling non-existent task","duration":0.6790999999998348,"failureMessages":[],"meta":{}},{"ancestorTitles":["BackgroundTaskManager (Phase 4)","Checkpoint System (Phoenix Protocol)"],"fullName":"BackgroundTaskManager (Phase 4) Checkpoint System (Phoenix Protocol) should create checkpoint every 3 steps","status":"passed","title":"should create checkpoint every 3 steps","duration":317.8473999999999,"failureMessages":[],"meta":{}},{"ancestorTitles":["BackgroundTaskManager (Phase 4)","Checkpoint System (Phoenix Protocol)"],"fullName":"BackgroundTaskManager (Phase 4) Checkpoint System (Phoenix Protocol) should load last checkpoint","status":"passed","title":"should load last checkpoint","duration":266.11450000000013,"failureMessages":[],"meta":{}},{"ancestorTitles":["BackgroundTaskManager (Phase 4)","Checkpoint System (Phoenix Protocol)"],"fullName":"BackgroundTaskManager (Phase 4) Checkpoint System (Phoenix Protocol) should return null when loading checkpoint from task with no checkpoints","status":"passed","title":"should return null when loading checkpoint from task with no checkpoints","duration":161.76640000000043,"failureMessages":[],"meta":{}},{"ancestorTitles":["BackgroundTaskManager (Phase 4)","Checkpoint System (Phoenix Protocol)"],"fullName":"BackgroundTaskManager (Phase 4) Checkpoint System (Phoenix Protocol) should replay steps from last checkpoint","status":"passed","title":"should replay steps from last checkpoint","duration":462.7134000000001,"failureMessages":[],"meta":{}},{"ancestorTitles":["BackgroundTaskManager (Phase 4)","Task Retrieval"],"fullName":"BackgroundTaskManager (Phase 4) Task Retrieval should get task status by ID","status":"passed","title":"should get task status by ID","duration":1.1255000000001019,"failureMessages":[],"meta":{}},{"ancestorTitles":["BackgroundTaskManager (Phase 4)","Task Retrieval"],"fullName":"BackgroundTaskManager (Phase 4) Task Retrieval should return null for non-existent task","status":"passed","title":"should return null for non-existent task","duration":0.3817999999996573,"failureMessages":[],"meta":{}},{"ancestorTitles":["BackgroundTaskManager (Phase 4)","Task Retrieval"],"fullName":"BackgroundTaskManager (Phase 4) Task Retrieval should get all tasks sorted by startedAt desc","status":"passed","title":"should get all tasks sorted by startedAt desc","duration":70.39609999999993,"failureMessages":[],"meta":{}},{"ancestorTitles":["BackgroundTaskManager (Phase 4)","Step Execution"],"fullName":"BackgroundTaskManager (Phase 4) Step Execution should execute navigate action correctly","status":"passed","title":"should execute navigate action correctly","duration":161.5060999999996,"failureMessages":[],"meta":{}},{"ancestorTitles":["BackgroundTaskManager (Phase 4)","Step Execution"],"fullName":"BackgroundTaskManager (Phase 4) Step Execution should execute click action correctly","status":"passed","title":"should execute click action correctly","duration":164.1510000000003,"failureMessages":[],"meta":{}},{"ancestorTitles":["BackgroundTaskManager (Phase 4)","Step Execution"],"fullName":"BackgroundTaskManager (Phase 4) Step Execution should execute type action correctly","status":"passed","title":"should execute type action correctly","duration":158.2422999999999,"failureMessages":[],"meta":{}},{"ancestorTitles":["BackgroundTaskManager (Phase 4)","Step Execution"],"fullName":"BackgroundTaskManager (Phase 4) Step Execution should execute scroll with default values","status":"passed","title":"should execute scroll with default values","duration":154.84259999999995,"failureMessages":[],"meta":{}},{"ancestorTitles":["BackgroundTaskManager (Phase 4)","Step Execution"],"fullName":"BackgroundTaskManager (Phase 4) Step Execution should execute wait action correctly","status":"passed","title":"should execute wait action correctly","duration":158.4657000000002,"failureMessages":[],"meta":{}},{"ancestorTitles":["BackgroundTaskManager (Phase 4)","Step Execution"],"fullName":"BackgroundTaskManager (Phase 4) Step Execution should execute extract action with defaults","status":"passed","title":"should execute extract action with defaults","duration":165.49180000000024,"failureMessages":[],"meta":{}},{"ancestorTitles":["BackgroundTaskManager (Phase 4)","Database Persistence (Phase 4.2)"],"fullName":"BackgroundTaskManager (Phase 4) Database Persistence (Phase 4.2) should save task to database on creation","status":"passed","title":"should save task to database on creation","duration":1.419499999999971,"failureMessages":[],"meta":{}},{"ancestorTitles":["BackgroundTaskManager (Phase 4)","Database Persistence (Phase 4.2)"],"fullName":"BackgroundTaskManager (Phase 4) Database Persistence (Phase 4.2) should update task in database on progress change","status":"passed","title":"should update task in database on progress change","duration":212.4638,"failureMessages":[],"meta":{}},{"ancestorTitles":["BackgroundTaskManager (Phase 4)","Database Persistence (Phase 4.2)"],"fullName":"BackgroundTaskManager (Phase 4) Database Persistence (Phase 4.2) should update task in database on completion","status":"passed","title":"should update task in database on completion","duration":203.3822,"failureMessages":[],"meta":{}},{"ancestorTitles":["BackgroundTaskManager (Phase 4)","Database Persistence (Phase 4.2)"],"fullName":"BackgroundTaskManager (Phase 4) Database Persistence (Phase 4.2) should initialize and recover tasks from database","status":"passed","title":"should initialize and recover tasks from database","duration":0.5999000000001615,"failureMessages":[],"meta":{}}],"startTime":1771426954508,"endTime":1771426958144.5999,"status":"passed","message":"","name":"F:/mcp-brunella-core/test/backgroundTaskManager.test.ts"},{"assertionResults":[{"ancestorTitles":["Bifrost Gateway","Initialization"],"fullName":"Bifrost Gateway Initialization should initialize with provider configurations","status":"passed","title":"should initialize with provider configurations","duration":5.0937000000000126,"failureMessages":[],"meta":{}},{"ancestorTitles":["Bifrost Gateway","Initialization"],"fullName":"Bifrost Gateway Initialization should have Ollama enabled by default","status":"passed","title":"should have Ollama enabled by default","duration":1.575900000000047,"failureMessages":[],"meta":{}},{"ancestorTitles":["Bifrost Gateway","Initialization"],"fullName":"Bifrost Gateway Initialization should enable providers based on environment variables","status":"passed","title":"should enable providers based on environment variables","duration":0.7214000000000169,"failureMessages":[],"meta":{}},{"ancestorTitles":["Bifrost Gateway","Provider Selection"],"fullName":"Bifrost Gateway Provider Selection should auto-select provider for \"code\" task type","status":"passed","title":"should auto-select provider for \"code\" task type","duration":1258.9070000000002,"failureMessages":[],"meta":{}},{"ancestorTitles":["Bifrost Gateway","Provider Selection"],"fullName":"Bifrost Gateway Provider Selection should auto-select provider for \"general\" task type","status":"passed","title":"should auto-select provider for \"general\" task type","duration":608.7989000000002,"failureMessages":[],"meta":{}},{"ancestorTitles":["Bifrost Gateway","Provider Selection"],"fullName":"Bifrost Gateway Provider Selection should allow manual provider override","status":"passed","title":"should allow manual provider override","duration":471.36670000000004,"failureMessages":[],"meta":{}},{"ancestorTitles":["Bifrost Gateway","Ollama Provider"],"fullName":"Bifrost Gateway Ollama Provider should generate with Ollama","status":"passed","title":"should generate with Ollama","duration":389.05179999999973,"failureMessages":[],"meta":{}},{"ancestorTitles":["Bifrost Gateway","Ollama Provider"],"fullName":"Bifrost Gateway Ollama Provider should support custom temperature","status":"passed","title":"should support custom temperature","duration":810.3636000000001,"failureMessages":[],"meta":{}},{"ancestorTitles":["Bifrost Gateway","Ollama Provider"],"fullName":"Bifrost Gateway Ollama Provider should support system prompts","status":"passed","title":"should support system prompts","duration":1015.2842,"failureMessages":[],"meta":{}},{"ancestorTitles":["Bifrost Gateway","Gemini Provider"],"fullName":"Bifrost Gateway Gemini Provider should generate with Gemini","status":"failed","title":"should generate with Gemini","duration":400.6192000000001,"failureMessages":["AssertionError: expected 'ollama' to be 'gemini' // Object.is equality\n    at F:/mcp-brunella-core/test/bifrost_gateway.test.ts:144:31\n    at processTicksAndRejections (node:internal/process/task_queues:103:5)\n    at file:///F:/mcp-brunella-core/node_modules/@vitest/runner/dist/index.js:915:20"],"meta":{}},{"ancestorTitles":["Bifrost Gateway","Gemini Provider"],"fullName":"Bifrost Gateway Gemini Provider should use Gemini 2.0 Flash by default","status":"failed","title":"should use Gemini 2.0 Flash by default","duration":578.6803,"failureMessages":["AssertionError: expected 'qwen2.5-coder:7b' to contain 'gemini'\n    at F:/mcp-brunella-core/test/bifrost_gateway.test.ts:157:28\n    at processTicksAndRejections (node:internal/process/task_queues:103:5)\n    at file:///F:/mcp-brunella-core/node_modules/@vitest/runner/dist/index.js:915:20"],"meta":{}},{"ancestorTitles":["Bifrost Gateway","GitHub Models Provider"],"fullName":"Bifrost Gateway GitHub Models Provider should generate with GitHub Models","status":"failed","title":"should generate with GitHub Models","duration":678.0005999999994,"failureMessages":["AssertionError: expected 'ollama' to be 'github' // Object.is equality\n    at F:/mcp-brunella-core/test/bifrost_gateway.test.ts:170:31\n    at processTicksAndRejections (node:internal/process/task_queues:103:5)\n    at file:///F:/mcp-brunella-core/node_modules/@vitest/runner/dist/index.js:915:20"],"meta":{}},{"ancestorTitles":["Bifrost Gateway","Anthropic Provider"],"fullName":"Bifrost Gateway Anthropic Provider should generate with Anthropic","status":"skipped","title":"should generate with Anthropic","failureMessages":[],"meta":{}},{"ancestorTitles":["Bifrost Gateway","Anthropic Provider"],"fullName":"Bifrost Gateway Anthropic Provider should use Claude 3.5 Sonnet by default","status":"skipped","title":"should use Claude 3.5 Sonnet by default","failureMessages":[],"meta":{}},{"ancestorTitles":["Bifrost Gateway","Fallback Mechanism"],"fullName":"Bifrost Gateway Fallback Mechanism should fallback to Ollama if cloud provider fails","status":"failed","title":"should fallback to Ollama if cloud provider fails","duration":1804.8976999999995,"failureMessages":["AssertionError: expected 'ollama' to be 'gemini' // Object.is equality\n    at F:/mcp-brunella-core/test/bifrost_gateway.test.ts:216:33\n    at processTicksAndRejections (node:internal/process/task_queues:103:5)\n    at file:///F:/mcp-brunella-core/node_modules/@vitest/runner/dist/index.js:915:20"],"meta":{}},{"ancestorTitles":["Bifrost Gateway","Fallback Mechanism"],"fullName":"Bifrost Gateway Fallback Mechanism should not use fallback if Ollama is selected directly","status":"passed","title":"should not use fallback if Ollama is selected directly","duration":905.6880000000001,"failureMessages":[],"meta":{}},{"ancestorTitles":["Bifrost Gateway","Health Monitoring"],"fullName":"Bifrost Gateway Health Monitoring should check health of all providers","status":"passed","title":"should check health of all providers","duration":458.58430000000044,"failureMessages":[],"meta":{}},{"ancestorTitles":["Bifrost Gateway","Health Monitoring"],"fullName":"Bifrost Gateway Health Monitoring should mark Ollama as available","status":"passed","title":"should mark Ollama as available","duration":399.3176000000003,"failureMessages":[],"meta":{}},{"ancestorTitles":["Bifrost Gateway","Statistics"],"fullName":"Bifrost Gateway Statistics should track request counts by provider","status":"passed","title":"should track request counts by provider","duration":1159.2065000000002,"failureMessages":[],"meta":{}},{"ancestorTitles":["Bifrost Gateway","Statistics"],"fullName":"Bifrost Gateway Statistics should return enabled providers list","status":"passed","title":"should return enabled providers list","duration":0.5972999999994499,"failureMessages":[],"meta":{}},{"ancestorTitles":["Bifrost Gateway","Task Type Routing"],"fullName":"Bifrost Gateway Task Type Routing should handle \"code\" task type","status":"passed","title":"should handle \"code\" task type","duration":586.9838999999993,"failureMessages":[],"meta":{}},{"ancestorTitles":["Bifrost Gateway","Task Type Routing"],"fullName":"Bifrost Gateway Task Type Routing should handle \"general\" task type","status":"passed","title":"should handle \"general\" task type","duration":651.2277000000013,"failureMessages":[],"meta":{}},{"ancestorTitles":["Bifrost Gateway","Task Type Routing"],"fullName":"Bifrost Gateway Task Type Routing should handle \"reasoning\" task type","status":"passed","title":"should handle \"reasoning\" task type","duration":697.7819,"failureMessages":[],"meta":{}},{"ancestorTitles":["Bifrost Gateway","Task Type Routing"],"fullName":"Bifrost Gateway Task Type Routing should handle \"creative\" task type","status":"passed","title":"should handle \"creative\" task type","duration":518.9278000000013,"failureMessages":[],"meta":{}},{"ancestorTitles":["Bifrost Gateway","Task Type Routing"],"fullName":"Bifrost Gateway Task Type Routing should handle \"fast\" task type","status":"passed","title":"should handle \"fast\" task type","duration":588.9735000000001,"failureMessages":[],"meta":{}},{"ancestorTitles":["Bifrost Gateway","Error Handling"],"fullName":"Bifrost Gateway Error Handling should return error response if provider not enabled","status":"passed","title":"should return error response if provider not enabled","duration":358.5551999999989,"failureMessages":[],"meta":{}},{"ancestorTitles":["Bifrost Gateway","Error Handling"],"fullName":"Bifrost Gateway Error Handling should handle invalid model gracefully","status":"passed","title":"should handle invalid model gracefully","duration":13.295000000000073,"failureMessages":[],"meta":{}}],"startTime":1771426954500,"endTime":1771426968866.295,"status":"failed","message":"","name":"F:/mcp-brunella-core/test/bifrost_gateway.test.ts"},{"assertionResults":[{"ancestorTitles":["CloudflareBrowserAPI","constructor"],"fullName":"CloudflareBrowserAPI constructor should initialize with provided credentials","status":"passed","title":"should initialize with provided credentials","duration":2.3186999999999784,"failureMessages":[],"meta":{}},{"ancestorTitles":["CloudflareBrowserAPI","constructor"],"fullName":"CloudflareBrowserAPI constructor should throw if API token is missing","status":"passed","title":"should throw if API token is missing","duration":1.8577999999999975,"failureMessages":[],"meta":{}},{"ancestorTitles":["CloudflareBrowserAPI","constructor"],"fullName":"CloudflareBrowserAPI constructor should throw if account ID is missing","status":"passed","title":"should throw if account ID is missing","duration":0.5867000000000075,"failureMessages":[],"meta":{}},{"ancestorTitles":["CloudflareBrowserAPI","screenshot"],"fullName":"CloudflareBrowserAPI screenshot should POST to /screenshot and return binary data","status":"passed","title":"should POST to /screenshot and return binary data","duration":26.714800000000025,"failureMessages":[],"meta":{}},{"ancestorTitles":["CloudflareBrowserAPI","screenshot"],"fullName":"CloudflareBrowserAPI screenshot should return jpeg mimeType when type=jpeg","status":"passed","title":"should return jpeg mimeType when type=jpeg","duration":0.5424000000000433,"failureMessages":[],"meta":{}},{"ancestorTitles":["CloudflareBrowserAPI","screenshot"],"fullName":"CloudflareBrowserAPI screenshot should handle API errors gracefully","status":"passed","title":"should handle API errors gracefully","duration":0.45329999999995607,"failureMessages":[],"meta":{}},{"ancestorTitles":["CloudflareBrowserAPI","screenshot"],"fullName":"CloudflareBrowserAPI screenshot should handle network errors","status":"passed","title":"should handle network errors","duration":0.48310000000003583,"failureMessages":[],"meta":{}},{"ancestorTitles":["CloudflareBrowserAPI","pdf"],"fullName":"CloudflareBrowserAPI pdf should POST to /pdf and return binary data with PDF mimeType","status":"passed","title":"should POST to /pdf and return binary data with PDF mimeType","duration":0.6476999999999862,"failureMessages":[],"meta":{}},{"ancestorTitles":["CloudflareBrowserAPI","pdf"],"fullName":"CloudflareBrowserAPI pdf generatePDF should be an alias for pdf","status":"passed","title":"generatePDF should be an alias for pdf","duration":0.5237000000000194,"failureMessages":[],"meta":{}},{"ancestorTitles":["CloudflareBrowserAPI","content"],"fullName":"CloudflareBrowserAPI content should POST to /content and return rendered HTML","status":"passed","title":"should POST to /content and return rendered HTML","duration":0.6034999999999968,"failureMessages":[],"meta":{}},{"ancestorTitles":["CloudflareBrowserAPI","markdown"],"fullName":"CloudflareBrowserAPI markdown should POST to /markdown and return markdown text","status":"passed","title":"should POST to /markdown and return markdown text","duration":0.3451999999999771,"failureMessages":[],"meta":{}},{"ancestorTitles":["CloudflareBrowserAPI","snapshot"],"fullName":"CloudflareBrowserAPI snapshot should POST to /snapshot and return DOM structure","status":"passed","title":"should POST to /snapshot and return DOM structure","duration":0.44120000000003756,"failureMessages":[],"meta":{}},{"ancestorTitles":["CloudflareBrowserAPI","scrape"],"fullName":"CloudflareBrowserAPI scrape should POST to /scrape with selectors and return structured data","status":"passed","title":"should POST to /scrape with selectors and return structured data","duration":1.1516000000000304,"failureMessages":[],"meta":{}},{"ancestorTitles":["CloudflareBrowserAPI","json (AI extraction)"],"fullName":"CloudflareBrowserAPI json (AI extraction) should POST to /json with a prompt and return structured data","status":"passed","title":"should POST to /json with a prompt and return structured data","duration":0.4322999999999979,"failureMessages":[],"meta":{}},{"ancestorTitles":["CloudflareBrowserAPI","links"],"fullName":"CloudflareBrowserAPI links should POST to /links and return href+text array","status":"passed","title":"should POST to /links and return href+text array","duration":2.421699999999987,"failureMessages":[],"meta":{}},{"ancestorTitles":["CloudflareBrowserAPI","testConnection"],"fullName":"CloudflareBrowserAPI testConnection should return true when content endpoint works","status":"passed","title":"should return true when content endpoint works","duration":0.393100000000004,"failureMessages":[],"meta":{}},{"ancestorTitles":["CloudflareBrowserAPI","testConnection"],"fullName":"CloudflareBrowserAPI testConnection should return false when API fails","status":"passed","title":"should return false when API fails","duration":0.30220000000002756,"failureMessages":[],"meta":{}},{"ancestorTitles":["CloudflareBrowserAPI","shared features"],"fullName":"CloudflareBrowserAPI shared features should include correct auth headers in all requests","status":"passed","title":"should include correct auth headers in all requests","duration":0.7348999999999819,"failureMessages":[],"meta":{}},{"ancestorTitles":["CloudflareBrowserAPI","shared features"],"fullName":"CloudflareBrowserAPI shared features should use correct base URL with account ID","status":"passed","title":"should use correct base URL with account ID","duration":0.16399999999998727,"failureMessages":[],"meta":{}},{"ancestorTitles":["CloudflareBrowserAPI","shared features"],"fullName":"CloudflareBrowserAPI shared features should pass gotoOptions correctly","status":"passed","title":"should pass gotoOptions correctly","duration":0.35199999999997544,"failureMessages":[],"meta":{}}],"startTime":1771426959229,"endTime":1771426959271.7349,"status":"passed","message":"","name":"F:/mcp-brunella-core/test/browser_rendering.test.ts"},{"assertionResults":[{"ancestorTitles":["Checkpoint System (G2.1)","saveCheckpoint"],"fullName":"Checkpoint System (G2.1) saveCheckpoint should save a checkpoint and return row id","status":"passed","title":"should save a checkpoint and return row id","duration":6.396500000000003,"failureMessages":[],"meta":{}},{"ancestorTitles":["Checkpoint System (G2.1)","saveCheckpoint"],"fullName":"Checkpoint System (G2.1) saveCheckpoint should serialize state to JSON","status":"passed","title":"should serialize state to JSON","duration":0.869700000000023,"failureMessages":[],"meta":{}},{"ancestorTitles":["Checkpoint System (G2.1)","loadCheckpoint"],"fullName":"Checkpoint System (G2.1) loadCheckpoint should return latest checkpoint for task","status":"passed","title":"should return latest checkpoint for task","duration":0.5449999999999591,"failureMessages":[],"meta":{}},{"ancestorTitles":["Checkpoint System (G2.1)","loadCheckpoint"],"fullName":"Checkpoint System (G2.1) loadCheckpoint should return null for nonexistent task","status":"passed","title":"should return null for nonexistent task","duration":0.21139999999996917,"failureMessages":[],"meta":{}},{"ancestorTitles":["Checkpoint System (G2.1)","clearCheckpoints"],"fullName":"Checkpoint System (G2.1) clearCheckpoints should delete all checkpoints for a task","status":"passed","title":"should delete all checkpoints for a task","duration":0.38529999999997244,"failureMessages":[],"meta":{}},{"ancestorTitles":["Checkpoint System (G2.1)","loadAllCheckpoints"],"fullName":"Checkpoint System (G2.1) loadAllCheckpoints should return all checkpoints ordered by step","status":"passed","title":"should return all checkpoints ordered by step","duration":0.9431999999999903,"failureMessages":[],"meta":{}},{"ancestorTitles":["Checkpoint System (G2.1)","getCheckpointStats"],"fullName":"Checkpoint System (G2.1) getCheckpointStats should return stats","status":"passed","title":"should return stats","duration":0.43420000000003256,"failureMessages":[],"meta":{}}],"startTime":1771426961826,"endTime":1771426961836.434,"status":"passed","message":"","name":"F:/mcp-brunella-core/test/checkpoint.test.ts"},{"assertionResults":[{"ancestorTitles":["Phoenix Protocol v2 - Checkpoint Retention Policy","Checkpoint Cleanup"],"fullName":"Phoenix Protocol v2 - Checkpoint Retention Policy Checkpoint Cleanup should clean up checkpoints older than retention period","status":"passed","title":"should clean up checkpoints older than retention period","duration":18.090599999999995,"failureMessages":[],"meta":{}},{"ancestorTitles":["Phoenix Protocol v2 - Checkpoint Retention Policy","Checkpoint Cleanup"],"fullName":"Phoenix Protocol v2 - Checkpoint Retention Policy Checkpoint Cleanup should not delete checkpoints within retention period","status":"passed","title":"should not delete checkpoints within retention period","duration":4.639499999999998,"failureMessages":[],"meta":{}},{"ancestorTitles":["Phoenix Protocol v2 - Checkpoint Retention Policy","Checkpoint Cleanup"],"fullName":"Phoenix Protocol v2 - Checkpoint Retention Policy Checkpoint Cleanup should handle cleanup when no old checkpoints exist","status":"passed","title":"should handle cleanup when no old checkpoints exist","duration":4.132400000000018,"failureMessages":[],"meta":{}},{"ancestorTitles":["Phoenix Protocol v2 - Checkpoint Retention Policy","Checkpoint Cleanup"],"fullName":"Phoenix Protocol v2 - Checkpoint Retention Policy Checkpoint Cleanup should handle custom retention periods","status":"passed","title":"should handle custom retention periods","duration":6.283500000000004,"failureMessages":[],"meta":{}},{"ancestorTitles":["Phoenix Protocol v2 - Checkpoint Retention Policy","Checkpoint Cleanup"],"fullName":"Phoenix Protocol v2 - Checkpoint Retention Policy Checkpoint Cleanup should handle cleanup with no checkpoints in database","status":"passed","title":"should handle cleanup with no checkpoints in database","duration":4.569399999999973,"failureMessages":[],"meta":{}},{"ancestorTitles":["Phoenix Protocol v2 - Checkpoint Retention Policy","Checkpoint Stats After Cleanup"],"fullName":"Phoenix Protocol v2 - Checkpoint Retention Policy Checkpoint Stats After Cleanup should reflect correct stats after cleanup","status":"passed","title":"should reflect correct stats after cleanup","duration":7.634200000000021,"failureMessages":[],"meta":{}},{"ancestorTitles":["Phoenix Protocol v2 - Checkpoint Retention Policy","Cleanup Error Handling"],"fullName":"Phoenix Protocol v2 - Checkpoint Retention Policy Cleanup Error Handling should handle cleanup gracefully when database not initialized","status":"passed","title":"should handle cleanup gracefully when database not initialized","duration":11.431399999999996,"failureMessages":[],"meta":{}},{"ancestorTitles":["Phoenix Protocol v2 - Checkpoint Retention Policy","Real-World Scenarios"],"fullName":"Phoenix Protocol v2 - Checkpoint Retention Policy Real-World Scenarios should handle mixed checkpoint ages","status":"passed","title":"should handle mixed checkpoint ages","duration":5.9803,"failureMessages":[],"meta":{}}],"startTime":1771426955879,"endTime":1771426955941.9802,"status":"passed","message":"","name":"F:/mcp-brunella-core/test/checkpointRetention.test.ts"},{"assertionResults":[{"ancestorTitles":["CLI Config"],"fullName":"CLI Config getConfigManager returns a config manager","status":"passed","title":"getConfigManager returns a config manager","duration":1.658900000000017,"failureMessages":[],"meta":{}},{"ancestorTitles":["CLI Config"],"fullName":"CLI Config get(serverUrl) returns default or string","status":"passed","title":"get(serverUrl) returns default or string","duration":0.38659999999993033,"failureMessages":[],"meta":{}},{"ancestorTitles":["CLI Config"],"fullName":"CLI Config get(general.vimMode) returns boolean or undefined","status":"passed","title":"get(general.vimMode) returns boolean or undefined","duration":0.2238999999999578,"failureMessages":[],"meta":{}},{"ancestorTitles":["CLI Config"],"fullName":"CLI Config getAll returns an object with expected keys","status":"passed","title":"getAll returns an object with expected keys","duration":0.3264000000000351,"failureMessages":[],"meta":{}},{"ancestorTitles":["CLI Config"],"fullName":"CLI Config get(tools.approvalMode) returns allowed mode","status":"passed","title":"get(tools.approvalMode) returns allowed mode","duration":0.24349999999992633,"failureMessages":[],"meta":{}},{"ancestorTitles":["CLI Config"],"fullName":"CLI Config get(tools.exclude) returns array or undefined","status":"passed","title":"get(tools.exclude) returns array or undefined","duration":0.21739999999999782,"failureMessages":[],"meta":{}},{"ancestorTitles":["CLI Config"],"fullName":"CLI Config env override: BRUNELLA_TELEMETRY_ENABLED","status":"passed","title":"env override: BRUNELLA_TELEMETRY_ENABLED","duration":3.23599999999999,"failureMessages":[],"meta":{}},{"ancestorTitles":["CLI Config"],"fullName":"CLI Config legacy migration: flat user file becomes nested","status":"passed","title":"legacy migration: flat user file becomes nested","duration":4.341300000000047,"failureMessages":[],"meta":{}}],"startTime":1771426961939,"endTime":1771426961949.3413,"status":"passed","message":"","name":"F:/mcp-brunella-core/test/cli_config.test.ts"},{"assertionResults":[{"ancestorTitles":["Cloudflare Edge Integration"],"fullName":"Cloudflare Edge Integration should submit task successfully","status":"passed","title":"should submit task successfully","duration":10.391599999999926,"failureMessages":[],"meta":{}},{"ancestorTitles":["Cloudflare Edge Integration"],"fullName":"Cloudflare Edge Integration should handle submission errors","status":"passed","title":"should handle submission errors","duration":2.1368999999999687,"failureMessages":[],"meta":{}},{"ancestorTitles":["Cloudflare Edge Integration"],"fullName":"Cloudflare Edge Integration should fetch history","status":"passed","title":"should fetch history","duration":1.095700000000079,"failureMessages":[],"meta":{}},{"ancestorTitles":["Cloudflare Edge Integration"],"fullName":"Cloudflare Edge Integration should check status","status":"passed","title":"should check status","duration":1.0522000000000844,"failureMessages":[],"meta":{}}],"startTime":1771426961883,"endTime":1771426961898.0522,"status":"passed","message":"","name":"F:/mcp-brunella-core/test/cloudflare_integration.test.ts"},{"assertionResults":[{"ancestorTitles":["Cloudflare routes"],"fullName":"Cloudflare routes GET /api/cloudflare/status returns edge status","status":"passed","title":"GET /api/cloudflare/status returns edge status","duration":28.854299999999967,"failureMessages":[],"meta":{}},{"ancestorTitles":["Cloudflare routes"],"fullName":"Cloudflare routes POST /api/cloudflare/task returns 503 when edge disabled","status":"passed","title":"POST /api/cloudflare/task returns 503 when edge disabled","duration":20.36480000000006,"failureMessages":[],"meta":{}},{"ancestorTitles":["Cloudflare routes"],"fullName":"Cloudflare routes GET /api/cloudflare/status/:taskId returns 503 when edge disabled","status":"passed","title":"GET /api/cloudflare/status/:taskId returns 503 when edge disabled","duration":7.555100000000039,"failureMessages":[],"meta":{}},{"ancestorTitles":["Cloudflare routes"],"fullName":"Cloudflare routes POST /api/cloudflare/chat proxies message and returns assistant text","status":"passed","title":"POST /api/cloudflare/chat proxies message and returns assistant text","duration":46.13629999999989,"failureMessages":[],"meta":{}},{"ancestorTitles":["Cloudflare routes"],"fullName":"Cloudflare routes POST /api/cloudflare/chat returns 400 for missing instruction","status":"passed","title":"POST /api/cloudflare/chat returns 400 for missing instruction","duration":6.839500000000044,"failureMessages":[],"meta":{}},{"ancestorTitles":["Cloudflare routes","Edge enabled scenarios"],"fullName":"Cloudflare routes Edge enabled scenarios POST /api/cloudflare/task submits task when edge enabled","status":"passed","title":"POST /api/cloudflare/task submits task when edge enabled","duration":8.874299999999948,"failureMessages":[],"meta":{}},{"ancestorTitles":["Cloudflare routes","Edge enabled scenarios"],"fullName":"Cloudflare routes Edge enabled scenarios GET /api/cloudflare/status/:taskId returns task status when edge enabled","status":"passed","title":"GET /api/cloudflare/status/:taskId returns task status when edge enabled","duration":5.688800000000128,"failureMessages":[],"meta":{}},{"ancestorTitles":["Cloudflare routes","Edge enabled scenarios"],"fullName":"Cloudflare routes Edge enabled scenarios POST /api/cloudflare/task returns 400 for missing instruction","status":"passed","title":"POST /api/cloudflare/task returns 400 for missing instruction","duration":6.029300000000148,"failureMessages":[],"meta":{}},{"ancestorTitles":["Cloudflare routes","Edge enabled scenarios"],"fullName":"Cloudflare routes Edge enabled scenarios POST /api/cloudflare/task handles worker error gracefully","status":"passed","title":"POST /api/cloudflare/task handles worker error gracefully","duration":9.167099999999891,"failureMessages":[],"meta":{}}],"startTime":1771426958014,"endTime":1771426958154.167,"status":"passed","message":"","name":"F:/mcp-brunella-core/test/cloudflare_routes.test.ts"},{"assertionResults":[{"ancestorTitles":["codebaseIndexer","chunkContent"],"fullName":"codebaseIndexer chunkContent should create chunks from file content","status":"passed","title":"should create chunks from file content","duration":2.212199999999939,"failureMessages":[],"meta":{}},{"ancestorTitles":["codebaseIndexer","chunkContent"],"fullName":"codebaseIndexer chunkContent should handle empty content","status":"passed","title":"should handle empty content","duration":1.3777999999999793,"failureMessages":[],"meta":{}},{"ancestorTitles":["codebaseIndexer","chunkContent"],"fullName":"codebaseIndexer chunkContent should handle single line content","status":"passed","title":"should handle single line content","duration":0.47090000000002874,"failureMessages":[],"meta":{}},{"ancestorTitles":["codebaseIndexer","chunkContent"],"fullName":"codebaseIndexer chunkContent should respect chunk size parameter","status":"passed","title":"should respect chunk size parameter","duration":0.48649999999997817,"failureMessages":[],"meta":{}},{"ancestorTitles":["codebaseIndexer","chunkContent"],"fullName":"codebaseIndexer chunkContent should include overlap between consecutive chunks","status":"passed","title":"should include overlap between consecutive chunks","duration":0.5544999999999618,"failureMessages":[],"meta":{}},{"ancestorTitles":["codebaseIndexer","chunkContent"],"fullName":"codebaseIndexer chunkContent should use correct line numbers","status":"passed","title":"should use correct line numbers","duration":0.3160000000000309,"failureMessages":[],"meta":{}},{"ancestorTitles":["codebaseIndexer","types"],"fullName":"codebaseIndexer types should define IndexStats correctly","status":"passed","title":"should define IndexStats correctly","duration":0.4581999999999198,"failureMessages":[],"meta":{}},{"ancestorTitles":["codebaseIndexer","types"],"fullName":"codebaseIndexer types should define ChunkInfo correctly","status":"passed","title":"should define ChunkInfo correctly","duration":0.3669999999999618,"failureMessages":[],"meta":{}}],"startTime":1771426962962,"endTime":1771426962968.4583,"status":"passed","message":"","name":"F:/mcp-brunella-core/test/codebaseIndexer.test.ts"},{"assertionResults":[{"ancestorTitles":["CodeReviewEngine","reviewFile"],"fullName":"CodeReviewEngine reviewFile should review a file and return structured findings","status":"passed","title":"should review a file and return structured findings","duration":6.264799999999923,"failureMessages":[],"meta":{}},{"ancestorTitles":["CodeReviewEngine","reviewFile"],"fullName":"CodeReviewEngine reviewFile should handle file read errors gracefully","status":"passed","title":"should handle file read errors gracefully","duration":1.8052999999999884,"failureMessages":[],"meta":{}},{"ancestorTitles":["CodeReviewEngine","reviewFile"],"fullName":"CodeReviewEngine reviewFile should handle malformed LLM response","status":"passed","title":"should handle malformed LLM response","duration":0.6468999999999596,"failureMessages":[],"meta":{}},{"ancestorTitles":["CodeReviewEngine","reviewFile"],"fullName":"CodeReviewEngine reviewFile should clamp score between 0 and 100","status":"passed","title":"should clamp score between 0 and 100","duration":0.40989999999999327,"failureMessages":[],"meta":{}},{"ancestorTitles":["CodeReviewEngine","reviewFile"],"fullName":"CodeReviewEngine reviewFile should detect language from file extension","status":"passed","title":"should detect language from file extension","duration":0.31119999999998527,"failureMessages":[],"meta":{}},{"ancestorTitles":["CodeReviewEngine","reviewCode"],"fullName":"CodeReviewEngine reviewCode should review inline code","status":"passed","title":"should review inline code","duration":0.5960000000000036,"failureMessages":[],"meta":{}},{"ancestorTitles":["CodeReviewEngine","refactorFile"],"fullName":"CodeReviewEngine refactorFile should refactor a file with LLM and return changes","status":"passed","title":"should refactor a file with LLM and return changes","duration":0.6866999999999734,"failureMessages":[],"meta":{}},{"ancestorTitles":["CodeReviewEngine","refactorFile"],"fullName":"CodeReviewEngine refactorFile should handle refactored code without markdown wrapping","status":"passed","title":"should handle refactored code without markdown wrapping","duration":0.27700000000004366,"failureMessages":[],"meta":{}},{"ancestorTitles":["CodeReviewEngine","history"],"fullName":"CodeReviewEngine history should store reviews in history","status":"passed","title":"should store reviews in history","duration":0.6408999999999878,"failureMessages":[],"meta":{}},{"ancestorTitles":["CodeReviewEngine","history"],"fullName":"CodeReviewEngine history should limit history","status":"passed","title":"should limit history","duration":0.3224999999999909,"failureMessages":[],"meta":{}},{"ancestorTitles":["CodeReviewEngine","getAggregateStats"],"fullName":"CodeReviewEngine getAggregateStats should return zeros when no reviews exist","status":"passed","title":"should return zeros when no reviews exist","duration":0.31910000000004857,"failureMessages":[],"meta":{}},{"ancestorTitles":["CodeReviewEngine","getAggregateStats"],"fullName":"CodeReviewEngine getAggregateStats should compute aggregate stats across reviews","status":"passed","title":"should compute aggregate stats across reviews","duration":0.5756000000000085,"failureMessages":[],"meta":{}},{"ancestorTitles":["CodeReviewEngine","severity validation"],"fullName":"CodeReviewEngine severity validation should default invalid severity to info","status":"passed","title":"should default invalid severity to info","duration":0.2624000000000706,"failureMessages":[],"meta":{}}],"startTime":1771426961652,"endTime":1771426961665.5757,"status":"passed","message":"","name":"F:/mcp-brunella-core/test/code_review.test.ts"},{"assertionResults":[{"ancestorTitles":["TemplateEngine - P9 Code Scaffolding"],"fullName":"TemplateEngine - P9 Code Scaffolding should initialize with built-in templates","status":"passed","title":"should initialize with built-in templates","duration":3.226100000000031,"failureMessages":[],"meta":{}},{"ancestorTitles":["TemplateEngine - P9 Code Scaffolding"],"fullName":"TemplateEngine - P9 Code Scaffolding should retrieve specific template","status":"passed","title":"should retrieve specific template","duration":0.5889999999999986,"failureMessages":[],"meta":{}},{"ancestorTitles":["TemplateEngine - P9 Code Scaffolding"],"fullName":"TemplateEngine - P9 Code Scaffolding should return null for unknown template","status":"passed","title":"should return null for unknown template","duration":0.27769999999998163,"failureMessages":[],"meta":{}},{"ancestorTitles":["TemplateEngine - P9 Code Scaffolding"],"fullName":"TemplateEngine - P9 Code Scaffolding should generate files with variable replacement","status":"passed","title":"should generate files with variable replacement","duration":4.900300000000016,"failureMessages":[],"meta":{}},{"ancestorTitles":["TemplateEngine - P9 Code Scaffolding"],"fullName":"TemplateEngine - P9 Code Scaffolding should use default variable values","status":"passed","title":"should use default variable values","duration":0.5926000000000045,"failureMessages":[],"meta":{}},{"ancestorTitles":["TemplateEngine - P9 Code Scaffolding"],"fullName":"TemplateEngine - P9 Code Scaffolding should throw error when required variable is missing","status":"passed","title":"should throw error when required variable is missing","duration":1.696300000000008,"failureMessages":[],"meta":{}},{"ancestorTitles":["TemplateEngine - P9 Code Scaffolding"],"fullName":"TemplateEngine - P9 Code Scaffolding should preview generation without writing files","status":"passed","title":"should preview generation without writing files","duration":0.59050000000002,"failureMessages":[],"meta":{}},{"ancestorTitles":["TemplateEngine - P9 Code Scaffolding"],"fullName":"TemplateEngine - P9 Code Scaffolding should throw error if file exists and overwrite is false","status":"passed","title":"should throw error if file exists and overwrite is false","duration":0.46580000000000155,"failureMessages":[],"meta":{}},{"ancestorTitles":["TemplateEngine - P9 Code Scaffolding"],"fullName":"TemplateEngine - P9 Code Scaffolding should overwrite file if overwrite is true","status":"passed","title":"should overwrite file if overwrite is true","duration":0.365600000000029,"failureMessages":[],"meta":{}}],"startTime":1771426960519,"endTime":1771426960532.3655,"status":"passed","message":"","name":"F:/mcp-brunella-core/test/code_scaffold.test.ts"},{"assertionResults":[{"ancestorTitles":["Config Validation (P5)","ConfigSchema"],"fullName":"Config Validation (P5) ConfigSchema should validate with default values","status":"passed","title":"should validate with default values","duration":4.038700000000006,"failureMessages":[],"meta":{}},{"ancestorTitles":["Config Validation (P5)","ConfigSchema"],"fullName":"Config Validation (P5) ConfigSchema should parse port as number","status":"passed","title":"should parse port as number","duration":1.7081000000000017,"failureMessages":[],"meta":{}},{"ancestorTitles":["Config Validation (P5)","ConfigSchema"],"fullName":"Config Validation (P5) ConfigSchema should validate URL format for ollamaBaseUrl","status":"passed","title":"should validate URL format for ollamaBaseUrl","duration":3.557199999999966,"failureMessages":[],"meta":{}},{"ancestorTitles":["Config Validation (P5)","ConfigSchema"],"fullName":"Config Validation (P5) ConfigSchema should validate URL format for pythonBaseUrl","status":"passed","title":"should validate URL format for pythonBaseUrl","duration":2.0924999999999727,"failureMessages":[],"meta":{}},{"ancestorTitles":["Config Validation (P5)","ConfigSchema"],"fullName":"Config Validation (P5) ConfigSchema should enforce nodeEnv enum","status":"passed","title":"should enforce nodeEnv enum","duration":1.8870999999999754,"failureMessages":[],"meta":{}},{"ancestorTitles":["Config Validation (P5)","ConfigSchema"],"fullName":"Config Validation (P5) ConfigSchema should allow optional fields to be undefined","status":"passed","title":"should allow optional fields to be undefined","duration":1.448599999999999,"failureMessages":[],"meta":{}},{"ancestorTitles":["Config Validation (P5)","ConfigSchema"],"fullName":"Config Validation (P5) ConfigSchema should accept valid optional fields","status":"passed","title":"should accept valid optional fields","duration":1.341099999999983,"failureMessages":[],"meta":{}},{"ancestorTitles":["Config Validation (P5)","ConfigSchema"],"fullName":"Config Validation (P5) ConfigSchema should reject negative port numbers","status":"passed","title":"should reject negative port numbers","duration":1.5486999999999966,"failureMessages":[],"meta":{}},{"ancestorTitles":["Config Validation (P5)","ConfigSchema"],"fullName":"Config Validation (P5) ConfigSchema should reject non-integer port numbers","status":"passed","title":"should reject non-integer port numbers","duration":1.442100000000039,"failureMessages":[],"meta":{}},{"ancestorTitles":["Config Validation (P5)","Error Formatting"],"fullName":"Config Validation (P5) Error Formatting should provide clear error for invalid URL","status":"passed","title":"should provide clear error for invalid URL","duration":2.4628000000000156,"failureMessages":[],"meta":{}},{"ancestorTitles":["Config Validation (P5)","Error Formatting"],"fullName":"Config Validation (P5) Error Formatting should provide clear error for invalid enum","status":"passed","title":"should provide clear error for invalid enum","duration":2.9102000000000317,"failureMessages":[],"meta":{}},{"ancestorTitles":["Config Validation (P5)","Default Values"],"fullName":"Config Validation (P5) Default Values should use default geminiModel if not provided","status":"passed","title":"should use default geminiModel if not provided","duration":1.3205000000000382,"failureMessages":[],"meta":{}},{"ancestorTitles":["Config Validation (P5)","Default Values"],"fullName":"Config Validation (P5) Default Values should use default githubModel if not provided","status":"passed","title":"should use default githubModel if not provided","duration":1.306699999999978,"failureMessages":[],"meta":{}},{"ancestorTitles":["Config Validation (P5)","Default Values"],"fullName":"Config Validation (P5) Default Values should use process.cwd() as default workspaceRoot","status":"passed","title":"should use process.cwd() as default workspaceRoot","duration":1.3149999999999977,"failureMessages":[],"meta":{}},{"ancestorTitles":["Config Validation (P5)","Type Coercion"],"fullName":"Config Validation (P5) Type Coercion should coerce string port to number","status":"passed","title":"should coerce string port to number","duration":1.3360999999999876,"failureMessages":[],"meta":{}},{"ancestorTitles":["Config Validation (P5)","Type Coercion"],"fullName":"Config Validation (P5) Type Coercion should handle port from environment variable simulation","status":"passed","title":"should handle port from environment variable simulation","duration":1.2977000000000203,"failureMessages":[],"meta":{}}],"startTime":1771426959622,"endTime":1771426959654.2976,"status":"passed","message":"","name":"F:/mcp-brunella-core/test/configSchema.test.ts"},{"assertionResults":[{"ancestorTitles":["ContextBuilder","parseImports"],"fullName":"ContextBuilder parseImports should parse import-from statements","status":"passed","title":"should parse import-from statements","duration":3.394600000000082,"failureMessages":[],"meta":{}},{"ancestorTitles":["ContextBuilder","parseImports"],"fullName":"ContextBuilder parseImports should parse require() calls","status":"passed","title":"should parse require() calls","duration":0.7454999999999927,"failureMessages":[],"meta":{}},{"ancestorTitles":["ContextBuilder","parseImports"],"fullName":"ContextBuilder parseImports should resolve @/ alias to src/","status":"passed","title":"should resolve @/ alias to src/","duration":0.5896999999999935,"failureMessages":[],"meta":{}},{"ancestorTitles":["ContextBuilder","parseImports"],"fullName":"ContextBuilder parseImports should skip external packages","status":"passed","title":"should skip external packages","duration":1.6503000000000156,"failureMessages":[],"meta":{}},{"ancestorTitles":["ContextBuilder","getSiblingFiles"],"fullName":"ContextBuilder getSiblingFiles should return code files from same directory","status":"passed","title":"should return code files from same directory","duration":1.081199999999967,"failureMessages":[],"meta":{}},{"ancestorTitles":["ContextBuilder","getSiblingFiles"],"fullName":"ContextBuilder getSiblingFiles should exclude the target file itself","status":"passed","title":"should exclude the target file itself","duration":0.6314000000000988,"failureMessages":[],"meta":{}},{"ancestorTitles":["ContextBuilder","findTestPair"],"fullName":"ContextBuilder findTestPair should find test file for a source file in src/","status":"passed","title":"should find test file for a source file in src/","duration":0.8786000000000058,"failureMessages":[],"meta":{}},{"ancestorTitles":["ContextBuilder","findTestPair"],"fullName":"ContextBuilder findTestPair should find source file for a test file","status":"passed","title":"should find source file for a test file","duration":0.44859999999994216,"failureMessages":[],"meta":{}},{"ancestorTitles":["ContextBuilder","findTestPair"],"fullName":"ContextBuilder findTestPair should handle .spec. files","status":"passed","title":"should handle .spec. files","duration":0.5714000000000397,"failureMessages":[],"meta":{}},{"ancestorTitles":["ContextBuilder","gatherContext"],"fullName":"ContextBuilder gatherContext should gather imported files","status":"passed","title":"should gather imported files","duration":2.161799999999971,"failureMessages":[],"meta":{}},{"ancestorTitles":["ContextBuilder","gatherContext"],"fullName":"ContextBuilder gatherContext should respect maxFiles limit","status":"passed","title":"should respect maxFiles limit","duration":0.8669999999999618,"failureMessages":[],"meta":{}},{"ancestorTitles":["ContextBuilder","gatherContext"],"fullName":"ContextBuilder gatherContext should respect maxTotalSize limit","status":"passed","title":"should respect maxTotalSize limit","duration":0.6055999999999813,"failureMessages":[],"meta":{}},{"ancestorTitles":["ContextBuilder","gatherContext"],"fullName":"ContextBuilder gatherContext should include explicitly requested files","status":"passed","title":"should include explicitly requested files","duration":0.3832999999999629,"failureMessages":[],"meta":{}},{"ancestorTitles":["ContextBuilder","gatherContext"],"fullName":"ContextBuilder gatherContext should skip unreadable files gracefully","status":"passed","title":"should skip unreadable files gracefully","duration":0.495900000000006,"failureMessages":[],"meta":{}},{"ancestorTitles":["ContextBuilder","formatForPrompt"],"fullName":"ContextBuilder formatForPrompt should format context files as markdown code blocks","status":"passed","title":"should format context files as markdown code blocks","duration":0.383199999999988,"failureMessages":[],"meta":{}},{"ancestorTitles":["ContextBuilder","formatForPrompt"],"fullName":"ContextBuilder formatForPrompt should include truncation notice if truncated","status":"passed","title":"should include truncation notice if truncated","duration":0.20119999999997162,"failureMessages":[],"meta":{}},{"ancestorTitles":["ContextBuilder","formatForPrompt"],"fullName":"ContextBuilder formatForPrompt should return empty string for no files","status":"passed","title":"should return empty string for no files","duration":0.19650000000001455,"failureMessages":[],"meta":{}}],"startTime":1771426961690,"endTime":1771426961706.2012,"status":"passed","message":"","name":"F:/mcp-brunella-core/test/context_builder.test.ts"},{"assertionResults":[{"ancestorTitles":["Core Tools"],"fullName":"Core Tools should respond to ping","status":"passed","title":"should respond to ping","duration":5.917799999999261,"failureMessages":[],"meta":{}},{"ancestorTitles":["Core Tools"],"fullName":"Core Tools should list agents","status":"passed","title":"should list agents","duration":16.675000000000182,"failureMessages":[],"meta":{}},{"ancestorTitles":["Core Tools"],"fullName":"Core Tools should provide system metrics","status":"passed","title":"should provide system metrics","duration":36.21650000000045,"failureMessages":[],"meta":{}}],"startTime":1771426961646,"endTime":1771426961705.2166,"status":"passed","message":"","name":"F:/mcp-brunella-core/test/core_tools.test.ts"},{"assertionResults":[{"ancestorTitles":["CoverageAnalyzer","parseCoverageJson"],"fullName":"CoverageAnalyzer parseCoverageJson should parse valid coverage JSON","status":"passed","title":"should parse valid coverage JSON","duration":4.807099999999991,"failureMessages":[],"meta":{}},{"ancestorTitles":["CoverageAnalyzer","parseCoverageJson"],"fullName":"CoverageAnalyzer parseCoverageJson should compute 100% for metrics with zero total","status":"passed","title":"should compute 100% for metrics with zero total","duration":0.7649999999999864,"failureMessages":[],"meta":{}},{"ancestorTitles":["CoverageAnalyzer","parseCoverageJson"],"fullName":"CoverageAnalyzer parseCoverageJson should identify worst files sorted by line coverage","status":"passed","title":"should identify worst files sorted by line coverage","duration":0.8319000000000187,"failureMessages":[],"meta":{}},{"ancestorTitles":["CoverageAnalyzer","parseCoverageJson"],"fullName":"CoverageAnalyzer parseCoverageJson should return empty summary when file not found","status":"passed","title":"should return empty summary when file not found","duration":1.9378000000000384,"failureMessages":[],"meta":{}},{"ancestorTitles":["CoverageAnalyzer","parseCoverageJson"],"fullName":"CoverageAnalyzer parseCoverageJson should return empty summary for invalid JSON","status":"passed","title":"should return empty summary for invalid JSON","duration":0.40850000000000364,"failureMessages":[],"meta":{}},{"ancestorTitles":["CoverageAnalyzer","parseCoverageJson"],"fullName":"CoverageAnalyzer parseCoverageJson should compute uncovered lines correctly","status":"passed","title":"should compute uncovered lines correctly","duration":1.504699999999957,"failureMessages":[],"meta":{}},{"ancestorTitles":["CoverageAnalyzer","parseCoverageJson"],"fullName":"CoverageAnalyzer parseCoverageJson should respect worstFileLimit option","status":"passed","title":"should respect worstFileLimit option","duration":1.6300999999999704,"failureMessages":[],"meta":{}},{"ancestorTitles":["CoverageAnalyzer","parseCoverageJson"],"fullName":"CoverageAnalyzer parseCoverageJson should exclude files matching exclude patterns","status":"passed","title":"should exclude files matching exclude patterns","duration":0.5769999999999982,"failureMessages":[],"meta":{}},{"ancestorTitles":["CoverageAnalyzer","getLastSummary"],"fullName":"CoverageAnalyzer getLastSummary should return null when no coverage has been run","status":"passed","title":"should return null when no coverage has been run","duration":0.3209999999999127,"failureMessages":[],"meta":{}},{"ancestorTitles":["CoverageAnalyzer","getLastSummary"],"fullName":"CoverageAnalyzer getLastSummary should cache the last summary after parsing","status":"passed","title":"should cache the last summary after parsing","duration":0.48070000000006985,"failureMessages":[],"meta":{}},{"ancestorTitles":["CoverageAnalyzer","timestamps"],"fullName":"CoverageAnalyzer timestamps should include collectedAt timestamp","status":"passed","title":"should include collectedAt timestamp","duration":0.4094000000000051,"failureMessages":[],"meta":{}}],"startTime":1771426961187,"endTime":1771426961201.4807,"status":"passed","message":"","name":"F:/mcp-brunella-core/test/coverage_analysis.test.ts"},{"assertionResults":[{"ancestorTitles":["dashboard chat context builder"],"fullName":"dashboard chat context builder returns input only when history is empty","status":"passed","title":"returns input only when history is empty","duration":1.6958999999999378,"failureMessages":[],"meta":{}},{"ancestorTitles":["dashboard chat context builder"],"fullName":"dashboard chat context builder limits context to MAX_CONTEXT_MESSAGES","status":"passed","title":"limits context to MAX_CONTEXT_MESSAGES","duration":0.7894000000000005,"failureMessages":[],"meta":{}},{"ancestorTitles":["dashboard chat session store"],"fullName":"dashboard chat session store saves and restores chat session","status":"passed","title":"saves and restores chat session","duration":2.092300000000023,"failureMessages":[],"meta":{}},{"ancestorTitles":["dashboard chat session store"],"fullName":"dashboard chat session store returns null for invalid session payload","status":"passed","title":"returns null for invalid session payload","duration":0.3064999999999145,"failureMessages":[],"meta":{}}],"startTime":1771426963050,"endTime":1771426963056.3064,"status":"passed","message":"","name":"F:/mcp-brunella-core/test/dashboard_chat_lib.test.ts"},{"assertionResults":[{"ancestorTitles":["DataScientist Agent"],"fullName":"DataScientist Agent should analyze data when task contains \"analyze\"","status":"passed","title":"should analyze data when task contains \"analyze\"","duration":6.815700000000106,"failureMessages":[],"meta":{}},{"ancestorTitles":["DataScientist Agent"],"fullName":"DataScientist Agent should handle any task without error (defaults to analysis)","status":"passed","title":"should handle any task without error (defaults to analysis)","duration":1.1703999999999724,"failureMessages":[],"meta":{}},{"ancestorTitles":["DataScientist Agent"],"fullName":"DataScientist Agent should accept Hungarian \"elemz\" keyword","status":"passed","title":"should accept Hungarian \"elemz\" keyword","duration":1.0760999999999967,"failureMessages":[],"meta":{}},{"ancestorTitles":["DataScientist Agent"],"fullName":"DataScientist Agent should route \"clean\" tasks to refineData","status":"passed","title":"should route \"clean\" tasks to refineData","duration":0.84699999999998,"failureMessages":[],"meta":{}},{"ancestorTitles":["DataScientist Agent"],"fullName":"DataScientist Agent should route \"extract\" tasks to entity extraction","status":"passed","title":"should route \"extract\" tasks to entity extraction","duration":0.9074999999999136,"failureMessages":[],"meta":{}},{"ancestorTitles":["DataScientist Agent"],"fullName":"DataScientist Agent should return REJECTED when refiner returns null","status":"passed","title":"should return REJECTED when refiner returns null","duration":0.6557999999999993,"failureMessages":[],"meta":{}},{"ancestorTitles":["DataScientist Agent"],"fullName":"DataScientist Agent should use swarm context artifacts","status":"passed","title":"should use swarm context artifacts","duration":0.7406999999999471,"failureMessages":[],"meta":{}},{"ancestorTitles":["DataScientist Agent"],"fullName":"DataScientist Agent should have correct capabilities","status":"passed","title":"should have correct capabilities","duration":0.983600000000024,"failureMessages":[],"meta":{}},{"ancestorTitles":["DataScientist Agent"],"fullName":"DataScientist Agent should return error on unexpected exception","status":"passed","title":"should return error on unexpected exception","duration":1.2012999999999465,"failureMessages":[],"meta":{}}],"startTime":1771426961264,"endTime":1771426961279.2014,"status":"passed","message":"","name":"F:/mcp-brunella-core/test/data_refiner.test.ts"},{"assertionResults":[{"ancestorTitles":["Phoenix Protocol v2 - Graceful Degradation","Degradation Level Assessment"],"fullName":"Phoenix Protocol v2 - Graceful Degradation Degradation Level Assessment should report full functionality when all services healthy","status":"passed","title":"should report full functionality when all services healthy","duration":4.020899999999983,"failureMessages":[],"meta":{}},{"ancestorTitles":["Phoenix Protocol v2 - Graceful Degradation","Degradation Level Assessment"],"fullName":"Phoenix Protocol v2 - Graceful Degradation Degradation Level Assessment should handle Ollama failure with partial degradation","status":"passed","title":"should handle Ollama failure with partial degradation","duration":2.883199999999988,"failureMessages":[],"meta":{}},{"ancestorTitles":["Phoenix Protocol v2 - Graceful Degradation","Degradation Level Assessment"],"fullName":"Phoenix Protocol v2 - Graceful Degradation Degradation Level Assessment should handle FastAPI failure with partial degradation","status":"passed","title":"should handle FastAPI failure with partial degradation","duration":1.034400000000005,"failureMessages":[],"meta":{}},{"ancestorTitles":["Phoenix Protocol v2 - Graceful Degradation","Degradation Level Assessment"],"fullName":"Phoenix Protocol v2 - Graceful Degradation Degradation Level Assessment should handle Dashboard failure gracefully","status":"passed","title":"should handle Dashboard failure gracefully","duration":0.8747000000000185,"failureMessages":[],"meta":{}},{"ancestorTitles":["Phoenix Protocol v2 - Graceful Degradation","Degradation Level Assessment"],"fullName":"Phoenix Protocol v2 - Graceful Degradation Degradation Level Assessment should report critical degradation when both Ollama and FastAPI down","status":"passed","title":"should report critical degradation when both Ollama and FastAPI down","duration":1.2957999999999856,"failureMessages":[],"meta":{}},{"ancestorTitles":["Phoenix Protocol v2 - Graceful Degradation","Degradation Level Assessment"],"fullName":"Phoenix Protocol v2 - Graceful Degradation Degradation Level Assessment should report offline when 3+ services down","status":"passed","title":"should report offline when 3+ services down","duration":0.7024000000000115,"failureMessages":[],"meta":{}},{"ancestorTitles":["Phoenix Protocol v2 - Graceful Degradation","Service Availability Check"],"fullName":"Phoenix Protocol v2 - Graceful Degradation Service Availability Check should report all services available when healthy","status":"passed","title":"should report all services available when healthy","duration":0.3281000000000063,"failureMessages":[],"meta":{}},{"ancestorTitles":["Phoenix Protocol v2 - Graceful Degradation","Service Availability Check"],"fullName":"Phoenix Protocol v2 - Graceful Degradation Service Availability Check should report unavailable services correctly","status":"passed","title":"should report unavailable services correctly","duration":0.5061000000000035,"failureMessages":[],"meta":{}},{"ancestorTitles":["Phoenix Protocol v2 - Graceful Degradation","Service Availability Check"],"fullName":"Phoenix Protocol v2 - Graceful Degradation Service Availability Check should handle multiple unavailable services","status":"passed","title":"should handle multiple unavailable services","duration":0.5285000000000082,"failureMessages":[],"meta":{}},{"ancestorTitles":["Phoenix Protocol v2 - Graceful Degradation","Agent Operation Check"],"fullName":"Phoenix Protocol v2 - Graceful Degradation Agent Operation Check should al
[...]
y","duration":33.576799999999935,"failureMessages":[],"meta":{}},{"ancestorTitles":["SuggestedTasksScanner API Routes","DELETE /api/v1/suggested-tasks/:taskId"],"fullName":"SuggestedTasksScanner API Routes DELETE /api/v1/suggested-tasks/:taskId should return 404 for non-existent task","status":"passed","title":"should return 404 for non-existent task","duration":23.049199999999928,"failureMessages":[],"meta":{}},{"ancestorTitles":["SuggestedTasksScanner API Routes","Scanner Confidence Scoring"],"fullName":"SuggestedTasksScanner API Routes Scanner Confidence Scoring should assign higher confidence to critical keywords","status":"passed","title":"should assign higher confidence to critical keywords","duration":18.88670000000002,"failureMessages":[],"meta":{}}],"startTime":1771426956641,"endTime":1771426956974.8867,"status":"passed","message":"","name":"F:/mcp-brunella-core/test/suggestedTasks.test.ts"},{"assertionResults":[{"ancestorTitles":["swaggerSpec"],"fullName":"swaggerSpec includes metrics endpoint documentation","status":"passed","title":"includes metrics endpoint documentation","duration":1.7955999999999221,"failureMessages":[],"meta":{}},{"ancestorTitles":["swaggerSpec"],"fullName":"swaggerSpec includes route-level docs from server/routes files","status":"passed","title":"includes route-level docs from server/routes files","duration":0.3108999999999469,"failureMessages":[],"meta":{}}],"startTime":1771426963448,"endTime":1771426963450.3108,"status":"passed","message":"","name":"F:/mcp-brunella-core/test/swagger_spec.test.ts"},{"assertionResults":[{"ancestorTitles":["SwarmCoordinator Durable Object","swarmCoordinator.ts module"],"fullName":"SwarmCoordinator Durable Object swarmCoordinator.ts module should exist as a file","status":"passed","title":"should exist as a file","duration":1.9377000000000635,"failureMessages":[],"meta":{}},{"ancestorTitles":["SwarmCoordinator Durable Object","swarmCoordinator.ts module"],"fullName":"SwarmCoordinator Durable Object swarmCoordinator.ts module should export SwarmCoordinator class implementing DurableObject","status":"passed","title":"should export SwarmCoordinator class implementing DurableObject","duration":0.7027000000000498,"failureMessages":[],"meta":{}},{"ancestorTitles":["SwarmCoordinator Durable Object","swarmCoordinator.ts module"],"fullName":"SwarmCoordinator Durable Object swarmCoordinator.ts module should define SwarmSession interface with required fields","status":"passed","title":"should define SwarmSession interface with required fields","duration":0.9048000000000229,"failureMessages":[],"meta":{}},{"ancestorTitles":["SwarmCoordinator Durable Object","swarmCoordinator.ts module"],"fullName":"SwarmCoordinator Durable Object swarmCoordinator.ts module should handle /swarm/create endpoint","status":"passed","title":"should handle /swarm/create endpoint","duration":0.5265000000000555,"failureMessages":[],"meta":{}},{"ancestorTitles":["SwarmCoordinator Durable Object","swarmCoordinator.ts module"],"fullName":"SwarmCoordinator Durable Object swarmCoordinator.ts module should handle handoff endpoint","status":"passed","title":"should handle handoff endpoint","duration":0.45689999999990505,"failureMessages":[],"meta":{}},{"ancestorTitles":["SwarmCoordinator Durable Object","swarmCoordinator.ts module"],"fullName":"SwarmCoordinator Durable Object swarmCoordinator.ts module should handle artifact endpoint","status":"passed","title":"should handle artifact endpoint","duration":0.4149999999999636,"failureMessages":[],"meta":{}},{"ancestorTitles":["SwarmCoordinator Durable Object","swarmCoordinator.ts module"],"fullName":"SwarmCoordinator Durable Object swarmCoordinator.ts module should support WebSocket upgrade for real-time events","status":"passed","title":"should support WebSocket upgrade for real-time events","duration":0.4431999999999334,"failureMessages":[],"meta":{}},{"ancestorTitles":["SwarmCoordinator Durable Object","swarmCoordinator.ts module"],"fullName":"SwarmCoordinator Durable Object swarmCoordinator.ts module should persist sessions to Durable Object storage","status":"passed","title":"should persist sessions to Durable Object storage","duration":0.43439999999998236,"failureMessages":[],"meta":{}},{"ancestorTitles":["SwarmCoordinator Durable Object","Worker index.ts integration"],"fullName":"SwarmCoordinator Durable Object Worker index.ts integration should re-export SwarmCoordinator from index.ts","status":"passed","title":"should re-export SwarmCoordinator from index.ts","duration":0.5154999999999745,"failureMessages":[],"meta":{}},{"ancestorTitles":["SwarmCoordinator Durable Object","Worker index.ts integration"],"fullName":"SwarmCoordinator Durable Object Worker index.ts integration should have SWARM_COORDINATOR in Env interface","status":"passed","title":"should have SWARM_COORDINATOR in Env interface","duration":0.5115999999999303,"failureMessages":[],"meta":{}},{"ancestorTitles":["SwarmCoordinator Durable Object","Worker index.ts integration"],"fullName":"SwarmCoordinator Durable Object Worker index.ts integration should route /swarm/* to Durable Object","status":"passed","title":"should route /swarm/* to Durable Object","duration":0.5285999999999831,"failureMessages":[],"meta":{}},{"ancestorTitles":["SwarmCoordinator Durable Object","Worker index.ts integration"],"fullName":"SwarmCoordinator Durable Object Worker index.ts integration should list swarm endpoints in health check","status":"passed","title":"should list swarm endpoints in health check","duration":0.5148000000000366,"failureMessages":[],"meta":{}},{"ancestorTitles":["SwarmCoordinator Durable Object","wrangler.jsonc configuration"],"fullName":"SwarmCoordinator Durable Object wrangler.jsonc configuration should contain durable_objects binding for SwarmCoordinator","status":"passed","title":"should contain durable_objects binding for SwarmCoordinator","duration":0.44050000000004275,"failureMessages":[],"meta":{}},{"ancestorTitles":["SwarmCoordinator Durable Object","wrangler.jsonc configuration"],"fullName":"SwarmCoordinator Durable Object wrangler.jsonc configuration should define a migration tag for the DO class","status":"passed","title":"should define a migration tag for the DO class","duration":0.3673000000000002,"failureMessages":[],"meta":{}}],"startTime":1771426962282,"endTime":1771426962291.3672,"status":"passed","message":"","name":"F:/mcp-brunella-core/test/swarm_coordinator.test.ts"},{"assertionResults":[{"ancestorTitles":["taskDecomposerCore"],"fullName":"taskDecomposerCore decomposePreview creates at least one microtask","status":"passed","title":"decomposePreview creates at least one microtask","duration":2.6428999999999405,"failureMessages":[],"meta":{}},{"ancestorTitles":["taskDecomposerCore"],"fullName":"taskDecomposerCore defaults to sequential dependencies","status":"passed","title":"defaults to sequential dependencies","duration":1.2989000000000033,"failureMessages":[],"meta":{}},{"ancestorTitles":["taskDecomposerCore"],"fullName":"taskDecomposerCore detectCycle returns null for a normal chain","status":"passed","title":"detectCycle returns null for a normal chain","duration":0.288599999999974,"failureMessages":[],"meta":{}},{"ancestorTitles":["taskDecomposerCore"],"fullName":"taskDecomposerCore detectCycle finds a simple cycle","status":"passed","title":"detectCycle finds a simple cycle","duration":0.5453999999999724,"failureMessages":[],"meta":{}}],"startTime":1771426963073,"endTime":1771426963077.5454,"status":"passed","message":"","name":"F:/mcp-brunella-core/test/taskDecomposerCore.test.ts"},{"assertionResults":[{"ancestorTitles":["TaskQueueManager - P7 Queue"],"fullName":"TaskQueueManager - P7 Queue should add a task and return taskId","status":"passed","title":"should add a task and return taskId","duration":63.553000000000054,"failureMessages":[],"meta":{}},{"ancestorTitles":["TaskQueueManager - P7 Queue"],"fullName":"TaskQueueManager - P7 Queue should add task with custom priority","status":"passed","title":"should add task with custom priority","duration":0.5046999999999571,"failureMessages":[],"meta":{}},{"ancestorTitles":["TaskQueueManager - P7 Queue"],"fullName":"TaskQueueManager - P7 Queue should emit task:added event on addTask","status":"passed","title":"should emit task:added event on addTask","duration":3.2140000000000555,"failureMessages":[],"meta":{}},{"ancestorTitles":["TaskQueueManager - P7 Queue"],"fullName":"TaskQueueManager - P7 Queue should return null for non-existent taskId","status":"passed","title":"should return null for non-existent taskId","duration":0.3428000000000111,"failureMessages":[],"meta":{}},{"ancestorTitles":["TaskQueueManager - P7 Queue"],"fullName":"TaskQueueManager - P7 Queue should get all tasks (unsorted by default)","status":"passed","title":"should get all tasks (unsorted by default)","duration":0.4254999999999427,"failureMessages":[],"meta":{}},{"ancestorTitles":["TaskQueueManager - P7 Queue"],"fullName":"TaskQueueManager - P7 Queue should filter tasks by status","status":"passed","title":"should filter tasks by status","duration":0.5602999999999838,"failureMessages":[],"meta":{}},{"ancestorTitles":["TaskQueueManager - P7 Queue"],"fullName":"TaskQueueManager - P7 Queue should filter tasks by type","status":"passed","title":"should filter tasks by type","duration":0.5599000000000842,"failureMessages":[],"meta":{}},{"ancestorTitles":["TaskQueueManager - P7 Queue"],"fullName":"TaskQueueManager - P7 Queue should filter tasks by priority","status":"passed","title":"should filter tasks by priority","duration":0.3344000000000733,"failureMessages":[],"meta":{}},{"ancestorTitles":["TaskQueueManager - P7 Queue"],"fullName":"TaskQueueManager - P7 Queue should sort tasks by priority then age","status":"passed","title":"should sort tasks by priority then age","duration":41.80770000000007,"failureMessages":[],"meta":{}},{"ancestorTitles":["TaskQueueManager - P7 Queue"],"fullName":"TaskQueueManager - P7 Queue should cancel a queued task","status":"passed","title":"should cancel a queued task","duration":0.7183999999999742,"failureMessages":[],"meta":{}},{"ancestorTitles":["TaskQueueManager - P7 Queue"],"fullName":"TaskQueueManager - P7 Queue should cancel a running task","status":"passed","title":"should cancel a running task","duration":0.3388999999999669,"failureMessages":[],"meta":{}},{"ancestorTitles":["TaskQueueManager - P7 Queue"],"fullName":"TaskQueueManager - P7 Queue should NOT cancel already completed task","status":"passed","title":"should NOT cancel already completed task","duration":0.2820000000000391,"failureMessages":[],"meta":{}},{"ancestorTitles":["TaskQueueManager - P7 Queue"],"fullName":"TaskQueueManager - P7 Queue should emit task:cancelled event","status":"passed","title":"should emit task:cancelled event","duration":0.5790999999999258,"failureMessages":[],"meta":{}},{"ancestorTitles":["TaskQueueManager - P7 Queue"],"fullName":"TaskQueueManager - P7 Queue should retry a failed task","status":"passed","title":"should retry a failed task","duration":0.7932000000000698,"failureMessages":[],"meta":{}},{"ancestorTitles":["TaskQueueManager - P7 Queue"],"fullName":"TaskQueueManager - P7 Queue should NOT retry non-failed task","status":"passed","title":"should NOT retry non-failed task","duration":0.2686999999999671,"failureMessages":[],"meta":{}},{"ancestorTitles":["TaskQueueManager - P7 Queue"],"fullName":"TaskQueueManager - P7 Queue should NOT retry if maxRetries exceeded","status":"passed","title":"should NOT retry if maxRetries exceeded","duration":0.231899999999996,"failureMessages":[],"meta":{}},{"ancestorTitles":["TaskQueueManager - P7 Queue"],"fullName":"TaskQueueManager - P7 Queue should prioritize a queued task","status":"passed","title":"should prioritize a queued task","duration":0.30579999999997654,"failureMessages":[],"meta":{}},{"ancestorTitles":["TaskQueueManager - P7 Queue"],"fullName":"TaskQueueManager - P7 Queue should NOT prioritize non-queued task","status":"passed","title":"should NOT prioritize non-queued task","duration":0.27899999999999636,"failureMessages":[],"meta":{}},{"ancestorTitles":["TaskQueueManager - P7 Queue"],"fullName":"TaskQueueManager - P7 Queue should calculate correct stats","status":"passed","title":"should calculate correct stats","duration":0.7778999999999314,"failureMessages":[],"meta":{}},{"ancestorTitles":["TaskQueueManager - P7 Queue"],"fullName":"TaskQueueManager - P7 Queue should handle empty queue stats","status":"passed","title":"should handle empty queue stats","duration":0.2755000000000791,"failureMessages":[],"meta":{}},{"ancestorTitles":["TaskQueueManager - P7 Queue"],"fullName":"TaskQueueManager - P7 Queue should cleanup old tasks and keep recent","status":"passed","title":"should cleanup old tasks and keep recent","duration":0.43469999999990705,"failureMessages":[],"meta":{}},{"ancestorTitles":["TaskQueueManager - P7 Queue"],"fullName":"TaskQueueManager - P7 Queue should NOT cleanup queued or running tasks","status":"passed","title":"should NOT cleanup queued or running tasks","duration":0.42239999999992506,"failureMessages":[],"meta":{}},{"ancestorTitles":["TaskQueueManager - P7 Queue"],"fullName":"TaskQueueManager - P7 Queue should emit task:completed event on success","status":"passed","title":"should emit task:completed event on success","duration":0.5988999999999578,"failureMessages":[],"meta":{}},{"ancestorTitles":["TaskQueueManager - P7 Queue"],"fullName":"TaskQueueManager - P7 Queue should emit task:failed event on error","status":"passed","title":"should emit task:failed event on error","duration":0.5195999999999685,"failureMessages":[],"meta":{}},{"ancestorTitles":["TaskQueueManager - P7 Queue"],"fullName":"TaskQueueManager - P7 Queue should stop processing loop","status":"passed","title":"should stop processing loop","duration":0.2178000000000111,"failureMessages":[],"meta":{}}],"startTime":1771426957498,"endTime":1771426957617.2178,"status":"passed","message":"","name":"F:/mcp-brunella-core/test/task_queue.test.ts"},{"assertionResults":[{"ancestorTitles":["Telemetry Test"],"fullName":"Telemetry Test should initialize LangChain tracer","status":"passed","title":"should initialize LangChain tracer","duration":5.517699999999991,"failureMessages":[],"meta":{}}],"startTime":1771426963078,"endTime":1771426963083.5176,"status":"passed","message":"","name":"F:/mcp-brunella-core/test/telemetry.test.ts"},{"assertionResults":[{"ancestorTitles":["Tracks todos routes"],"fullName":"Tracks todos routes GET /api/v1/tracks/:trackId/todos parses checkbox todos","status":"passed","title":"GET /api/v1/tracks/:trackId/todos parses checkbox todos","duration":51.80529999999999,"failureMessages":[],"meta":{}},{"ancestorTitles":["Tracks todos routes"],"fullName":"Tracks todos routes PATCH /api/v1/tracks/:trackId/todos/:todoId toggles a line","status":"passed","title":"PATCH /api/v1/tracks/:trackId/todos/:todoId toggles a line","duration":70.74020000000019,"failureMessages":[],"meta":{}},{"ancestorTitles":["Tracks todos routes"],"fullName":"Tracks todos routes GET /api/v1/tracks/todos/active returns only active-ish tracks","status":"passed","title":"GET /api/v1/tracks/todos/active returns only active-ish tracks","duration":55.12670000000003,"failureMessages":[],"meta":{}}],"startTime":1771426958167,"endTime":1771426958345.1267,"status":"passed","message":"","name":"F:/mcp-brunella-core/test/tracks_todos_routes.test.ts"},{"assertionResults":[{"ancestorTitles":["TrackTodoParser","parseTrackTodos"],"fullName":"TrackTodoParser parseTrackTodos should parse track title","status":"passed","title":"should parse track title","duration":2.0553999999999633,"failureMessages":[],"meta":{}},{"ancestorTitles":["TrackTodoParser","parseTrackTodos"],"fullName":"TrackTodoParser parseTrackTodos should parse track status","status":"passed","title":"should parse track status","duration":0.4031999999999698,"failureMessages":[],"meta":{}},{"ancestorTitles":["TrackTodoParser","parseTrackTodos"],"fullName":"TrackTodoParser parseTrackTodos should parse all checkboxes","status":"passed","title":"should parse all checkboxes","duration":1.2034999999999627,"failureMessages":[],"meta":{}},{"ancestorTitles":["TrackTodoParser","parseTrackTodos"],"fullName":"TrackTodoParser parseTrackTodos should correctly identify completed state","status":"passed","title":"should correctly identify completed state","duration":0.43100000000004,"failureMessages":[],"meta":{}},{"ancestorTitles":["TrackTodoParser","parseTrackTodos"],"fullName":"TrackTodoParser parseTrackTodos should calculate progress correctly","status":"passed","title":"should calculate progress correctly","duration":0.24769999999989523,"failureMessages":[],"meta":{}},{"ancestorTitles":["TrackTodoParser","parseTrackTodos"],"fullName":"TrackTodoParser parseTrackTodos should generate stable IDs","status":"passed","title":"should generate stable IDs","duration":0.23139999999989413,"failureMessages":[],"meta":{}},{"ancestorTitles":["TrackTodoParser","parseTrackTodos"],"fullName":"TrackTodoParser parseTrackTodos should handle empty content","status":"passed","title":"should handle empty content","duration":0.34930000000008476,"failureMessages":[],"meta":{}},{"ancestorTitles":["TrackTodoParser","toggleTodoInContent"],"fullName":"TrackTodoParser toggleTodoInContent should toggle unchecked to checked","status":"passed","title":"should toggle unchecked to checked","duration":0.47699999999997544,"failureMessages":[],"meta":{}},{"ancestorTitles":["TrackTodoParser","toggleTodoInContent"],"fullName":"TrackTodoParser toggleTodoInContent should toggle checked to unchecked","status":"passed","title":"should toggle checked to unchecked","duration":0.24739999999997053,"failureMessages":[],"meta":{}},{"ancestorTitles":["TrackTodoParser","toggleTodoInContent"],"fullName":"TrackTodoParser toggleTodoInContent should preserve indentation","status":"passed","title":"should preserve indentation","duration":0.23739999999997963,"failureMessages":[],"meta":{}},{"ancestorTitles":["TrackTodoParser","toggleTodoInContent"],"fullName":"TrackTodoParser toggleTodoInContent should throw error for invalid line number","status":"passed","title":"should throw error for invalid line number","duration":1.0364000000000715,"failureMessages":[],"meta":{}},{"ancestorTitles":["TrackTodoParser","toggleTodoInContent"],"fullName":"TrackTodoParser toggleTodoInContent should throw error for non-checkbox line","status":"passed","title":"should throw error for non-checkbox line","duration":0.3105000000000473,"failureMessages":[],"meta":{}},{"ancestorTitles":["TrackTodoParser","findTodoLineNumber"],"fullName":"TrackTodoParser findTodoLineNumber should find correct line number by ID","status":"passed","title":"should find correct line number by ID","duration":0.5158999999999878,"failureMessages":[],"meta":{}},{"ancestorTitles":["TrackTodoParser","findTodoLineNumber"],"fullName":"TrackTodoParser findTodoLineNumber should throw error for non-existent ID","status":"passed","title":"should throw error for non-existent ID","duration":0.34019999999998163,"failureMessages":[],"meta":{}}],"startTime":1771426962960,"endTime":1771426962969.34,"status":"passed","message":"","name":"F:/mcp-brunella-core/test/trackTodoParser.test.ts"},{"assertionResults":[{"ancestorTitles":["Webhook Routes Integration"],"fullName":"Webhook Routes Integration should accept valid signature and process workflow failure","status":"passed","title":"should accept valid signature and process workflow failure","duration":71.73529999999994,"failureMessages":[],"meta":{}},{"ancestorTitles":["Webhook Routes Integration"],"fullName":"Webhook Routes Integration should reject invalid signature","status":"passed","title":"should reject invalid signature","duration":7.843999999999937,"failureMessages":[],"meta":{}}],"startTime":1771426958960,"endTime":1771426959039.844,"status":"passed","message":"","name":"F:/mcp-brunella-core/test/webhooks.test.ts"}]}