{"F:\\mcp-brunella-core\\bas-cloudflare-orchestrator\\src\\analyticsEngine.ts": {"path":"F:\\mcp-brunella-core\\bas-cloudflare-orchestrator\\src\\analyticsEngine.ts","all":false,"statementMap":{"43":{"start":{"line":44,"column":0},"end":{"line":44,"column":27}},"44":{"start":{"line":45,"column":0},"end":{"line":45,"column":73}},"60":{"start":{"line":61,"column":0},"end":{"line":61,"column":51}},"61":{"start":{"line":62,"column":0},"end":{"line":62,"column":30}},"63":{"start":{"line":64,"column":0},"end":{"line":64,"column":33}},"64":{"start":{"line":65,"column":0},"end":{"line":65,"column":14}},"65":{"start":{"line":66,"column":0},"end":{"line":66,"column":23}},"66":{"start":{"line":67,"column":0},"end":{"line":67,"column":24}},"67":{"start":{"line":68,"column":0},"end":{"line":68,"column":21}},"68":{"start":{"line":69,"column":0},"end":{"line":69,"column":22}},"69":{"start":{"line":70,"column":0},"end":{"line":70,"column":28}},"70":{"start":{"line":71,"column":0},"end":{"line":71,"column":8}},"71":{"start":{"line":72,"column":0},"end":{"line":72,"column":16}},"72":{"start":{"line":73,"column":0},"end":{"line":73,"column":26}},"73":{"start":{"line":74,"column":0},"end":{"line":74,"column":26}},"74":{"start":{"line":75,"column":0},"end":{"line":75,"column":37}},"75":{"start":{"line":76,"column":0},"end":{"line":76,"column":8}},"76":{"start":{"line":77,"column":0},"end":{"line":77,"column":32}},"77":{"start":{"line":78,"column":0},"end":{"line":78,"column":7}},"78":{"start":{"line":79,"column":0},"end":{"line":79,"column":3}},"89":{"start":{"line":90,"column":0},"end":{"line":90,"column":50}},"90":{"start":{"line":91,"column":0},"end":{"line":91,"column":30}},"92":{"start":{"line":93,"column":0},"end":{"line":93,"column":33}},"93":{"start":{"line":94,"column":0},"end":{"line":94,"column":42}},"94":{"start":{"line":95,"column":0},"end":{"line":95,"column":30}},"95":{"start":{"line":96,"column":0},"end":{"line":96,"column":29}},"96":{"start":{"line":97,"column":0},"end":{"line":97,"column":7}},"97":{"start":{"line":98,"column":0},"end":{"line":98,"column":3}},"102":{"start":{"line":103,"column":0},"end":{"line":103,"column":20}},"103":{"start":{"line":104,"column":0},"end":{"line":104,"column":22}},"104":{"start":{"line":105,"column":0},"end":{"line":105,"column":22}},"105":{"start":{"line":106,"column":0},"end":{"line":106,"column":27}},"106":{"start":{"line":107,"column":0},"end":{"line":107,"column":24}},"107":{"start":{"line":108,"column":0},"end":{"line":108,"column":28}},"108":{"start":{"line":109,"column":0},"end":{"line":109,"column":11}},"109":{"start":{"line":110,"column":0},"end":{"line":110,"column":30}},"111":{"start":{"line":112,"column":0},"end":{"line":112,"column":33}},"112":{"start":{"line":113,"column":0},"end":{"line":113,"column":40}},"113":{"start":{"line":114,"column":0},"end":{"line":114,"column":73}},"114":{"start":{"line":115,"column":0},"end":{"line":115,"column":25}},"115":{"start":{"line":116,"column":0},"end":{"line":116,"column":7}},"116":{"start":{"line":117,"column":0},"end":{"line":117,"column":3}},"121":{"start":{"line":122,"column":0},"end":{"line":122,"column":25}},"122":{"start":{"line":123,"column":0},"end":{"line":123,"column":18}},"123":{"start":{"line":124,"column":0},"end":{"line":124,"column":21}},"124":{"start":{"line":125,"column":0},"end":{"line":125,"column":23}},"125":{"start":{"line":126,"column":0},"end":{"line":126,"column":23}},"126":{"start":{"line":127,"column":0},"end":{"line":127,"column":21}},"127":{"start":{"line":128,"column":0},"end":{"line":128,"column":11}},"128":{"start":{"line":129,"column":0},"end":{"line":129,"column":30}},"130":{"start":{"line":131,"column":0},"end":{"line":131,"column":33}},"131":{"start":{"line":132,"column":0},"end":{"line":132,"column":64}},"132":{"start":{"line":133,"column":0},"end":{"line":133,"column":40}},"133":{"start":{"line":134,"column":0},"end":{"line":134,"column":23}},"134":{"start":{"line":135,"column":0},"end":{"line":135,"column":7}},"135":{"start":{"line":136,"column":0},"end":{"line":136,"column":3}},"141":{"start":{"line":142,"column":0},"end":{"line":142,"column":66}},"142":{"start":{"line":143,"column":0},"end":{"line":143,"column":43}},"143":{"start":{"line":144,"column":0},"end":{"line":144,"column":49}},"144":{"start":{"line":145,"column":0},"end":{"line":145,"column":54}},"145":{"start":{"line":146,"column":0},"end":{"line":146,"column":55}},"146":{"start":{"line":147,"column":0},"end":{"line":147,"column":44}},"147":{"start":{"line":148,"column":0},"end":{"line":148,"column":33}},"148":{"start":{"line":149,"column":0},"end":{"line":149,"column":6}},"150":{"start":{"line":151,"column":0},"end":{"line":151,"column":49}},"151":{"start":{"line":152,"column":0},"end":{"line":152,"column":76}},"152":{"start":{"line":153,"column":0},"end":{"line":153,"column":3}},"153":{"start":{"line":154,"column":0},"end":{"line":154,"column":1}}},"s":{"43":1,"44":1,"60":1,"61":0,"63":0,"64":0,"65":0,"66":0,"67":0,"68":0,"69":0,"70":0,"71":0,"72":0,"73":0,"74":0,"75":0,"76":0,"77":0,"78":0,"89":1,"90":0,"92":0,"93":0,"94":0,"95":0,"96":0,"97":0,"102":1,"103":0,"104":0,"105":0,"106":0,"107":0,"108":0,"109":0,"111":0,"112":0,"113":0,"114":0,"115":0,"116":0,"121":1,"122":0,"123":0,"124":0,"125":0,"126":0,"127":0,"128":0,"130":0,"131":0,"132":0,"133":0,"134":0,"135":0,"141":1,"142":0,"143":0,"144":0,"145":0,"146":0,"147":0,"148":0,"150":0,"151":0,"152":0,"153":1},"branchMap":{},"b":{},"fnMap":{"0":{"name":"BASAnalytics","decl":{"start":{"line":45,"column":2},"end":{"line":45,"column":73}},"loc":{"start":{"line":45,"column":2},"end":{"line":45,"column":73}},"line":45},"1":{"name":"recordAgentExecution","decl":{"start":{"line":61,"column":2},"end":{"line":79,"column":3}},"loc":{"start":{"line":61,"column":2},"end":{"line":79,"column":3}},"line":61},"2":{"name":"recordSystemMetric","decl":{"start":{"line":90,"column":2},"end":{"line":98,"column":3}},"loc":{"start":{"line":90,"column":2},"end":{"line":98,"column":3}},"line":90},"3":{"name":"recordQueueMetric","decl":{"start":{"line":103,"column":2},"end":{"line":117,"column":3}},"loc":{"start":{"line":103,"column":2},"end":{"line":117,"column":3}},"line":103},"4":{"name":"recordModelPerformance","decl":{"start":{"line":122,"column":2},"end":{"line":136,"column":3}},"loc":{"start":{"line":122,"column":2},"end":{"line":136,"column":3}},"line":122},"5":{"name":"estimateCost","decl":{"start":{"line":142,"column":9},"end":{"line":153,"column":3}},"loc":{"start":{"line":142,"column":9},"end":{"line":153,"column":3}},"line":142}},"f":{"0":0,"1":0,"2":0,"3":0,"4":0,"5":0}}
,"F:\\mcp-brunella-core\\bas-cloudflare-orchestrator\\src\\browser.ts": {"path":"F:\\mcp-brunella-core\\bas-cloudflare-orchestrator\\src\\browser.ts","all":true,"statementMap":{"1":{"start":{"line":2,"column":0},"end":{"line":2,"column":69}},"2":{"start":{"line":3,"column":0},"end":{"line":3,"column":41}},"3":{"start":{"line":4,"column":0},"end":{"line":4,"column":46}},"5":{"start":{"line":6,"column":0},"end":{"line":6,"column":7}},"8":{"start":{"line":9,"column":0},"end":{"line":9,"column":47}},"9":{"start":{"line":10,"column":0},"end":{"line":10,"column":41}},"11":{"start":{"line":12,"column":0},"end":{"line":12,"column":24}},"12":{"start":{"line":13,"column":0},"end":{"line":13,"column":24}},"14":{"start":{"line":15,"column":0},"end":{"line":15,"column":34}},"15":{"start":{"line":16,"column":0},"end":{"line":16,"column":46}},"16":{"start":{"line":17,"column":0},"end":{"line":17,"column":55}},"17":{"start":{"line":18,"column":0},"end":{"line":18,"column":82}},"18":{"start":{"line":19,"column":0},"end":{"line":19,"column":58}},"19":{"start":{"line":20,"column":0},"end":{"line":20,"column":12}},"22":{"start":{"line":23,"column":0},"end":{"line":23,"column":39}},"23":{"start":{"line":24,"column":0},"end":{"line":24,"column":33}},"24":{"start":{"line":25,"column":0},"end":{"line":25,"column":50}},"25":{"start":{"line":26,"column":0},"end":{"line":26,"column":14}},"27":{"start":{"line":28,"column":0},"end":{"line":28,"column":84}},"28":{"start":{"line":29,"column":0},"end":{"line":29,"column":7}},"30":{"start":{"line":31,"column":0},"end":{"line":31,"column":74}},"31":{"start":{"line":32,"column":0},"end":{"line":32,"column":82}},"32":{"start":{"line":33,"column":0},"end":{"line":33,"column":5}},"34":{"start":{"line":35,"column":0},"end":{"line":35,"column":26}},"36":{"start":{"line":37,"column":0},"end":{"line":37,"column":40}},"37":{"start":{"line":38,"column":0},"end":{"line":38,"column":27}},"38":{"start":{"line":39,"column":0},"end":{"line":39,"column":29}},"39":{"start":{"line":40,"column":0},"end":{"line":40,"column":57}},"40":{"start":{"line":41,"column":0},"end":{"line":41,"column":21}},"41":{"start":{"line":42,"column":0},"end":{"line":42,"column":9}},"42":{"start":{"line":43,"column":0},"end":{"line":43,"column":53}},"43":{"start":{"line":44,"column":0},"end":{"line":44,"column":7}},"45":{"start":{"line":46,"column":0},"end":{"line":46,"column":24}},"46":{"start":{"line":47,"column":0},"end":{"line":47,"column":83}},"47":{"start":{"line":48,"column":0},"end":{"line":48,"column":3}},"48":{"start":{"line":49,"column":0},"end":{"line":49,"column":1}}},"s":{"1":0,"2":0,"3":0,"5":0,"8":0,"9":0,"11":0,"12":0,"14":0,"15":0,"16":0,"17":0,"18":0,"19":0,"22":0,"23":0,"24":0,"25":0,"27":0,"28":0,"30":0,"31":0,"32":0,"34":0,"36":0,"37":0,"38":0,"39":0,"40":0,"41":0,"42":0,"43":0,"45":0,"46":0,"47":0,"48":0},"branchMap":{"0":{"type":"branch","line":1,"loc":{"start":{"line":1,"column":1742},"end":{"line":49,"column":1}},"locations":[{"start":{"line":1,"column":1742},"end":{"line":49,"column":1}}]}},"b":{"0":[1]},"fnMap":{"0":{"name":"(empty-report)","decl":{"start":{"line":1,"column":1742},"end":{"line":49,"column":1}},"loc":{"start":{"line":1,"column":1742},"end":{"line":49,"column":1}},"line":1}},"f":{"0":1}}
,"F:\\mcp-brunella-core\\bas-cloudflare-orchestrator\\src\\chat-sync-stub.ts": {"path":"F:\\mcp-brunella-core\\bas-cloudflare-orchestrator\\src\\chat-sync-stub.ts","all":true,"statementMap":{"9":{"start":{"line":10,"column":0},"end":{"line":10,"column":57}},"35":{"start":{"line":36,"column":0},"end":{"line":36,"column":16}},"36":{"start":{"line":37,"column":0},"end":{"line":37,"column":62}},"37":{"start":{"line":38,"column":0},"end":{"line":38,"column":37}},"38":{"start":{"line":39,"column":0},"end":{"line":39,"column":30}},"40":{"start":{"line":41,"column":0},"end":{"line":41,"column":25}},"41":{"start":{"line":42,"column":0},"end":{"line":42,"column":41}},"42":{"start":{"line":43,"column":0},"end":{"line":43,"column":59}},"43":{"start":{"line":44,"column":0},"end":{"line":44,"column":53}},"44":{"start":{"line":45,"column":0},"end":{"line":45,"column":6}},"46":{"start":{"line":47,"column":0},"end":{"line":47,"column":39}},"47":{"start":{"line":48,"column":0},"end":{"line":48,"column":58}},"48":{"start":{"line":49,"column":0},"end":{"line":49,"column":5}},"53":{"start":{"line":54,"column":0},"end":{"line":54,"column":64}},"54":{"start":{"line":55,"column":0},"end":{"line":55,"column":11}},"55":{"start":{"line":56,"column":0},"end":{"line":56,"column":53}},"56":{"start":{"line":57,"column":0},"end":{"line":57,"column":72}},"57":{"start":{"line":58,"column":0},"end":{"line":58,"column":16}},"58":{"start":{"line":59,"column":0},"end":{"line":59,"column":71}},"59":{"start":{"line":60,"column":0},"end":{"line":60,"column":24}},"60":{"start":{"line":61,"column":0},"end":{"line":61,"column":90}},"61":{"start":{"line":62,"column":0},"end":{"line":62,"column":7}},"62":{"start":{"line":63,"column":0},"end":{"line":63,"column":5}},"65":{"start":{"line":66,"column":0},"end":{"line":66,"column":65}},"66":{"start":{"line":67,"column":0},"end":{"line":67,"column":11}},"67":{"start":{"line":68,"column":0},"end":{"line":68,"column":58}},"68":{"start":{"line":69,"column":0},"end":{"line":69,"column":53}},"69":{"start":{"line":70,"column":0},"end":{"line":70,"column":102}},"70":{"start":{"line":71,"column":0},"end":{"line":71,"column":15}},"71":{"start":{"line":72,"column":0},"end":{"line":72,"column":19}},"72":{"start":{"line":73,"column":0},"end":{"line":73,"column":22}},"73":{"start":{"line":74,"column":0},"end":{"line":74,"column":33}},"74":{"start":{"line":75,"column":0},"end":{"line":75,"column":52}},"75":{"start":{"line":76,"column":0},"end":{"line":76,"column":59}},"76":{"start":{"line":77,"column":0},"end":{"line":77,"column":16}},"77":{"start":{"line":78,"column":0},"end":{"line":78,"column":103}},"78":{"start":{"line":79,"column":0},"end":{"line":79,"column":24}},"79":{"start":{"line":80,"column":0},"end":{"line":80,"column":90}},"80":{"start":{"line":81,"column":0},"end":{"line":81,"column":7}},"81":{"start":{"line":82,"column":0},"end":{"line":82,"column":5}},"89":{"start":{"line":90,"column":0},"end":{"line":90,"column":128}},"90":{"start":{"line":91,"column":0},"end":{"line":91,"column":3}},"91":{"start":{"line":92,"column":0},"end":{"line":92,"column":2}}},"s":{"9":0,"35":0,"36":0,"37":0,"38":0,"40":0,"41":0,"42":0,"43":0,"44":0,"46":0,"47":0,"48":0,"53":0,"54":0,"55":0,"56":0,"57":0,"58":0,"59":0,"60":0,"61":0,"62":0,"65":0,"66":0,"67":0,"68":0,"69":0,"70":0,"71":0,"72":0,"73":0,"74":0,"75":0,"76":0,"77":0,"78":0,"79":0,"80":0,"81":0,"89":0,"90":0,"91":0},"branchMap":{"0":{"type":"branch","line":1,"loc":{"start":{"line":1,"column":3104},"end":{"line":92,"column":2}},"locations":[{"start":{"line":1,"column":3104},"end":{"line":92,"column":2}}]}},"b":{"0":[1]},"fnMap":{"0":{"name":"(empty-report)","decl":{"start":{"line":1,"column":3104},"end":{"line":92,"column":2}},"loc":{"start":{"line":1,"column":3104},"end":{"line":92,"column":2}},"line":1}},"f":{"0":1}}
,"F:\\mcp-brunella-core\\bas-cloudflare-orchestrator\\src\\index.ts": {"path":"F:\\mcp-brunella-core\\bas-cloudflare-orchestrator\\src\\index.ts","all":false,"statementMap":{"8":{"start":{"line":9,"column":0},"end":{"line":9,"column":71}},"9":{"start":{"line":10,"column":0},"end":{"line":10,"column":57}},"10":{"start":{"line":11,"column":0},"end":{"line":11,"column":84}},"11":{"start":{"line":12,"column":0},"end":{"line":12,"column":53}},"12":{"start":{"line":13,"column":0},"end":{"line":13,"column":52}},"13":{"start":{"line":14,"column":0},"end":{"line":14,"column":8}},"86":{"start":{"line":87,"column":0},"end":{"line":87,"column":69}},"87":{"start":{"line":88,"column":0},"end":{"line":88,"column":53}},"88":{"start":{"line":89,"column":0},"end":{"line":89,"column":1}},"90":{"start":{"line":91,"column":0},"end":{"line":91,"column":63}},"91":{"start":{"line":92,"column":0},"end":{"line":92,"column":31}},"92":{"start":{"line":93,"column":0},"end":{"line":93,"column":52}},"93":{"start":{"line":94,"column":0},"end":{"line":94,"column":26}},"94":{"start":{"line":95,"column":0},"end":{"line":95,"column":5}},"95":{"start":{"line":96,"column":0},"end":{"line":96,"column":3}},"97":{"start":{"line":98,"column":0},"end":{"line":98,"column":19}},"98":{"start":{"line":99,"column":0},"end":{"line":99,"column":1}},"100":{"start":{"line":101,"column":0},"end":{"line":101,"column":59}},"101":{"start":{"line":102,"column":0},"end":{"line":102,"column":56}},"102":{"start":{"line":103,"column":0},"end":{"line":103,"column":1}},"104":{"start":{"line":105,"column":0},"end":{"line":105,"column":57}},"105":{"start":{"line":106,"column":0},"end":{"line":106,"column":81}},"106":{"start":{"line":107,"column":0},"end":{"line":107,"column":1}},"108":{"start":{"line":109,"column":0},"end":{"line":109,"column":51}},"109":{"start":{"line":110,"column":0},"end":{"line":110,"column":37}},"110":{"start":{"line":111,"column":0},"end":{"line":111,"column":1}},"112":{"start":{"line":113,"column":0},"end":{"line":113,"column":57}},"113":{"start":{"line":114,"column":0},"end":{"line":114,"column":67}},"114":{"start":{"line":115,"column":0},"end":{"line":115,"column":86}},"115":{"start":{"line":116,"column":0},"end":{"line":116,"column":1}},"117":{"start":{"line":118,"column":0},"end":{"line":118,"column":88}},"118":{"start":{"line":119,"column":0},"end":{"line":119,"column":56}},"119":{"start":{"line":120,"column":0},"end":{"line":120,"column":46}},"120":{"start":{"line":121,"column":0},"end":{"line":121,"column":54}},"121":{"start":{"line":122,"column":0},"end":{"line":122,"column":60}},"122":{"start":{"line":123,"column":0},"end":{"line":123,"column":48}},"123":{"start":{"line":124,"column":0},"end":{"line":124,"column":95}},"124":{"start":{"line":125,"column":0},"end":{"line":125,"column":3}},"125":{"start":{"line":126,"column":0},"end":{"line":126,"column":58}},"126":{"start":{"line":127,"column":0},"end":{"line":127,"column":65}},"127":{"start":{"line":128,"column":0},"end":{"line":128,"column":106}},"128":{"start":{"line":129,"column":0},"end":{"line":129,"column":15}},"129":{"start":{"line":130,"column":0},"end":{"line":130,"column":3}},"130":{"start":{"line":131,"column":0},"end":{"line":131,"column":13}},"131":{"start":{"line":132,"column":0},"end":{"line":132,"column":1}},"133":{"start":{"line":134,"column":0},"end":{"line":134,"column":58}},"134":{"start":{"line":135,"column":0},"end":{"line":135,"column":46}},"135":{"start":{"line":136,"column":0},"end":{"line":136,"column":98}},"136":{"start":{"line":137,"column":0},"end":{"line":137,"column":10}},"137":{"start":{"line":138,"column":0},"end":{"line":138,"column":47}},"138":{"start":{"line":139,"column":0},"end":{"line":139,"column":63}},"139":{"start":{"line":140,"column":0},"end":{"line":140,"column":41}},"140":{"start":{"line":141,"column":0},"end":{"line":141,"column":65}},"141":{"start":{"line":142,"column":0},"end":{"line":142,"column":49}},"142":{"start":{"line":143,"column":0},"end":{"line":143,"column":51}},"143":{"start":{"line":144,"column":0},"end":{"line":144,"column":55}},"144":{"start":{"line":145,"column":0},"end":{"line":145,"column":64}},"145":{"start":{"line":146,"column":0},"end":{"line":146,"column":44}},"146":{"start":{"line":147,"column":0},"end":{"line":147,"column":12}},"147":{"start":{"line":148,"column":0},"end":{"line":148,"column":4}},"148":{"start":{"line":149,"column":0},"end":{"line":149,"column":1}},"150":{"start":{"line":151,"column":0},"end":{"line":151,"column":100}},"151":{"start":{"line":152,"column":0},"end":{"line":152,"column":38}},"152":{"start":{"line":153,"column":0},"end":{"line":153,"column":70}},"154":{"start":{"line":155,"column":0},"end":{"line":155,"column":31}},"155":{"start":{"line":156,"column":0},"end":{"line":156,"column":84}},"156":{"start":{"line":157,"column":0},"end":{"line":157,"column":99}},"157":{"start":{"line":158,"column":0},"end":{"line":158,"column":85}},"158":{"start":{"line":159,"column":0},"end":{"line":159,"column":29}},"159":{"start":{"line":160,"column":0},"end":{"line":160,"column":3}},"161":{"start":{"line":162,"column":0},"end":{"line":162,"column":60}},"162":{"start":{"line":163,"column":0},"end":{"line":163,"column":61}},"163":{"start":{"line":164,"column":0},"end":{"line":164,"column":54}},"164":{"start":{"line":165,"column":0},"end":{"line":165,"column":59}},"165":{"start":{"line":166,"column":0},"end":{"line":166,"column":68}},"167":{"start":{"line":168,"column":0},"end":{"line":168,"column":19}},"168":{"start":{"line":169,"column":0},"end":{"line":169,"column":1}},"170":{"start":{"line":171,"column":0},"end":{"line":171,"column":28}},"171":{"start":{"line":172,"column":0},"end":{"line":172,"column":11}},"172":{"start":{"line":173,"column":0},"end":{"line":173,"column":16}},"173":{"start":{"line":174,"column":0},"end":{"line":174,"column":33}},"174":{"start":{"line":175,"column":0},"end":{"line":175,"column":21}},"175":{"start":{"line":176,"column":0},"end":{"line":176,"column":106}},"176":{"start":{"line":177,"column":0},"end":{"line":177,"column":42}},"177":{"start":{"line":178,"column":0},"end":{"line":178,"column":67}},"178":{"start":{"line":179,"column":0},"end":{"line":179,"column":3}},"180":{"start":{"line":181,"column":0},"end":{"line":181,"column":35}},"181":{"start":{"line":182,"column":0},"end":{"line":182,"column":1}},"183":{"start":{"line":184,"column":0},"end":{"line":184,"column":69}},"184":{"start":{"line":185,"column":0},"end":{"line":185,"column":86}},"185":{"start":{"line":186,"column":0},"end":{"line":186,"column":67}},"187":{"start":{"line":188,"column":0},"end":{"line":188,"column":41}},"188":{"start":{"line":189,"column":0},"end":{"line":189,"column":124}},"189":{"start":{"line":190,"column":0},"end":{"line":190,"column":3}},"191":{"start":{"line":192,"column":0},"end":{"line":192,"column":102}},"192":{"start":{"line":193,"column":0},"end":{"line":193,"column":12}},"193":{"start":{"line":194,"column":0},"end":{"line":194,"column":21}},"194":{"start":{"line":195,"column":0},"end":{"line":195,"column":29}},"195":{"start":{"line":196,"column":0},"end":{"line":196,"column":58}},"196":{"start":{"line":197,"column":0},"end":{"line":197,"column":64}},"197":{"start":{"line":198,"column":0},"end":{"line":198,"column":30}},"198":{"start":{"line":199,"column":0},"end":{"line":199,"column":6}},"199":{"start":{"line":200,"column":0},"end":{"line":200,"column":3}},"201":{"start":{"line":202,"column":0},"end":{"line":202,"column":105}},"202":{"start":{"line":203,"column":0},"end":{"line":203,"column":12}},"203":{"start":{"line":204,"column":0},"end":{"line":204,"column":21}},"204":{"start":{"line":205,"column":0},"end":{"line":205,"column":30}},"205":{"start":{"line":206,"column":0},"end":{"line":206,"column":59}},"206":{"start":{"line":207,"column":0},"end":{"line":207,"column":58}},"207":{"start":{"line":208,"column":0},"end":{"line":208,"column":30}},"208":{"start":{"line":209,"column":0},"end":{"line":209,"column":6}},"209":{"start":{"line":210,"column":0},"end":{"line":210,"column":3}},"211":{"start":{"line":212,"column":0},"end":{"line":212,"column":35}},"212":{"start":{"line":213,"column":0},"end":{"line":213,"column":36}},"213":{"start":{"line":214,"column":0},"end":{"line":214,"column":14}},"214":{"start":{"line":215,"column":0},"end":{"line":215,"column":23}},"215":{"start":{"line":216,"column":0},"end":{"line":216,"column":24}},"216":{"start":{"line":217,"column":0},"end":{"line":217,"column":53}},"217":{"start":{"line":218,"column":0},"end":{"line":218,"column":59}},"218":{"start":{"line":219,"column":0},"end":{"line":219,"column":31}},"219":{"start":{"line":220,"column":0},"end":{"line":220,"column":8}},"220":{"start":{"line":221,"column":0},"end":{"line":221,"column":5}},"222":{"start":{"line":223,"column":0},"end":{"line":223,"column":12}},"223":{"start":{"line":224,"column":0},"end":{"line":224,"column":21}},"224":{"start":{"line":225,"column":0},"end":{"line":225,"column":22}},"225":{"start":{"line":226,"column":0},"end":{"line":226,"column":51}},"226":{"start":{"line":227,"column":0},"end":{"line":227,"column":58}},"227":{"start":{"line":228,"column":0},"end":{"line":228,"column":30}},"228":{"start":{"line":229,"column":0},"end":{"line":229,"column":6}},"229":{"start":{"line":230,"column":0},"end":{"line":230,"column":3}},"231":{"start":{"line":232,"column":0},"end":{"line":232,"column":60}},"232":{"start":{"line":233,"column":0},"end":{"line":233,"column":12}},"233":{"start":{"line":234,"column":0},"end":{"line":234,"column":21}},"234":{"start":{"line":235,"column":0},"end":{"line":235,"column":25}},"235":{"start":{"line":236,"column":0},"end":{"line":236,"column":54}},"236":{"start":{"line":237,"column":0},"end":{"line":237,"column":71}},"237":{"start":{"line":238,"column":0},"end":{"line":238,"column":30}},"238":{"start":{"line":239,"column":0},"end":{"line":239,"column":6}},"239":{"start":{"line":240,"column":0},"end":{"line":240,"column":3}},"241":{"start":{"line":242,"column":0},"end":{"line":242,"column":42}},"242":{"start":{"line":243,"column":0},"end":{"line":243,"column":12}},"243":{"start":{"line":244,"column":0},"end":{"line":244,"column":21}},"244":{"start":{"line":245,"column":0},"end":{"line":245,"column":26}},"245":{"start":{"line":246,"column":0},"end":{"line":246,"column":55}},"246":{"start":{"line":247,"column":0},"end":{"line":247,"column":83}},"247":{"start":{"line":248,"column":0},"end":{"line":248,"column":30}},"248":{"start":{"line":249,"column":0},"end":{"line":249,"column":6}},"249":{"start":{"line":250,"column":0},"end":{"line":250,"column":3}},"251":{"start":{"line":252,"column":0},"end":{"line":252,"column":125}},"252":{"start":{"line":253,"column":0},"end":{"line":253,"column":1}},"254":{"start":{"line":255,"column":0},"end":{"line":255,"column":64}},"255":{"start":{"line":256,"column":0},"end":{"line":256,"column":32}},"256":{"start":{"line":257,"column":0},"end":{"line":257,"column":46}},"266":{"start":{"line":267,"column":0},"end":{"line":267,"column":10}},"267":{"start":{"line":268,"column":0},"end":{"line":268,"column":1}},"269":{"start":{"line":270,"column":0},"end":{"line":270,"column":86}},"270":{"start":{"line":271,"column":0},"end":{"line":271,"column":36}},"271":{"start":{"line":272,"column":0},"end":{"line":272,"column":122}},"272":{"start":{"line":273,"column":0},"end":{"line":273,"column":32}},"273":{"start":{"line":274,"column":0},"end":{"line":274,"column":106}},"275":{"start":{"line":276,"column":0},"end":{"line":276,"column":9}},"276":{"start":{"line":277,"column":0},"end":{"line":277,"column":7}},"277":{"start":{"line":278,"column":0},"end":{"line":278,"column":20}},"278":{"start":{"line":279,"column":0},"end":{"line":279,"column":19}},"279":{"start":{"line":280,"column":0},"end":{"line":280,"column":17}},"280":{"start":{"line":281,"column":0},"end":{"line":281,"column":17}},"281":{"start":{"line":282,"column":0},"end":{"line":282,"column":18}},"282":{"start":{"line":283,"column":0},"end":{"line":283,"column":20}},"283":{"start":{"line":284,"column":0},"end":{"line":284,"column":10}},"284":{"start":{"line":285,"column":0},"end":{"line":285,"column":1}},"286":{"start":{"line":287,"column":0},"end":{"line":287,"column":34}},"287":{"start":{"line":288,"column":0},"end":{"line":288,"column":11}},"288":{"start":{"line":289,"column":0},"end":{"line":289,"column":16}},"289":{"start":{"line":290,"column":0},"end":{"line":290,"column":15}},"290":{"start":{"line":291,"column":0},"end":{"line":291,"column":35}},"291":{"start":{"line":292,"column":0},"end":{"line":292,"column":20}},"292":{"start":{"line":293,"column":0},"end":{"line":293,"column":37}},"293":{"start":{"line":294,"column":0},"end":{"line":294,"column":48}},"294":{"start":{"line":295,"column":0},"end":{"line":295,"column":84}},"295":{"start":{"line":296,"column":0},"end":{"line":296,"column":48}},"297":{"start":{"line":298,"column":0},"end":{"line":298,"column":17}},"298":{"start":{"line":299,"column":0},"end":{"line":299,"column":99}},"299":{"start":{"line":300,"column":0},"end":{"line":300,"column":3}},"301":{"start":{"line":302,"column":0},"end":{"line":302,"column":32}},"302":{"start":{"line":303,"column":0},"end":{"line":303,"column":117}},"303":{"start":{"line":304,"column":0},"end":{"line":304,"column":90}},"305":{"start":{"line":306,"column":0},"end":{"line":306,"column":7}},"306":{"start":{"line":307,"column":0},"end":{"line":307,"column":92}},"307":{"start":{"line":308,"column":0},"end":{"line":308,"column":89}},"308":{"start":{"line":309,"column":0},"end":{"line":309,"column":26}},"309":{"start":{"line":310,"column":0},"end":{"line":310,"column":55}},"310":{"start":{"line":311,"column":0},"end":{"line":311,"column":5}},"312":{"start":{"line":313,"column":0},"end":{"line":313,"column":73}},"313":{"start":{"line":314,"column":0},"end":{"line":314,"column":21}},"314":{"start":{"line":315,"column":0},"end":{"line":315,"column":29}},"315":{"start":{"line":316,"column":0},"end":{"line":316,"column":64}},"316":{"start":{"line":317,"column":0},"end":{"line":317,"column":7}},"318":{"start":{"line":319,"column":0},"end":{"line":319,"column":58}},"320":{"start":{"line":321,"column":0},"end":{"line":321,"column":34}},"321":{"start":{"line":322,"column":0},"end":{"line":322,"column":112}},"322":{"start":{"line":323,"column":0},"end":{"line":323,"column":52}},"324":{"start":{"line":325,"column":0},"end":{"line":325,"column":85}},"325":{"start":{"line":326,"column":0},"end":{"line":326,"column":28}},"326":{"start":{"line":327,"column":0},"end":{"line":327,"column":75}},"327":{"start":{"line":328,"column":0},"end":{"line":328,"column":34}},"328":{"start":{"line":329,"column":0},"end":{"line":329,"column":108}},"329":{"start":{"line":330,"column":0},"end":{"line":330,"column":37}},"330":{"start":{"line":331,"column":0},"end":{"line":331,"column":59}},"331":{"start":{"line":332,"column":0},"end":{"line":332,"column":3}},"332":{"start":{"line":333,"column":0},"end":{"line":333,"column":1}},"334":{"start":{"line":335,"column":0},"end":{"line":335,"column":37}},"335":{"start":{"line":336,"column":0},"end":{"line":336,"column":11}},"336":{"start":{"line":337,"column":0},"end":{"line":337,"column":31}},"337":{"start":{"line":338,"column":0},"end":{"line":338,"column":29}},"338":{"start":{"line":339,"column":0},"end":{"line":339,"column":35}},"339":{"start":{"line":340,"column":0},"end":{"line":340,"column":20}},"340":{"start":{"line":341,"column":0},"end":{"line":341,"column":37}},"341":{"start":{"line":342,"column":0},"end":{"line":342,"column":36}},"342":{"start":{"line":343,"column":0},"end":{"line":343,"column":97}},"343":{"start":{"line":344,"column":0},"end":{"line":344,"column":3}},"345":{"start":{"line":346,"column":0},"end":{"line":346,"column":40}},"346":{"start":{"line":347,"column":0},"end":{"line":347,"column":75}},"347":{"start":{"line":348,"column":0},"end":{"line":348,"column":97}},"348":{"start":{"line":349,"column":0},"end":{"line":349,"column":74}},"349":{"start":{"line":350,"column":0},"end":{"line":350,"column":74}},"350":{"start":{"line":351,"column":0},"end":{"line":351,"column":3}},"352":{"start":{"line":353,"column":0},"end":{"line":353,"column":39}},"353":{"start":{"line":354,"column":0},"end":{"line":354,"column":104}},"354":{"start":{"line":355,"column":0},"end":{"line":355,"column":88}},"355":{"start":{"line":356,"column":0},"end":{"line":356,"column":39}},"356":{"start":{"line":357,"column":0},"end":{"line":357,"column":27}},"357":{"start":{"line":358,"column":0},"end":{"line":358,"column":18}},"358":{"start":{"line":359,"column":0},"end":{"line":359,"column":39}},"359":{"start":{"line":360,"column":0},"end":{"line":360,"column":25}},"360":{"start":{"line":361,"column":0},"end":{"line":361,"column":38}},"361":{"start":{"line":362,"column":0},"end":{"line":362,"column":42}},"362":{"start":{"line":363,"column":0},"end":{"line":363,"column":7}},"363":{"start":{"line":364,"column":0},"end":{"line":364,"column":113}},"364":{"start":{"line":365,"column":0},"end":{"line":365,"column":3}},"366":{"start":{"line":367,"column":0},"end":{"line":367,"column":36}},"367":{"start":{"line":368,"column":0},"end":{"line":368,"column":119}},"368":{"start":{"line":369,"column":0},"end":{"line":369,"column":65}},"369":{"start":{"line":370,"column":0},"end":{"line":370,"column":34}},"370":{"start":{"line":371,"column":0},"end":{"line":371,"column":94}},"371":{"start":{"line":372,"column":0},"end":{"line":372,"column":58}},"372":{"start":{"line":373,"column":0},"end":{"line":373,"column":5}},"374":{"start":{"line":375,"column":0},"end":{"line":375,"column":47}},"375":{"start":{"line":376,"column":0},"end":{"line":376,"column":49}},"376":{"start":{"line":377,"column":0},"end":{"line":377,"column":3}},"378":{"start":{"line":379,"column":0},"end":{"line":379,"column":36}},"379":{"start":{"line":380,"column":0},"end":{"line":380,"column":74}},"380":{"start":{"line":381,"column":0},"end":{"line":381,"column":15}},"381":{"start":{"line":382,"column":0},"end":{"line":382,"column":76}},"382":{"start":{"line":383,"column":0},"end":{"line":383,"column":5}},"384":{"start":{"line":385,"column":0},"end":{"line":385,"column":51}},"385":{"start":{"line":386,"column":0},"end":{"line":386,"column":71}},"386":{"start":{"line":387,"column":0},"end":{"line":387,"column":46}},"387":{"start":{"line":388,"column":0},"end":{"line":388,"column":112}},"388":{"start":{"line":389,"column":0},"end":{"line":389,"column":45}},"389":{"start":{"line":390,"column":0},"end":{"line":390,"column":46}},"390":{"start":{"line":391,"column":0},"end":{"line":391,"column":33}},"391":{"start":{"line":392,"column":0},"end":{"line":392,"column":3}},"393":{"start":{"line":394,"column":0},"end":{"line":394,"column":44}},"394":{"start":{"line":395,"column":0},"end":{"line":395,"column":102}},"395":{"start":{"line":396,"column":0},"end":{"line":396,"column":116}},"396":{"start":{"line":397,"column":0},"end":{"line":397,"column":69}},"397":{"start":{"line":398,"column":0},"end":{"line":398,"column":76}},"398":{"start":{"line":399,"column":0},"end":{"line":399,"column":43}},"399":{"start":{"line":400,"column":0},"end":{"line":400,"column":3}},"401":{"start":{"line":402,"column":0},"end":{"line":402,"column":43}},"402":{"start":{"line":403,"column":0},"end":{"line":403,"column":48}},"403":{"start":{"line":404,"column":0},"end":{"line":404,"column":22}},"404":{"start":{"line":405,"column":0},"end":{"line":405,"column":40}},"405":{"start":{"line":406,"column":0},"end":{"line":406,"column":27}},"406":{"start":{"line":407,"column":0},"end":{"line":407,"column":15}},"407":{"start":{"line":408,"column":0},"end":{"line":408,"column":18}},"408":{"start":{"line":409,"column":0},"end":{"line":409,"column":89}},"409":{"start":{"line":410,"column":0},"end":{"line":410,"column":5}},"411":{"start":{"line":412,"column":0},"end":{"line":412,"column":79}},"412":{"start":{"line":413,"column":0},"end":{"line":413,"column":26}},"413":{"start":{"line":414,"column":0},"end":{"line":414,"column":29}},"414":{"start":{"line":415,"column":0},"end":{"line":415,"column":70}},"415":{"start":{"line":416,"column":0},"end":{"line":416,"column":33}},"416":{"start":{"line":417,"column":0},"end":{"line":417,"column":3}},"418":{"start":{"line":419,"column":0},"end":{"line":419,"column":81}},"419":{"start":{"line":420,"column":0},"end":{"line":420,"column":1}},"421":{"start":{"line":422,"column":0},"end":{"line":422,"column":16}},"422":{"start":{"line":423,"column":0},"end":{"line":423,"column":62}},"423":{"start":{"line":424,"column":0},"end":{"line":424,"column":37}},"424":{"start":{"line":425,"column":0},"end":{"line":425,"column":30}},"426":{"start":{"line":427,"column":0},"end":{"line":427,"column":55}},"428":{"start":{"line":429,"column":0},"end":{"line":429,"column":39}},"429":{"start":{"line":430,"column":0},"end":{"line":430,"column":58}},"430":{"start":{"line":431,"column":0},"end":{"line":431,"column":5}},"432":{"start":{"line":433,"column":0},"end":{"line":433,"column":63}},"433":{"start":{"line":434,"column":0},"end":{"line":434,"column":25}},"434":{"start":{"line":435,"column":0},"end":{"line":435,"column":27}},"435":{"start":{"line":436,"column":0},"end":{"line":436,"column":36}},"436":{"start":{"line":437,"column":0},"end":{"line":437,"column":60}},"437":{"start":{"line":438,"column":0},"end":{"line":438,"column":8}},"438":{"start":{"line":439,"column":0},"end":{"line":439,"column":5}},"441":{"start":{"line":442,"column":0},"end":{"line":442,"column":66}},"442":{"start":{"line":443,"column":0},"end":{"line":443,"column":67}},"443":{"start":{"line":444,"column":0},"end":{"line":444,"column":52}},"444":{"start":{"line":445,"column":0},"end":{"line":445,"column":65}},"445":{"start":{"line":446,"column":0},"end":{"line":446,"column":48}},"446":{"start":{"line":447,"column":0},"end":{"line":447,"column":116}},"447":{"start":{"line":448,"column":0},"end":{"line":448,"column":35}},"449":{"start":{"line":450,"column":0},"end":{"line":450,"column":11}},"450":{"start":{"line":451,"column":0},"end":{"line":451,"column":96}},"451":{"start":{"line":452,"column":0},"end":{"line":452,"column":40}},"452":{"start":{"line":453,"column":0},"end":{"line":453,"column":53}},"453":{"start":{"line":454,"column":0},"end":{"line":454,"column":34}},"454":{"start":{"line":455,"column":0},"end":{"line":455,"column":34}},"455":{"start":{"line":456,"column":0},"end":{"line":456,"column":34}},"456":{"start":{"line":457,"column":0},"end":{"line":457,"column":40}},"457":{"start":{"line":458,"column":0},"end":{"line":458,"column":44}},"458":{"start":{"line":459,"column":0},"end":{"line":459,"column":11}},"459":{"start":{"line":460,"column":0},"end":{"line":460,"column":80}},"460":{"start":{"line":461,"column":0},"end":{"line":461,"column":32}},"461":{"start":{"line":462,"column":0},"end":{"line":462,"column":79}},"462":{"start":{"line":463,"column":0},"end":{"line":463,"column":40}},"463":{"start":{"line":464,"column":0},"end":{"line":464,"column":53}},"464":{"start":{"line":465,"column":0},"end":{"line":465,"column":34}},"465":{"start":{"line":466,"column":0},"end":{"line":466,"column":34}},"466":{"start":{"line":467,"column":0},"end":{"line":467,"column":59}},"467":{"start":{"line":468,"column":0},"end":{"line":468,"column":21}},"468":{"start":{"line":469,"column":0},"end":{"line":469,"column":44}},"469":{"start":{"line":470,"column":0},"end":{"line":470,"column":11}},"470":{"start":{"line":471,"column":0},"end":{"line":471,"column":98}},"471":{"start":{"line":472,"column":0},"end":{"line":472,"column":7}},"472":{"start":{"line":473,"column":0},"end":{"line":473,"column":5}},"475":{"start":{"line":476,"column":0},"end":{"line":476,"column":60}},"476":{"start":{"line":477,"column":0},"end":{"line":477,"column":47}},"477":{"start":{"line":478,"column":0},"end":{"line":478,"column":31}},"478":{"start":{"line":479,"column":0},"end":{"line":479,"column":27}},"479":{"start":{"line":480,"column":0},"end":{"line":480,"column":35}},"480":{"start":{"line":481,"column":0},"end":{"line":481,"column":39}},"482":{"start":{"line":483,"column":0},"end":{"line":483,"column":28}},"483":{"start":{"line":484,"column":0},"end":{"line":484,"column":106}},"484":{"start":{"line":485,"column":0},"end":{"line":485,"column":7}},"487":{"start":{"line":488,"column":0},"end":{"line":488,"column":36}},"489":{"start":{"line":490,"column":0},"end":{"line":490,"column":95}},"492":{"start":{"line":493,"column":0},"end":{"line":493,"column":52}},"493":{"start":{"line":494,"column":0},"end":{"line":494,"column":87}},"494":{"start":{"line":495,"column":0},"end":{"line":495,"column":52}},"496":{"start":{"line":497,"column":0},"end":{"line":497,"column":21}},"497":{"start":{"line":498,"column":0},"end":{"line":498,"column":146}},"498":{"start":{"line":499,"column":0},"end":{"line":499,"column":7}},"501":{"start":{"line":502,"column":0},"end":{"line":502,"column":36}},"502":{"start":{"line":503,"column":0},"end":{"line":503,"column":120}},"503":{"start":{"line":504,"column":0},"end":{"line":504,"column":90}},"507":{"start":{"line":508,"column":0},"end":{"line":508,"column":11}},"508":{"start":{"line":509,"column":0},"end":{"line":509,"column":96}},"509":{"start":{"line":510,"column":0},"end":{"line":510,"column":55}},"510":{"start":{"line":511,"column":0},"end":{"line":511,"column":45}},"511":{"start":{"line":512,"column":0},"end":{"line":512,"column":10}},"512":{"start":{"line":513,"column":0},"end":{"line":513,"column":30}},"513":{"start":{"line":514,"column":0},"end":{"line":514,"column":59}},"514":{"start":{"line":515,"column":0},"end":{"line":515,"column":9}},"516":{"start":{"line":517,"column":0},"end":{"line":517,"column":77}},"517":{"start":{"line":518,"column":0},"end":{"line":518,"column":25}},"518":{"start":{"line":519,"column":0},"end":{"line":519,"column":33}},"519":{"start":{"line":520,"column":0},"end":{"line":520,"column":74}},"520":{"start":{"line":521,"column":0},"end":{"line":521,"column":11}},"522":{"start":{"line":523,"column":0},"end":{"line":523,"column":58}},"525":{"start":{"line":526,"column":0},"end":{"line":526,"column":38}},"526":{"start":{"line":527,"column":0},"end":{"line":527,"column":115}},"527":{"start":{"line":528,"column":0},"end":{"line":528,"column":52}},"529":{"start":{"line":530,"column":0},"end":{"line":530,"column":137}},"530":{"start":{"line":531,"column":0},"end":{"line":531,"column":26}},"531":{"start":{"line":532,"column":0},"end":{"line":532,"column":38}},"532":{"start":{"line":533,"column":0},"end":{"line":533,"column":111}},"533":{"start":{"line":534,"column":0},"end":{"line":534,"column":41}},"535":{"start":{"line":536,"column":0},"end":{"line":536,"column":128}},"536":{"start":{"line":537,"column":0},"end":{"line":537,"column":7}},"537":{"start":{"line":538,"column":0},"end":{"line":538,"column":5}},"540":{"start":{"line":541,"column":0},"end":{"line":541,"column":58}},"541":{"start":{"line":542,"column":0},"end":{"line":542,"column":90}},"542":{"start":{"line":543,"column":0},"end":{"line":543,"column":70}},"543":{"start":{"line":544,"column":0},"end":{"line":544,"column":5}},"546":{"start":{"line":547,"column":0},"end":{"line":547,"column":58}},"547":{"start":{"line":548,"column":0},"end":{"line":548,"column":132}},"548":{"start":{"line":549,"column":0},"end":{"line":549,"column":70}},"549":{"start":{"line":550,"column":0},"end":{"line":550,"column":5}},"552":{"start":{"line":553,"column":0},"end":{"line":553,"column":102}},"553":{"start":{"line":554,"column":0},"end":{"line":554,"column":39}},"554":{"start":{"line":555,"column":0},"end":{"line":555,"column":37}},"555":{"start":{"line":556,"column":0},"end":{"line":556,"column":114}},"556":{"start":{"line":557,"column":0},"end":{"line":557,"column":147}},"557":{"start":{"line":558,"column":0},"end":{"line":558,"column":7}},"558":{"start":{"line":559,"column":0},"end":{"line":559,"column":38}},"559":{"start":{"line":560,"column":0},"end":{"line":560,"column":49}},"560":{"start":{"line":561,"column":0},"end":{"line":561,"column":38}},"561":{"start":{"line":562,"column":0},"end":{"line":562,"column":116}},"562":{"start":{"line":563,"column":0},"end":{"line":563,"column":98}},"563":{"start":{"line":564,"column":0},"end":{"line":564,"column":74}},"564":{"start":{"line":565,"column":0},"end":{"line":565,"column":7}},"565":{"start":{"line":566,"column":0},"end":{"line":566,"column":5}},"568":{"start":{"line":569,"column":0},"end":{"line":569,"column":36}},"569":{"start":{"line":570,"column":0},"end":{"line":570,"column":60}},"570":{"start":{"line":571,"column":0},"end":{"line":571,"column":49}},"571":{"start":{"line":572,"column":0},"end":{"line":572,"column":33}},"572":{"start":{"line":573,"column":0},"end":{"line":573,"column":5}},"575":{"start":{"line":576,"column":0},"end":{"line":576,"column":64}},"576":{"start":{"line":577,"column":0},"end":{"line":577,"column":47}},"577":{"start":{"line":578,"column":0},"end":{"line":578,"column":33}},"579":{"start":{"line":580,"column":0},"end":{"line":580,"column":25}},"580":{"start":{"line":581,"column":0},"end":{"line":581,"column":103}},"581":{"start":{"line":582,"column":0},"end":{"line":582,"column":7}},"584":{"start":{"line":585,"column":0},"end":{"line":585,"column":50}},"586":{"start":{"line":587,"column":0},"end":{"line":587,"column":84}},"587":{"start":{"line":588,"column":0},"end":{"line":588,"column":33}},"588":{"start":{"line":589,"column":0},"end":{"line":589,"column":15}},"589":{"start":{"line":590,"column":0},"end":{"line":590,"column":20}},"590":{"start":{"line":591,"column":0},"end":{"line":591,"column":37}},"591":{"start":{"line":592,"column":0},"end":{"line":592,"column":44}},"592":{"start":{"line":593,"column":0},"end":{"line":593,"column":32}},"593":{"start":{"line":594,"column":0},"end":{"line":594,"column":44}},"594":{"start":{"line":595,"column":0},"end":{"line":595,"column":8}},"596":{"start":{"line":597,"column":0},"end":{"line":597,"column":46}},"599":{"start":{"line":600,"column":0},"end":{"line":600,"column":60}},"600":{"start":{"line":601,"column":0},"end":{"line":601,"column":85}},"602":{"start":{"line":603,"column":0},"end":{"line":603,"column":121}},"603":{"start":{"line":604,"column":0},"end":{"line":604,"column":5}},"606":{"start":{"line":607,"column":0},"end":{"line":607,"column":40}},"607":{"start":{"line":608,"column":0},"end":{"line":608,"column":91}},"610":{"start":{"line":611,"column":0},"end":{"line":611,"column":37}},"611":{"start":{"line":612,"column":0},"end":{"line":612,"column":54}},"612":{"start":{"line":613,"column":0},"end":{"line":613,"column":39}},"613":{"start":{"line":614,"column":0},"end":{"line":614,"column":32}},"614":{"start":{"line":615,"column":0},"end":{"line":615,"column":23}},"615":{"start":{"line":616,"column":0},"end":{"line":616,"column":122}},"616":{"start":{"line":617,"column":0},"end":{"line":617,"column":9}},"617":{"start":{"line":618,"column":0},"end":{"line":618,"column":66}},"618":{"start":{"line":619,"column":0},"end":{"line":619,"column":95}},"619":{"start":{"line":620,"column":0},"end":{"line":620,"column":7}},"622":{"start":{"line":623,"column":0},"end":{"line":623,"column":38}},"623":{"start":{"line":624,"column":0},"end":{"line":624,"column":49}},"624":{"start":{"line":625,"column":0},"end":{"line":625,"column":39}},"625":{"start":{"line":626,"column":0},"end":{"line":626,"column":189}},"626":{"start":{"line":627,"column":0},"end":{"line":627,"column":23}},"627":{"start":{"line":628,"column":0},"end":{"line":628,"column":10}},"628":{"start":{"line":629,"column":0},"end":{"line":629,"column":76}},"629":{"start":{"line":630,"column":0},"end":{"line":630,"column":7}},"630":{"start":{"line":631,"column":0},"end":{"line":631,"column":5}},"633":{"start":{"line":634,"column":0},"end":{"line":634,"column":68}},"634":{"start":{"line":635,"column":0},"end":{"line":635,"column":28}},"635":{"start":{"line":636,"column":0},"end":{"line":636,"column":25}},"636":{"start":{"line":637,"column":0},"end":{"line":637,"column":39}},"637":{"start":{"line":638,"column":0},"end":{"line":638,"column":83}},"638":{"start":{"line":639,"column":0},"end":{"line":639,"column":17}},"639":{"start":{"line":640,"column":0},"end":{"line":640,"column":42}},"640":{"start":{"line":641,"column":0},"end":{"line":641,"column":44}},"641":{"start":{"line":642,"column":0},"end":{"line":642,"column":41}},"642":{"start":{"line":643,"column":0},"end":{"line":643,"column":31}},"643":{"start":{"line":644,"column":0},"end":{"line":644,"column":10}},"644":{"start":{"line":645,"column":0},"end":{"line":645,"column":35}},"645":{"start":{"line":646,"column":0},"end":{"line":646,"column":5}},"648":{"start":{"line":649,"column":0},"end":{"line":649,"column":71}},"649":{"start":{"line":650,"column":0},"end":{"line":650,"column":87}},"650":{"start":{"line":651,"column":0},"end":{"line":651,"column":97}},"651":{"start":{"line":652,"column":0},"end":{"line":652,"column":25}},"652":{"start":{"line":653,"column":0},"end":{"line":653,"column":35}},"654":{"start":{"line":655,"column":0},"end":{"line":655,"column":37}},"657":{"start":{"line":658,"column":0},"end":{"line":658,"column":93}},"659":{"start":{"line":660,"column":0},"end":{"line":660,"column":84}},"660":{"start":{"line":661,"column":0},"end":{"line":661,"column":5}},"662":{"start":{"line":663,"column":0},"end":{"line":663,"column":70}},"663":{"start":{"line":664,"column":0},"end":{"line":664,"column":48}},"664":{"start":{"line":665,"column":0},"end":{"line":665,"column":86}},"665":{"start":{"line":666,"column":0},"end":{"line":666,"column":104}},"667":{"start":{"line":668,"column":0},"end":{"line":668,"column":17}},"668":{"start":{"line":669,"column":0},"end":{"line":669,"column":128}},"669":{"start":{"line":670,"column":0},"end":{"line":670,"column":7}},"671":{"start":{"line":672,"column":0},"end":{"line":672,"column":28}},"672":{"start":{"line":673,"column":0},"end":{"line":673,"column":22}},"673":{"start":{"line":674,"column":0},"end":{"line":674,"column":36}},"674":{"start":{"line":675,"column":0},"end":{"line":675,"column":60}},"675":{"start":{"line":676,"column":0},"end":{"line":676,"column":35}},"676":{"start":{"line":677,"column":0},"end":{"line":677,"column":5}},"679":{"start":{"line":680,"column":0},"end":{"line":680,"column":64}},"680":{"start":{"line":681,"column":0},"end":{"line":681,"column":111}},"681":{"start":{"line":682,"column":0},"end":{"line":682,"column":69}},"682":{"start":{"line":683,"column":0},"end":{"line":683,"column":5}},"684":{"start":{"line":685,"column":0},"end":{"line":685,"column":65}},"685":{"start":{"line":686,"column":0},"end":{"line":686,"column":46}},"686":{"start":{"line":687,"column":0},"end":{"line":687,"column":36}},"687":{"start":{"line":688,"column":0},"end":{"line":688,"column":89}},"688":{"start":{"line":689,"column":0},"end":{"line":689,"column":109}},"689":{"start":{"line":690,"column":0},"end":{"line":690,"column":72}},"690":{"start":{"line":691,"column":0},"end":{"line":691,"column":5}},"693":{"start":{"line":694,"column":0},"end":{"line":694,"column":63}},"694":{"start":{"line":695,"column":0},"end":{"line":695,"column":67}},"695":{"start":{"line":696,"column":0},"end":{"line":696,"column":101}},"696":{"start":{"line":697,"column":0},"end":{"line":697,"column":69}},"697":{"start":{"line":698,"column":0},"end":{"line":698,"column":115}},"698":{"start":{"line":699,"column":0},"end":{"line":699,"column":35}},"700":{"start":{"line":701,"column":0},"end":{"line":701,"column":20}},"701":{"start":{"line":702,"column":0},"end":{"line":702,"column":101}},"702":{"start":{"line":703,"column":0},"end":{"line":703,"column":7}},"704":{"start":{"line":705,"column":0},"end":{"line":705,"column":11}},"705":{"start":{"line":706,"column":0},"end":{"line":706,"column":67}},"706":{"start":{"line":707,"column":0},"end":{"line":707,"column":78}},"707":{"start":{"line":708,"column":0},"end":{"line":708,"column":47}},"710":{"start":{"line":711,"column":0},"end":{"line":711,"column":38}},"711":{"start":{"line":712,"column":0},"end":{"line":712,"column":116}},"712":{"start":{"line":713,"column":0},"end":{"line":713,"column":110}},"714":{"start":{"line":715,"column":0},"end":{"line":715,"column":85}},"715":{"start":{"line":716,"column":0},"end":{"line":716,"column":32}},"716":{"start":{"line":717,"column":0},"end":{"line":717,"column":79}},"717":{"start":{"line":718,"column":0},"end":{"line":718,"column":47}},"719":{"start":{"line":720,"column":0},"end":{"line":720,"column":38}},"720":{"start":{"line":721,"column":0},"end":{"line":721,"column":112}},"721":{"start":{"line":722,"column":0},"end":{"line":722,"column":80}},"723":{"start":{"line":724,"column":0},"end":{"line":724,"column":99}},"724":{"start":{"line":725,"column":0},"end":{"line":725,"column":7}},"725":{"start":{"line":726,"column":0},"end":{"line":726,"column":5}},"728":{"start":{"line":729,"column":0},"end":{"line":729,"column":34}},"729":{"start":{"line":730,"column":0},"end":{"line":730,"column":37}},"730":{"start":{"line":731,"column":0},"end":{"line":731,"column":102}},"731":{"start":{"line":732,"column":0},"end":{"line":732,"column":71}},"732":{"start":{"line":733,"column":0},"end":{"line":733,"column":7}},"733":{"start":{"line":734,"column":0},"end":{"line":734,"column":38}},"734":{"start":{"line":735,"column":0},"end":{"line":735,"column":49}},"735":{"start":{"line":736,"column":0},"end":{"line":736,"column":50}},"736":{"start":{"line":737,"column":0},"end":{"line":737,"column":38}},"737":{"start":{"line":738,"column":0},"end":{"line":738,"column":93}},"738":{"start":{"line":739,"column":0},"end":{"line":739,"column":103}},"739":{"start":{"line":740,"column":0},"end":{"line":740,"column":91}},"740":{"start":{"line":741,"column":0},"end":{"line":741,"column":7}},"741":{"start":{"line":742,"column":0},"end":{"line":742,"column":5}},"743":{"start":{"line":744,"column":0},"end":{"line":744,"column":35}},"744":{"start":{"line":745,"column":0},"end":{"line":745,"column":37}},"745":{"start":{"line":746,"column":0},"end":{"line":746,"column":110}},"746":{"start":{"line":747,"column":0},"end":{"line":747,"column":71}},"747":{"start":{"line":748,"column":0},"end":{"line":748,"column":7}},"748":{"start":{"line":749,"column":0},"end":{"line":749,"column":38}},"749":{"start":{"line":750,"column":0},"end":{"line":750,"column":49}},"750":{"start":{"line":751,"column":0},"end":{"line":751,"column":50}},"751":{"start":{"line":752,"column":0},"end":{"line":752,"column":38}},"752":{"start":{"line":753,"column":0},"end":{"line":753,"column":129}},"753":{"start":{"line":754,"column":0},"end":{"line":754,"column":154}},"754":{"start":{"line":755,"column":0},"end":{"line":755,"column":91}},"755":{"start":{"line":756,"column":0},"end":{"line":756,"column":7}},"756":{"start":{"line":757,"column":0},"end":{"line":757,"column":5}},"759":{"start":{"line":760,"column":0},"end":{"line":760,"column":9}},"760":{"start":{"line":761,"column":0},"end":{"line":761,"column":60}},"761":{"start":{"line":762,"column":0},"end":{"line":762,"column":61}},"762":{"start":{"line":763,"column":0},"end":{"line":763,"column":76}},"763":{"start":{"line":764,"column":0},"end":{"line":764,"column":13}},"764":{"start":{"line":765,"column":0},"end":{"line":765,"column":29}},"765":{"start":{"line":766,"column":0},"end":{"line":766,"column":26}},"766":{"start":{"line":767,"column":0},"end":{"line":767,"column":26}},"767":{"start":{"line":768,"column":0},"end":{"line":768,"column":24}},"768":{"start":{"line":769,"column":0},"end":{"line":769,"column":66}},"769":{"start":{"line":770,"column":0},"end":{"line":770,"column":17}},"770":{"start":{"line":771,"column":0},"end":{"line":771,"column":42}},"771":{"start":{"line":772,"column":0},"end":{"line":772,"column":41}},"772":{"start":{"line":773,"column":0},"end":{"line":773,"column":31}},"773":{"start":{"line":774,"column":0},"end":{"line":774,"column":10}},"774":{"start":{"line":775,"column":0},"end":{"line":775,"column":20}},"775":{"start":{"line":776,"column":0},"end":{"line":776,"column":31}},"776":{"start":{"line":777,"column":0},"end":{"line":777,"column":41}},"777":{"start":{"line":778,"column":0},"end":{"line":778,"column":35}},"778":{"start":{"line":779,"column":0},"end":{"line":779,"column":21}},"779":{"start":{"line":780,"column":0},"end":{"line":780,"column":27}},"780":{"start":{"line":781,"column":0},"end":{"line":781,"column":10}},"781":{"start":{"line":782,"column":0},"end":{"line":782,"column":35}},"782":{"start":{"line":783,"column":0},"end":{"line":783,"column":5}},"783":{"start":{"line":784,"column":0},"end":{"line":784,"column":4}},"786":{"start":{"line":787,"column":0},"end":{"line":787,"column":74}},"787":{"start":{"line":788,"column":0},"end":{"line":788,"column":46}},"788":{"start":{"line":789,"column":0},"end":{"line":789,"column":4}},"789":{"start":{"line":790,"column":0},"end":{"line":790,"column":2}}},"s":{"8":1,"9":1,"10":1,"11":1,"12":1,"13":1,"86":2,"87":2,"88":2,"90":9,"91":9,"92":12,"93":5,"94":5,"95":12,"97":4,"98":4,"100":0,"101":0,"102":0,"104":0,"105":0,"106":0,"108":0,"109":0,"110":0,"112":0,"113":0,"114":0,"115":0,"117":0,"118":0,"119":0,"120":0,"121":0,"122":0,"123":0,"124":0,"125":0,"126":0,"127":0,"128":0,"129":0,"130":0,"131":0,"133":0,"134":0,"135":0,"136":0,"137":0,"138":0,"139":0,"140":0,"141":0,"142":0,"143":0,"144":0,"145":0,"146":0,"147":0,"148":0,"150":0,"151":0,"152":0,"154":0,"155":0,"156":0,"157":0,"158":0,"159":0,"161":0,"162":0,"163":0,"164":0,"165":0,"167":0,"168":0,"170":2,"171":2,"172":2,"173":2,"174":2,"175":2,"176":2,"177":0,"178":0,"180":2,"181":2,"183":0,"184":0,"185":0,"187":0,"188":0,"189":0,"191":0,"192":0,"193":0,"194":0,"195":0,"196":0,"197":0,"198":0,"199":0,"201":0,"202":0,"203":0,"204":0,"205":0,"206":0,"207":0,"208":0,"209":0,"211":0,"212":0,"213":0,"214":0,"215":0,"216":0,"217":0,"218":0,"219":0,"220":0,"222":0,"223":0,"224":0,"225":0,"226":0,"227":0,"228":0,"229":0,"231":0,"232":0,"233":0,"234":0,"235":0,"236":0,"237":0,"238":0,"239":0,"241":0,"242":0,"243":0,"244":0,"245":0,"246":0,"247":0,"248":0,"249":0,"251":0,"252":0,"254":0,"255":0,"256":0,"266":0,"267":0,"269":0,"270":0,"271":0,"272":0,"273":0,"275":0,"276":0,"277":0,"278":0,"279":0,"280":0,"281":0,"282":0,"283":0,"284":0,"286":0,"287":0,"288":0,"289":0,"290":0,"291":0,"292":0,"293":0,"294":0,"295":0,"297":0,"298":0,"299":0,"301":0,"302":0,"303":0,"305":0,"306":0,"307":0,"308":0,"309":0,"310":0,"312":0,"313":0,"314":0,"315":0,"316":0,"318":0,"320":0,"321":0,"322":0,"324":0,"325":0,"326":0,"327":0,"328":0,"329":0,"330":0,"331":0,"332":0,"334":0,"335":0,"336":0,"337":0,"338":0,"339":0,"340":0,"341":0,"342":0,"343":0,"345":0,"346":0,"347":0,"348":0,"349":0,"350":0,"352":0,"353":0,"354":0,"355":0,"356":0,"357":0,"358":0,"359":0,"360":0,"361":0,"362":0,"363":0,"364":0,"366":0,"367":0,"368":0,"369":0,"370":0,"371":0,"372":0,"374":0,"375":0,"376":0,"378":0,"379":0,"380":0,"381":0,"382":0,"384":0,"385":0,"386":0,"387":0,"388":0,"389":0,"390":0,"391":0,"393":0,"394":0,"395":0,"396":0,"397":0,"398":0,"399":0,"401":0,"402":0,"403":0,"404":0,"405":0,"406":0,"407":0,"408":0,"409":0,"411":0,"412":0,"413":0,"414":0,"415":0,"416":0,"418":0,"419":0,"421":1,"422":1,"423":8,"424":8,"426":8,"428":8,"429":0,"430":0,"432":8,"433":8,"434":0,"435":0,"436":0,"437":0,"438":0,"441":8,"442":0,"443":0,"444":0,"445":0,"446":0,"447":0,"449":0,"450":0,"451":0,"452":0,"453":0,"454":0,"455":0,"456":0,"457":0,"458":0,"459":0,"460":0,"461":0,"462":0,"463":0,"464":0,"465":0,"466":0,"467":0,"468":0,"469":0,"470":0,"471":0,"472":0,"475":8,"476":2,"477":2,"478":2,"479":2,"480":2,"482":2,"483":0,"484":0,"487":2,"489":2,"492":2,"493":2,"494":2,"496":2,"497":1,"498":1,"501":1,"502":1,"503":2,"507":1,"508":2,"509":2,"510":2,"511":2,"512":2,"513":1,"514":1,"516":1,"517":1,"518":1,"519":1,"520":1,"522":1,"525":1,"526":1,"527":1,"529":1,"530":2,"531":0,"532":0,"533":0,"535":0,"536":0,"537":2,"540":8,"541":0,"542":0,"543":0,"546":8,"547":0,"548":0,"549":0,"552":8,"553":0,"554":0,"555":0,"556":0,"557":0,"558":0,"559":0,"560":0,"561":0,"562":0,"563":0,"564":0,"565":0,"568":8,"569":0,"570":0,"571":0,"572":0,"575":8,"576":0,"577":0,"579":0,"580":0,"581":0,"584":0,"586":0,"587":0,"588":0,"589":0,"590":0,"591":0,"592":0,"593":0,"594":0,"596":0,"599":0,"600":0,"602":0,"603":0,"606":8,"607":0,"610":0,"611":0,"612":0,"613":0,"614":0,"615":0,"616":0,"617":0,"618":0,"619":0,"622":0,"623":0,"624":0,"625":0,"626":0,"627":0,"628":0,"629":0,"630":0,"633":8,"634":0,"635":0,"636":0,"637":0,"638":0,"639":0,"640":0,"641":0,"642":0,"643":0,"644":0,"645":0,"648":8,"649":0,"650":0,"651":0,"652":0,"654":0,"657":0,"659":0,"660":0,"662":8,"663":0,"664":0,"665":0,"667":0,"668":0,"669":0,"671":0,"672":0,"673":0,"674":0,"675":0,"676":0,"679":8,"680":0,"681":0,"682":0,"684":8,"685":0,"686":0,"687":0,"688":0,"689":0,"690":0,"693":8,"694":3,"695":3,"696":3,"697":3,"698":3,"700":3,"701":1,"702":1,"704":2,"705":3,"706":3,"707":1,"710":1,"711":1,"712":1,"714":1,"715":1,"716":1,"717":1,"719":1,"720":1,"721":1,"723":1,"724":1,"725":3,"728":8,"729":2,"730":1,"731":1,"732":1,"733":1,"734":1,"735":1,"736":1,"737":1,"738":1,"739":1,"740":1,"741":2,"743":1,"744":1,"745":0,"746":0,"747":0,"748":1,"749":1,"750":1,"751":1,"752":1,"753":1,"754":1,"755":1,"756":1,"759":0,"760":0,"761":0,"762":0,"763":0,"764":0,"765":0,"766":0,"767":0,"768":0,"769":0,"770":0,"771":0,"772":0,"773":0,"774":0,"775":0,"776":0,"777":0,"778":0,"779":0,"780":0,"781":0,"782":0,"783":8,"786":1,"787":0,"788":0,"789":1},"branchMap":{"0":{"type":"branch","line":87,"loc":{"start":{"line":87,"column":0},"end":{"line":89,"column":1}},"locations":[{"start":{"line":87,"column":0},"end":{"line":89,"column":1}}]},"1":{"type":"branch","line":88,"loc":{"start":{"line":88,"column":26},"end":{"line":88,"column":53}},"locations":[{"start":{"line":88,"column":26},"end":{"line":88,"column":53}}]},"2":{"type":"branch","line":91,"loc":{"start":{"line":91,"column":0},"end":{"line":99,"column":1}},"locations":[{"start":{"line":91,"column":0},"end":{"line":99,"column":1}}]},"3":{"type":"branch","line":92,"loc":{"start":{"line":92,"column":30},"end":{"line":96,"column":3}},"locations":[{"start":{"line":92,"column":30},"end":{"line":96,"column":3}}]},"4":{"type":"branch","line":93,"loc":{"start":{"line":93,"column":25},"end":{"line":93,"column":51}},"locations":[{"start":{"line":93,"column":25},"end":{"line":93,"column":51}}]},"5":{"type":"branch","line":93,"loc":{"start":{"line":93,"column":51},"end":{"line":95,"column":5}},"locations":[{"start":{"line":93,"column":51},"end":{"line":95,"column":5}}]},"6":{"type":"branch","line":96,"loc":{"start":{"line":96,"column":2},"end":{"line":99,"column":1}},"locations":[{"start":{"line":96,"column":2},"end":{"line":99,"column":1}}]},"7":{"type":"branch","line":171,"loc":{"start":{"line":171,"column":0},"end":{"line":182,"column":1}},"locations":[{"start":{"line":171,"column":0},"end":{"line":182,"column":1}}]},"8":{"type":"branch","line":177,"loc":{"start":{"line":177,"column":41},"end":{"line":179,"column":3}},"locations":[{"start":{"line":177,"column":41},"end":{"line":179,"column":3}}]},"9":{"type":"branch","line":423,"loc":{"start":{"line":423,"column":2},"end":{"line":784,"column":4}},"locations":[{"start":{"line":423,"column":2},"end":{"line":784,"column":4}}]},"10":{"type":"branch","line":429,"loc":{"start":{"line":429,"column":38},"end":{"line":431,"column":5}},"locations":[{"start":{"line":429,"column":38},"end":{"line":431,"column":5}}]},"11":{"type":"branch","line":434,"loc":{"start":{"line":434,"column":24},"end":{"line":439,"column":5}},"locations":[{"start":{"line":434,"column":24},"end":{"line":439,"column":5}}]},"12":{"type":"branch","line":442,"loc":{"start":{"line":442,"column":17},"end":{"line":442,"column":65}},"locations":[{"start":{"line":442,"column":17},"end":{"line":442,"column":65}}]},"13":{"type":"branch","line":442,"loc":{"start":{"line":442,"column":65},"end":{"line":473,"column":5}},"locations":[{"start":{"line":442,"column":65},"end":{"line":473,"column":5}}]},"14":{"type":"branch","line":476,"loc":{"start":{"line":476,"column":17},"end":{"line":476,"column":59}},"locations":[{"start":{"line":476,"column":17},"end":{"line":476,"column":59}}]},"15":{"type":"branch","line":476,"loc":{"start":{"line":476,"column":59},"end":{"line":538,"column":5}},"locations":[{"start":{"line":476,"column":59},"end":{"line":538,"column":5}}]},"16":{"type":"branch","line":483,"loc":{"start":{"line":483,"column":27},"end":{"line":485,"column":7}},"locations":[{"start":{"line":483,"column":27},"end":{"line":485,"column":7}}]},"17":{"type":"branch","line":497,"loc":{"start":{"line":497,"column":20},"end":{"line":504,"column":81}},"locations":[{"start":{"line":497,"column":20},"end":{"line":504,"column":81}}]},"18":{"type":"branch","line":504,"loc":{"start":{"line":504,"column":88},"end":{"line":509,"column":51}},"locations":[{"start":{"line":504,"column":88},"end":{"line":509,"column":51}}]},"19":{"type":"branch","line":509,"loc":{"start":{"line":509,"column":36},"end":{"line":509,"column":71}},"locations":[{"start":{"line":509,"column":36},"end":{"line":509,"column":71}}]},"20":{"type":"branch","line":509,"loc":{"start":{"line":509,"column":55},"end":{"line":509,"column":96}},"locations":[{"start":{"line":509,"column":55},"end":{"line":509,"column":96}}]},"21":{"type":"branch","line":513,"loc":{"start":{"line":513,"column":29},"end":{"line":531,"column":15}},"locations":[{"start":{"line":513,"column":29},"end":{"line":531,"column":15}}]},"22":{"type":"branch","line":531,"loc":{"start":{"line":531,"column":6},"end":{"line":537,"column":7}},"locations":[{"start":{"line":531,"column":6},"end":{"line":537,"column":7}}]},"23":{"type":"branch","line":538,"loc":{"start":{"line":538,"column":4},"end":{"line":541,"column":31}},"locations":[{"start":{"line":538,"column":4},"end":{"line":541,"column":31}}]},"24":{"type":"branch","line":541,"loc":{"start":{"line":541,"column":17},"end":{"line":541,"column":57}},"locations":[{"start":{"line":541,"column":17},"end":{"line":541,"column":57}}]},"25":{"type":"branch","line":541,"loc":{"start":{"line":541,"column":57},"end":{"line":544,"column":5}},"locations":[{"start":{"line":541,"column":57},"end":{"line":544,"column":5}}]},"26":{"type":"branch","line":544,"loc":{"start":{"line":544,"column":4},"end":{"line":547,"column":31}},"locations":[{"start":{"line":544,"column":4},"end":{"line":547,"column":31}}]},"27":{"type":"branch","line":547,"loc":{"start":{"line":547,"column":17},"end":{"line":547,"column":57}},"locations":[{"start":{"line":547,"column":17},"end":{"line":547,"column":57}}]},"28":{"type":"branch","line":547,"loc":{"start":{"line":547,"column":57},"end":{"line":550,"column":5}},"locations":[{"start":{"line":547,"column":57},"end":{"line":550,"column":5}}]},"29":{"type":"branch","line":550,"loc":{"start":{"line":550,"column":4},"end":{"line":553,"column":45}},"locations":[{"start":{"line":550,"column":4},"end":{"line":553,"column":45}}]},"30":{"type":"branch","line":553,"loc":{"start":{"line":553,"column":39},"end":{"line":553,"column":101}},"locations":[{"start":{"line":553,"column":39},"end":{"line":553,"column":101}}]},"31":{"type":"branch","line":553,"loc":{"start":{"line":553,"column":101},"end":{"line":566,"column":5}},"locations":[{"start":{"line":553,"column":101},"end":{"line":566,"column":5}}]},"32":{"type":"branch","line":566,"loc":{"start":{"line":566,"column":4},"end":{"line":569,"column":35}},"locations":[{"start":{"line":566,"column":4},"end":{"line":569,"column":35}}]},"33":{"type":"branch","line":569,"loc":{"start":{"line":569,"column":35},"end":{"line":573,"column":5}},"locations":[{"start":{"line":569,"column":35},"end":{"line":573,"column":5}}]},"34":{"type":"branch","line":573,"loc":{"start":{"line":573,"column":4},"end":{"line":576,"column":36}},"locations":[{"start":{"line":573,"column":4},"end":{"line":576,"column":36}}]},"35":{"type":"branch","line":576,"loc":{"start":{"line":576,"column":17},"end":{"line":576,"column":63}},"locations":[{"start":{"line":576,"column":17},"end":{"line":576,"column":63}}]},"36":{"type":"branch","line":576,"loc":{"start":{"line":576,"column":63},"end":{"line":604,"column":5}},"locations":[{"start":{"line":576,"column":63},"end":{"line":604,"column":5}}]},"37":{"type":"branch","line":604,"loc":{"start":{"line":604,"column":4},"end":{"line":607,"column":39}},"locations":[{"start":{"line":604,"column":4},"end":{"line":607,"column":39}}]},"38":{"type":"branch","line":607,"loc":{"start":{"line":607,"column":39},"end":{"line":631,"column":5}},"locations":[{"start":{"line":607,"column":39},"end":{"line":631,"column":5}}]},"39":{"type":"branch","line":631,"loc":{"start":{"line":631,"column":4},"end":{"line":634,"column":41}},"locations":[{"start":{"line":631,"column":4},"end":{"line":634,"column":41}}]},"40":{"type":"branch","line":634,"loc":{"start":{"line":634,"column":17},"end":{"line":634,"column":67}},"locations":[{"start":{"line":634,"column":17},"end":{"line":634,"column":67}}]},"41":{"type":"branch","line":634,"loc":{"start":{"line":634,"column":67},"end":{"line":646,"column":5}},"locations":[{"start":{"line":634,"column":67},"end":{"line":646,"column":5}}]},"42":{"type":"branch","line":646,"loc":{"start":{"line":646,"column":4},"end":{"line":649,"column":43}},"locations":[{"start":{"line":646,"column":4},"end":{"line":649,"column":43}}]},"43":{"type":"branch","line":649,"loc":{"start":{"line":649,"column":17},"end":{"line":649,"column":70}},"locations":[{"start":{"line":649,"column":17},"end":{"line":649,"column":70}}]},"44":{"type":"branch","line":649,"loc":{"start":{"line":649,"column":70},"end":{"line":661,"column":5}},"locations":[{"start":{"line":649,"column":70},"end":{"line":661,"column":5}}]},"45":{"type":"branch","line":661,"loc":{"start":{"line":661,"column":4},"end":{"line":663,"column":43}},"locations":[{"start":{"line":661,"column":4},"end":{"line":663,"column":43}}]},"46":{"type":"branch","line":663,"loc":{"start":{"line":663,"column":17},"end":{"line":663,"column":69}},"locations":[{"start":{"line":663,"column":17},"end":{"line":663,"column":69}}]},"47":{"type":"branch","line":663,"loc":{"start":{"line":663,"column":69},"end":{"line":677,"column":5}},"locations":[{"start":{"line":663,"column":69},"end":{"line":677,"column":5}}]},"48":{"type":"branch","line":677,"loc":{"start":{"line":677,"column":4},"end":{"line":680,"column":37}},"locations":[{"start":{"line":677,"column":4},"end":{"line":680,"column":37}}]},"49":{"type":"branch","line":680,"loc":{"start":{"line":680,"column":17},"end":{"line":680,"column":63}},"locations":[{"start":{"line":680,"column":17},"end":{"line":680,"column":63}}]},"50":{"type":"branch","line":680,"loc":{"start":{"line":680,"column":63},"end":{"line":683,"column":5}},"locations":[{"start":{"line":680,"column":63},"end":{"line":683,"column":5}}]},"51":{"type":"branch","line":683,"loc":{"start":{"line":683,"column":4},"end":{"line":685,"column":37}},"locations":[{"start":{"line":683,"column":4},"end":{"line":685,"column":37}}]},"52":{"type":"branch","line":685,"loc":{"start":{"line":685,"column":17},"end":{"line":685,"column":64}},"locations":[{"start":{"line":685,"column":17},"end":{"line":685,"column":64}}]},"53":{"type":"branch","line":685,"loc":{"start":{"line":685,"column":64},"end":{"line":691,"column":5}},"locations":[{"start":{"line":685,"column":64},"end":{"line":691,"column":5}}]},"54":{"type":"branch","line":691,"loc":{"start":{"line":691,"column":4},"end":{"line":694,"column":35}},"locations":[{"start":{"line":691,"column":4},"end":{"line":694,"column":35}}]},"55":{"type":"branch","line":694,"loc":{"start":{"line":694,"column":17},"end":{"line":694,"column":62}},"locations":[{"start":{"line":694,"column":17},"end":{"line":694,"column":62}}]},"56":{"type":"branch","line":694,"loc":{"start":{"line":694,"column":62},"end":{"line":729,"column":33}},"locations":[{"start":{"line":694,"column":62},"end":{"line":729,"column":33}}]},"57":{"type":"branch","line":696,"loc":{"start":{"line":696,"column":81},"end":{"line":696,"column":101}},"locations":[{"start":{"line":696,"column":81},"end":{"line":696,"column":101}}]},"58":{"type":"branch","line":697,"loc":{"start":{"line":697,"column":61},"end":{"line":697,"column":69}},"locations":[{"start":{"line":697,"column":61},"end":{"line":697,"column":69}}]},"59":{"type":"branch","line":701,"loc":{"start":{"line":701,"column":19},"end":{"line":703,"column":7}},"locations":[{"start":{"line":701,"column":19},"end":{"line":703,"column":7}}]},"60":{"type":"branch","line":703,"loc":{"start":{"line":703,"column":6},"end":{"line":706,"column":49}},"locations":[{"start":{"line":703,"column":6},"end":{"line":706,"column":49}}]},"61":{"type":"branch","line":706,"loc":{"start":{"line":706,"column":45},"end":{"line":706,"column":64}},"locations":[{"start":{"line":706,"column":45},"end":{"line":706,"column":64}}]},"62":{"type":"branch","line":706,"loc":{"start":{"line":706,"column":54},"end":{"line":706,"column":67}},"locations":[{"start":{"line":706,"column":54},"end":{"line":706,"column":67}}]},"63":{"type":"branch","line":707,"loc":{"start":{"line":707,"column":76},"end":{"line":725,"column":7}},"locations":[{"start":{"line":707,"column":76},"end":{"line":725,"column":7}}]},"64":{"type":"branch","line":717,"loc":{"start":{"line":717,"column":55},"end":{"line":717,"column":79}},"locations":[{"start":{"line":717,"column":55},"end":{"line":717,"column":79}}]},"65":{"type":"branch","line":729,"loc":{"start":{"line":729,"column":33},"end":{"line":742,"column":5}},"locations":[{"start":{"line":729,"column":33},"end":{"line":742,"column":5}}]},"66":{"type":"branch","line":730,"loc":{"start":{"line":730,"column":36},"end":{"line":741,"column":7}},"locations":[{"start":{"line":730,"column":36},"end":{"line":741,"column":7}}]},"67":{"type":"branch","line":739,"loc":{"start":{"line":739,"column":35},"end":{"line":739,"column":55}},"locations":[{"start":{"line":739,"column":35},"end":{"line":739,"column":55}}]},"68":{"type":"branch","line":742,"loc":{"start":{"line":742,"column":4},"end":{"line":757,"column":5}},"locations":[{"start":{"line":742,"column":4},"end":{"line":757,"column":5}}]},"69":{"type":"branch","line":745,"loc":{"start":{"line":745,"column":36},"end":{"line":748,"column":7}},"locations":[{"start":{"line":745,"column":36},"end":{"line":748,"column":7}}]},"70":{"type":"branch","line":754,"loc":{"start":{"line":754,"column":82},"end":{"line":754,"column":101}},"locations":[{"start":{"line":754,"column":82},"end":{"line":754,"column":101}}]},"71":{"type":"branch","line":757,"loc":{"start":{"line":757,"column":4},"end":{"line":783,"column":5}},"locations":[{"start":{"line":757,"column":4},"end":{"line":783,"column":5}}]}},"b":{"0":[2],"1":[0],"2":[9],"3":[12],"4":[5],"5":[5],"6":[4],"7":[2],"8":[0],"9":[8],"10":[0],"11":[0],"12":[0],"13":[0],"14":[2],"15":[2],"16":[0],"17":[1],"18":[1],"19":[0],"20":[0],"21":[1],"22":[0],"23":[6],"24":[0],"25":[0],"26":[6],"27":[0],"28":[0],"29":[6],"30":[0],"31":[0],"32":[6],"33":[0],"34":[6],"35":[0],"36":[0],"37":[6],"38":[0],"39":[6],"40":[0],"41":[0],"42":[6],"43":[0],"44":[0],"45":[6],"46":[0],"47":[0],"48":[6],"49":[0],"50":[0],"51":[6],"52":[0],"53":[0],"54":[6],"55":[3],"56":[3],"57":[0],"58":[1],"59":[1],"60":[2],"61":[0],"62":[2],"63":[1],"64":[0],"65":[2],"66":[1],"67":[0],"68":[1],"69":[0],"70":[0],"71":[0]},"fnMap":{"0":{"name":"isRecord","decl":{"start":{"line":87,"column":0},"end":{"line":89,"column":1}},"loc":{"start":{"line":87,"column":0},"end":{"line":89,"column":1}},"line":87},"1":{"name":"pickString","decl":{"start":{"line":91,"column":0},"end":{"line":99,"column":1}},"loc":{"start":{"line":91,"column":0},"end":{"line":99,"column":1}},"line":91},"2":{"name":"pickBoolean","decl":{"start":{"line":101,"column":0},"end":{"line":103,"column":1}},"loc":{"start":{"line":101,"column":0},"end":{"line":103,"column":1}},"line":101},"3":{"name":"pickNumber","decl":{"start":{"line":105,"column":0},"end":{"line":107,"column":1}},"loc":{"start":{"line":105,"column":0},"end":{"line":107,"column":1}},"line":105},"4":{"name":"lower","decl":{"start":{"line":109,"column":0},"end":{"line":111,"column":1}},"loc":{"start":{"line":109,"column":0},"end":{"line":111,"column":1}},"line":109},"5":{"name":"getPayloadText","decl":{"start":{"line":113,"column":0},"end":{"line":116,"column":1}},"loc":{"start":{"line":113,"column":0},"end":{"line":116,"column":1}},"line":113},"6":{"name":"inferEstimatedDurationMs","decl":{"start":{"line":118,"column":0},"end":{"line":132,"column":1}},"loc":{"start":{"line":118,"column":0},"end":{"line":132,"column":1}},"line":118},"7":{"name":"parseTaskMeta","decl":{"start":{"line":134,"column":0},"end":{"line":149,"column":1}},"loc":{"start":{"line":134,"column":0},"end":{"line":149,"column":1}},"line":134},"8":{"name":"selectRoutingWorker","decl":{"start":{"line":151,"column":0},"end":{"line":169,"column":1}},"loc":{"start":{"line":151,"column":0},"end":{"line":169,"column":1}},"line":151},"9":{"name":"runWorkersAi","decl":{"start":{"line":171,"column":0},"end":{"line":182,"column":1}},"loc":{"start":{"line":171,"column":0},"end":{"line":182,"column":1}},"line":171},"10":{"name":"shouldDelegate","decl":{"start":{"line":184,"column":0},"end":{"line":253,"column":1}},"loc":{"start":{"line":184,"column":0},"end":{"line":253,"column":1}},"line":184},"11":{"name":"ensureDispatchLogTable","decl":{"start":{"line":255,"column":0},"end":{"line":268,"column":1}},"loc":{"start":{"line":255,"column":0},"end":{"line":268,"column":1}},"line":255},"12":{"name":"logDispatchDecision","decl":{"start":{"line":270,"column":0},"end":{"line":285,"column":1}},"loc":{"start":{"line":270,"column":0},"end":{"line":285,"column":1}},"line":270},"13":{"name":"dispatchWorkerTask","decl":{"start":{"line":287,"column":0},"end":{"line":333,"column":1}},"loc":{"start":{"line":287,"column":0},"end":{"line":333,"column":1}},"line":287},"14":{"name":"dispatchSmartDecision","decl":{"start":{"line":335,"column":0},"end":{"line":420,"column":1}},"loc":{"start":{"line":335,"column":0},"end":{"line":420,"column":1}},"line":335},"15":{"name":"fetch","decl":{"start":{"line":423,"column":2},"end":{"line":784,"column":4}},"loc":{"start":{"line":423,"column":2},"end":{"line":784,"column":4}},"line":423},"16":{"name":"queue","decl":{"start":{"line":787,"column":2},"end":{"line":789,"column":4}},"loc":{"start":{"line":787,"column":2},"end":{"line":789,"column":4}},"line":787}},"f":{"0":2,"1":9,"2":0,"3":0,"4":0,"5":0,"6":0,"7":0,"8":0,"9":2,"10":0,"11":0,"12":0,"13":0,"14":0,"15":8,"16":0}}
,"F:\\mcp-brunella-core\\bas-cloudflare-orchestrator\\src\\queueHandler.ts": {"path":"F:\\mcp-brunella-core\\bas-cloudflare-orchestrator\\src\\queueHandler.ts","all":false,"statementMap":{"25":{"start":{"line":26,"column":0},"end":{"line":26,"column":88}},"51":{"start":{"line":52,"column":0},"end":{"line":52,"column":34}},"52":{"start":{"line":53,"column":0},"end":{"line":53,"column":28}},"53":{"start":{"line":54,"column":0},"end":{"line":54,"column":20}},"54":{"start":{"line":55,"column":0},"end":{"line":55,"column":18}},"55":{"start":{"line":56,"column":0},"end":{"line":56,"column":26}},"56":{"start":{"line":57,"column":0},"end":{"line":57,"column":24}},"57":{"start":{"line":58,"column":0},"end":{"line":58,"column":5}},"58":{"start":{"line":59,"column":0},"end":{"line":59,"column":1}},"63":{"start":{"line":64,"column":0},"end":{"line":64,"column":35}},"64":{"start":{"line":65,"column":0},"end":{"line":65,"column":28}},"65":{"start":{"line":66,"column":0},"end":{"line":66,"column":23}},"66":{"start":{"line":67,"column":0},"end":{"line":67,"column":18}},"67":{"start":{"line":68,"column":0},"end":{"line":68,"column":41}},"68":{"start":{"line":69,"column":0},"end":{"line":69,"column":15}},"69":{"start":{"line":70,"column":0},"end":{"line":70,"column":33}},"70":{"start":{"line":71,"column":0},"end":{"line":71,"column":6}},"71":{"start":{"line":72,"column":0},"end":{"line":72,"column":34}},"72":{"start":{"line":73,"column":0},"end":{"line":73,"column":1}},"77":{"start":{"line":78,"column":0},"end":{"line":78,"column":64}},"78":{"start":{"line":79,"column":0},"end":{"line":79,"column":61}},"79":{"start":{"line":80,"column":0},"end":{"line":80,"column":78}},"80":{"start":{"line":81,"column":0},"end":{"line":81,"column":3}},"81":{"start":{"line":82,"column":0},"end":{"line":82,"column":59}},"82":{"start":{"line":83,"column":0},"end":{"line":83,"column":51}},"83":{"start":{"line":84,"column":0},"end":{"line":84,"column":3}},"84":{"start":{"line":85,"column":0},"end":{"line":85,"column":78}},"85":{"start":{"line":86,"column":0},"end":{"line":86,"column":1}},"90":{"start":{"line":91,"column":0},"end":{"line":91,"column":27}},"91":{"start":{"line":92,"column":0},"end":{"line":92,"column":16}},"92":{"start":{"line":93,"column":0},"end":{"line":93,"column":20}},"93":{"start":{"line":94,"column":0},"end":{"line":94,"column":27}},"94":{"start":{"line":95,"column":0},"end":{"line":95,"column":31}},"95":{"start":{"line":96,"column":0},"end":{"line":96,"column":39}},"97":{"start":{"line":98,"column":0},"end":{"line":98,"column":7}},"98":{"start":{"line":99,"column":0},"end":{"line":99,"column":78}},"99":{"start":{"line":100,"column":0},"end":{"line":100,"column":54}},"100":{"start":{"line":101,"column":0},"end":{"line":101,"column":17}},"101":{"start":{"line":102,"column":0},"end":{"line":102,"column":9}},"102":{"start":{"line":103,"column":0},"end":{"line":103,"column":25}},"103":{"start":{"line":104,"column":0},"end":{"line":104,"column":158}},"104":{"start":{"line":105,"column":0},"end":{"line":105,"column":10}},"105":{"start":{"line":106,"column":0},"end":{"line":106,"column":9}},"106":{"start":{"line":107,"column":0},"end":{"line":107,"column":23}},"107":{"start":{"line":108,"column":0},"end":{"line":108,"column":36}},"108":{"start":{"line":109,"column":0},"end":{"line":109,"column":10}},"109":{"start":{"line":110,"column":0},"end":{"line":110,"column":8}},"110":{"start":{"line":111,"column":0},"end":{"line":111,"column":23}},"111":{"start":{"line":112,"column":0},"end":{"line":112,"column":7}},"113":{"start":{"line":114,"column":0},"end":{"line":114,"column":46}},"115":{"start":{"line":116,"column":0},"end":{"line":116,"column":78
[...]
,"F:\\mcp-brunella-core\\bas-cloudflare-orchestrator\\workers\\agents\\grant-agent\\src\\index.ts": {"path":"F:\\mcp-brunella-core\\bas-cloudflare-orchestrator\\workers\\agents\\grant-agent\\src\\index.ts","all":true,"statementMap":{"11":{"start":{"line":12,"column":0},"end":{"line":12,"column":16}},"12":{"start":{"line":13,"column":0},"end":{"line":13,"column":62}},"13":{"start":{"line":14,"column":0},"end":{"line":14,"column":25}},"14":{"start":{"line":15,"column":0},"end":{"line":15,"column":41}},"15":{"start":{"line":16,"column":0},"end":{"line":16,"column":54}},"16":{"start":{"line":17,"column":0},"end":{"line":17,"column":68}},"17":{"start":{"line":18,"column":0},"end":{"line":18,"column":6}},"19":{"start":{"line":20,"column":0},"end":{"line":20,"column":39}},"20":{"start":{"line":21,"column":0},"end":{"line":21,"column":58}},"21":{"start":{"line":22,"column":0},"end":{"line":22,"column":5}},"23":{"start":{"line":24,"column":0},"end":{"line":24,"column":62}},"24":{"start":{"line":25,"column":0},"end":{"line":25,"column":62}},"25":{"start":{"line":26,"column":0},"end":{"line":26,"column":81}},"26":{"start":{"line":27,"column":0},"end":{"line":27,"column":5}},"28":{"start":{"line":29,"column":0},"end":{"line":29,"column":9}},"29":{"start":{"line":30,"column":0},"end":{"line":30,"column":47}},"30":{"start":{"line":31,"column":0},"end":{"line":31,"column":55}},"32":{"start":{"line":33,"column":0},"end":{"line":33,"column":70}},"33":{"start":{"line":34,"column":0},"end":{"line":34,"column":89}},"34":{"start":{"line":35,"column":0},"end":{"line":35,"column":7}},"36":{"start":{"line":37,"column":0},"end":{"line":37,"column":123}},"38":{"start":{"line":39,"column":0},"end":{"line":39,"column":24}},"39":{"start":{"line":40,"column":0},"end":{"line":40,"column":90}},"40":{"start":{"line":41,"column":0},"end":{"line":41,"column":5}},"41":{"start":{"line":42,"column":0},"end":{"line":42,"column":3}},"42":{"start":{"line":43,"column":0},"end":{"line":43,"column":2}},"44":{"start":{"line":45,"column":0},"end":{"line":45,"column":119}},"46":{"start":{"line":47,"column":0},"end":{"line":47,"column":93}},"49":{"start":{"line":50,"column":0},"end":{"line":50,"column":73}},"50":{"start":{"line":51,"column":0},"end":{"line":51,"column":10}},"51":{"start":{"line":52,"column":0},"end":{"line":52,"column":5}},"53":{"start":{"line":54,"column":0},"end":{"line":54,"column":18}},"54":{"start":{"line":55,"column":0},"end":{"line":55,"column":10}},"55":{"start":{"line":56,"column":0},"end":{"line":56,"column":48}},"56":{"start":{"line":57,"column":0},"end":{"line":57,"column":34}},"57":{"start":{"line":58,"column":0},"end":{"line":58,"column":39}},"58":{"start":{"line":59,"column":0},"end":{"line":59,"column":4}},"60":{"start":{"line":61,"column":0},"end":{"line":61,"column":80}},"61":{"start":{"line":62,"column":0},"end":{"line":62,"column":1}}},"s":{"11":0,"12":0,"13":0,"14":0,"15":0,"16":0,"17":0,"19":0,"20":0,"21":0,"23":0,"24":0,"25":0,"26":0,"28":0,"29":0,"30":0,"32":0,"33":0,"34":0,"36":0,"38":0,"39":0,"40":0,"41":0,"42":0,"44":0,"46":0,"49":0,"50":0,"51":0,"53":0,"54":0,"55":0,"56":0,"57":0,"58":0,"60":0,"61":0},"branchMap":{"0":{"type":"branch","line":1,"loc":{"start":{"line":1,"column":2028},"end":{"line":62,"column":1}},"locations":[{"start":{"line":1,"column":2028},"end":{"line":62,"column":1}}]}},"b":{"0":[1]},"fnMap":{"0":{"name":"(empty-report)","decl":{"start":{"line":1,"column":2028},"end":{"line":62,"column":1}},"loc":{"start":{"line":1,"column":2028},"end":{"line":62,"column":1}},"line":1}},"f":{"0":1}}
,"F:\\mcp-brunella-core\\bas-cloudflare-orchestrator\\workers\\agents\\intel-agent\\src\\index.ts": {"path":"F:\\mcp-brunella-core\\bas-cloudflare-orchestrator\\workers\\agents\\intel-agent\\src\\index.ts","all":true,"statementMap":{"11":{"start":{"line":12,"column":0},"end":{"line":12,"column":16}},"12":{"start":{"line":13,"column":0},"end":{"line":13,"column":62}},"13":{"start":{"line":14,"column":0},"end":{"line":14,"column":25}},"14":{"start":{"line":15,"column":0},"end":{"line":15,"column":41}},"15":{"start":{"line":16,"column":0},"end":{"line":16,"column":54}},"16":{"start":{"line":17,"column":0},"end":{"line":17,"column":68}},"17":{"start":{"line":18,"column":0},"end":{"line":18,"column":6}},"19":{"start":{"line":20,"column":0},"end":{"line":20,"column":39}},"20":{"start":{"line":21,"column":0},"end":{"line":21,"column":58}},"21":{"start":{"line":22,"column":0},"end":{"line":22,"column":5}},"23":{"start":{"line":24,"column":0},"end":{"line":24,"column":62}},"24":{"start":{"line":25,"column":0},"end":{"line":25,"column":62}},"25":{"start":{"line":26,"column":0},"end":{"line":26,"column":81}},"26":{"start":{"line":27,"column":0},"end":{"line":27,"column":5}},"28":{"start":{"line":29,"column":0},"end":{"line":29,"column":9}},"29":{"start":{"line":30,"column":0},"end":{"line":30,"column":47}},"30":{"start":{"line":31,"column":0},"end":{"line":31,"column":55}},"32":{"start":{"line":33,"column":0},"end":{"line":33,"column":41}},"33":{"start":{"line":34,"column":0},"end":{"line":34,"column":83}},"34":{"start":{"line":35,"column":0},"end":{"line":35,"column":7}},"36":{"start":{"line":37,"column":0},"end":{"line":37,"column":123}},"38":{"start":{"line":39,"column":0},"end":{"line":39,"column":24}},"39":{"start":{"line":40,"column":0},"end":{"line":40,"column":90}},"40":{"start":{"line":41,"column":0},"end":{"line":41,"column":5}},"41":{"start":{"line":42,"column":0},"end":{"line":42,"column":3}},"42":{"start":{"line":43,"column":0},"end":{"line":43,"column":2}},"44":{"start":{"line":45,"column":0},"end":{"line":45,"column":105}},"48":{"start":{"line":49,"column":0},"end":{"line":49,"column":96}},"51":{"start":{"line":52,"column":0},"end":{"line":52,"column":73}},"52":{"start":{"line":53,"column":0},"end":{"line":53,"column":26}},"53":{"start":{"line":54,"column":0},"end":{"line":54,"column":5}},"55":{"start":{"line":56,"column":0},"end":{"line":56,"column":18}},"56":{"start":{"line":57,"column":0},"end":{"line":57,"column":62}},"57":{"start":{"line":58,"column":0},"end":{"line":58,"column":34}},"58":{"start":{"line":59,"column":0},"end":{"line":59,"column":39}},"59":{"start":{"line":60,"column":0},"end":{"line":60,"column":4}},"61":{"start":{"line":62,"column":0},"end":{"line":62,"column":80}},"62":{"start":{"line":63,"column":0},"end":{"line":63,"column":1}}},"s":{"11":0,"12":0,"13":0,"14":0,"15":0,"16":0,"17":0,"19":0,"20":0,"21":0,"23":0,"24":0,"25":0,"26":0,"28":0,"29":0,"30":0,"32":0,"33":0,"34":0,"36":0,"38":0,"39":0,"40":0,"41":0,"42":0,"44":0,"48":0,"51":0,"52":0,"53":0,"55":0,"56":0,"57":0,"58":0,"59":0,"61":0,"62":0},"branchMap":{"0":{"type":"branch","line":1,"loc":{"start":{"line":1,"column":2044},"end":{"line":63,"column":1}},"locations":[{"start":{"line":1,"column":2044},"end":{"line":63,"column":1}}]}},"b":{"0":[1]},"fnMap":{"0":{"name":"(empty-report)","decl":{"start":{"line":1,"column":2044},"end":{"line":63,"column":1}},"loc":{"start":{"line":1,"column":2044},"end":{"line":63,"column":1}},"line":1}},"f":{"0":1}}
,"F:\\mcp-brunella-core\\bas-cloudflare-orchestrator\\workers\\agents\\lead-agent\\src\\index.ts": {"path":"F:\\mcp-brunella-core\\bas-cloudflare-orchestrator\\workers\\agents\\lead-agent\\src\\index.ts","all":true,"statementMap":{"12":{"start":{"line":13,"column":0},"end":{"line":13,"column":16}},"13":{"start":{"line":14,"column":0},"end":{"line":14,"column":62}},"14":{"start":{"line":15,"column":0},"end":{"line":15,"column":25}},"15":{"start":{"line":16,"column":0},"end":{"line":16,"column":41}},"16":{"start":{"line":17,"column":0},"end":{"line":17,"column":54}},"17":{"start":{"line":18,"column":0},"end":{"line":18,"column":68}},"18":{"start":{"line":19,"column":0},"end":{"line":19,"column":6}},"20":{"start":{"line":21,"column":0},"end":{"line":21,"column":39}},"21":{"start":{"line":22,"column":0},"end":{"line":22,"column":58}},"22":{"start":{"line":23,"column":0},"end":{"line":23,"column":5}},"24":{"start":{"line":25,"column":0},"end":{"line":25,"column":62}},"25":{"start":{"line":26,"column":0},"end":{"line":26,"column":62}},"26":{"start":{"line":27,"column":0},"end":{"line":27,"column":81}},"27":{"start":{"line":28,"column":0},"end":{"line":28,"column":5}},"29":{"start":{"line":30,"column":0},"end":{"line":30,"column":9}},"30":{"start":{"line":31,"column":0},"end":{"line":31,"column":47}},"31":{"start":{"line":32,"column":0},"end":{"line":32,"column":55}},"33":{"start":{"line":34,"column":0},"end":{"line":34,"column":40}},"34":{"start":{"line":35,"column":0},"end":{"line":35,"column":82}},"35":{"start":{"line":36,"column":0},"end":{"line":36,"column":48}},"36":{"start":{"line":37,"column":0},"end":{"line":37,"column":83}},"37":{"start":{"line":38,"column":0},"end":{"line":38,"column":7}},"39":{"start":{"line":40,"column":0},"end":{"line":40,"column":123}},"41":{"start":{"line":42,"column":0},"end":{"line":42,"column":24}},"42":{"start":{"line":43,"column":0},"end":{"line":43,"column":90}},"43":{"start":{"line":44,"column":0},"end":{"line":44,"column":5}},"44":{"start":{"line":45,"column":0},"end":{"line":45,"column":3}},"45":{"start":{"line":46,"column":0},"end":{"line":46,"column":2}},"47":{"start":{"line":48,"column":0},"end":{"line":48,"column":104}},"52":{"start":{"line":53,"column":0},"end":{"line":53,"column":77}},"53":{"start":{"line":54,"column":0},"end":{"line":54,"column":73}},"54":{"start":{"line":55,"column":0},"end":{"line":55,"column":28}},"55":{"start":{"line":56,"column":0},"end":{"line":56,"column":5}},"57":{"start":{"line":58,"column":0},"end":{"line":58,"column":18}},"58":{"start":{"line":59,"column":0},"end":{"line":59,"column":45}},"59":{"start":{"line":60,"column":0},"end":{"line":60,"column":12}},"60":{"start":{"line":61,"column":0},"end":{"line":61,"column":98}},"61":{"start":{"line":62,"column":0},"end":{"line":62,"column":5}},"62":{"start":{"line":63,"column":0},"end":{"line":63,"column":4}},"64":{"start":{"line":65,"column":0},"end":{"line":65,"column":80}},"65":{"start":{"line":66,"column":0},"end":{"line":66,"column":1}},"67":{"start":{"line":68,"column":0},"end":{"line":68,"column":105}},"69":{"start":{"line":70,"column":0},"end":{"line":70,"column":18}},"70":{"start":{"line":71,"column":0},"end":{"line":71,"column":46}},"71":{"start":{"line":72,"column":0},"end":{"line":72,"column":48}},"72":{"start":{"line":73,"column":0},"end":{"line":73,"column":4}},"73":{"start":{"line":74,"column":0},"end":{"line":74,"column":80}},"74":{"start":{"line":75,"column":0},"end":{"line":75,"column":1}}},"s":{"12":0,"13":0,"14":0,"15":0,"16":0,"17":0,"18":0,"20":0,"21":0,"22":0,"24":0,"25":0,"26":0,"27":0,"29":0,"30":0,"31":0,"33":0,"34":0,"35":0,"36":0,"37":0,"39":0,"41":0,"42":0,"43":0,"44":0,"45":0,"47":0,"52":0,"53":0,"54":0,"55":0,"57":0,"58":0,"59":0,"60":0,"61":0,"62":0,"64":0,"65":0,"67":0,"69":0,"70":0,"71":0,"72":0,"73":0,"74":0},"branchMap":{"0":{"type":"branch","line":1,"loc":{"start":{"line":1,"column":2552},"end":{"line":75,"column":1}},"locations":[{"start":{"line":1,"column":2552},"end":{"line":75,"column":1}}]}},"b":{"0":[1]},"fnMap":{"0":{"name":"(empty-report)","decl":{"start":{"line":1,"column":2552},"end":{"line":75,"column":1}},"loc":{"start":{"line":1,"column":2552},"end":{"line":75,"column":1}},"line":1}},"f":{"0":1}}
,"F:\\mcp-brunella-core\\bas-cloudflare-orchestrator\\workers\\agents\\research-agent\\src\\index.ts": {"path":"F:\\mcp-brunella-core\\bas-cloudflare-orchestrator\\workers\\agents\\research-agent\\src\\index.ts","all":true,"statementMap":{"12":{"start":{"line":13,"column":0},"end":{"line":13,"column":69}},"14":{"start":{"line":15,"column":0},"end":{"line":15,"column":16}},"15":{"start":{"line":16,"column":0},"end":{"line":16,"column":62}},"16":{"start":{"line":17,"column":0},"end":{"line":17,"column":25}},"17":{"start":{"line":18,"column":0},"end":{"line":18,"column":41}},"18":{"start":{"line":19,"column":0},"end":{"line":19,"column":54}},"19":{"start":{"line":20,"column":0},"end":{"line":20,"column":68}},"20":{"start":{"line":21,"column":0},"end":{"line":21,"column":6}},"22":{"start":{"line":23,"column":0},"end":{"line":23,"column":39}},"23":{"start":{"line":24,"column":0},"end":{"line":24,"column":58}},"24":{"start":{"line":25,"column":0},"end":{"line":25,"column":5}},"26":{"start":{"line":27,"column":0},"end":{"line":27,"column":62}},"27":{"start":{"line":28,"column":0},"end":{"line":28,"column":62}},"28":{"start":{"line":29,"column":0},"end":{"line":29,"column":81}},"29":{"start":{"line":30,"column":0},"end":{"line":30,"column":5}},"31":{"start":{"line":32,"column":0},"end":{"line":32,"column":9}},"32":{"start":{"line":33,"column":0},"end":{"line":33,"column":61}},"33":{"start":{"line":34,"column":0},"end":{"line":34,"column":111}},"34":{"start":{"line":35,"column":0},"end":{"line":35,"column":69}},"35":{"start":{"line":36,"column":0},"end":{"line":36,"column":87}},"36":{"start":{"line":37,"column":0},"end":{"line":37,"column":107}},"38":{"start":{"line":39,"column":0},"end":{"line":39,"column":70}},"40":{"start":{"line":41,"column":0},"end":{"line":41,"column":56}},"41":{"start":{"line":42,"column":0},"end":{"line":42,"column":85}},"42":{"start":{"line":43,"column":0},"end":{"line":43,"column":164}},"43":{"start":{"line":44,"column":0},"end":{"line":44,"column":92}},"45":{"start":{"line":46,"column":0},"end":{"line":46,"column":156}},"47":{"start":{"line":48,"column":0},"end":{"line":48,"column":58}},"48":{"start":{"line":49,"column":0},"end":{"line":49,"column":68}},"49":{"start":{"line":50,"column":0},"end":{"line":50,"column":58}},"51":{"start":{"line":52,"column":0},"end":{"line":52,"column":30}},"52":{"start":{"line":53,"column":0},"end":{"line":53,"column":20}},"53":{"start":{"line":54,"column":0},"end":{"line":54,"column":16}},"54":{"start":{"line":55,"column":0},"end":{"line":55,"column":30}},"55":{"start":{"line":56,"column":0},"end":{"line":56,"column":85}},"56":{"start":{"line":57,"column":0},"end":{"line":57,"column":37}},"57":{"start":{"line":58,"column":0},"end":{"line":58,"column":7}},"59":{"start":{"line":60,"column":0},"end":{"line":60,"column":98}},"61":{"start":{"line":62,"column":0},"end":{"line":62,"column":24}},"62":{"start":{"line":63,"column":0},"end":{"line":63,"column":90}},"63":{"start":{"line":64,"column":0},"end":{"line":64,"column":5}},"64":{"start":{"line":65,"column":0},"end":{"line":65,"column":3}},"65":{"start":{"line":66,"column":0},"end":{"line":66,"column":2}}},"s":{"12":0,"14":0,"15":0,"16":0,"17":0,"18":0,"19":0,"20":0,"22":0,"23":0,"24":0,"26":0,"27":0,"28":0,"29":0,"31":0,"32":0,"33":0,"34":0,"35":0,"36":0,"38":0,"40":0,"41":0,"42":0,"43":0,"45":0,"47":0,"48":0,"49":0,"51":0,"52":0,"53":0,"54":0,"55":0,"56":0,"57":0,"59":0,"61":0,"62":0,"63":0,"64":0,"65":0},"branchMap":{"0":{"type":"branch","line":1,"loc":{"start":{"line":1,"column":2714},"end":{"line":66,"column":2}},"locations":[{"start":{"line":1,"column":2714},"end":{"line":66,"column":2}}]}},"b":{"0":[1]},"fnMap":{"0":{"name":"(empty-report)","decl":{"start":{"line":1,"column":2714},"end":{"line":66,"column":2}},"loc":{"start":{"line":1,"column":2714},"end":{"line":66,"column":2}},"line":1}},"f":{"0":1}}
,"F:\\mcp-brunella-core\\bas-cloudflare-orchestrator\\workers\\agents\\sales-agent\\src\\index.ts": {"path":"F:\\mcp-brunella-core\\bas-cloudflare-orchestrator\\workers\\agents\\sales-agent\\src\\index.ts","all":true,"statementMap":{"11":{"start":{"line":12,"column":0},"end":{"line":12,"column":16}},"12":{"start":{"line":13,"column":0},"end":{"line":13,"column":62}},"13":{"start":{"line":14,"column":0},"end":{"line":14,"column":25}},"14":{"start":{"line":15,"column":0},"end":{"line":15,"column":41}},"15":{"start":{"line":16,"column":0},"end":{"line":16,"column":54}},"16":{"start":{"line":17,"column":0},"end":{"line":17,"column":68}},"17":{"start":{"line":18,"column":0},"end":{"line":18,"column":6}},"19":{"start":{"line":20,"column":0},"end":{"line":20,"column":39}},"20":{"start":{"line":21,"column":0},"end":{"line":21,"column":58}},"21":{"start":{"line":22,"column":0},"end":{"line":22,"column":5}},"23":{"start":{"line":24,"column":0},"end":{"line":24,"column":62}},"24":{"start":{"line":25,"column":0},"end":{"line":25,"column":62}},"25":{"start":{"line":26,"column":0},"end":{"line":26,"column":81}},"26":{"start":{"line":27,"column":0},"end":{"line":27,"column":5}},"28":{"start":{"line":29,"column":0},"end":{"line":29,"column":9}},"29":{"start":{"line":30,"column":0},"end":{"line":30,"column":47}},"30":{"start":{"line":31,"column":0},"end":{"line":31,"column":55}},"32":{"start":{"line":33,"column":0},"end":{"line":33,"column":79}},"33":{"start":{"line":34,"column":0},"end":{"line":34,"column":92}},"34":{"start":{"line":35,"column":0},"end":{"line":35,"column":7}},"36":{"start":{"line":37,"column":0},"end":{"line":37,"column":123}},"38":{"start":{"line":39,"column":0},"end":{"line":39,"column":24}},"39":{"start":{"line":40,"column":0},"end":{"line":40,"column":90}},"40":{"start":{"line":41,"column":0},"end":{"line":41,"column":5}},"41":{"start":{"line":42,"column":0},"end":{"line":42,"column":3}},"42":{"start":{"line":43,"column":0},"end":{"line":43,"column":2}},"44":{"start":{"line":45,"column":0},"end":{"line":45,"column":122}},"45":{"start":{"line":46,"column":0},"end":{"line":46,"column":62}},"48":{"start":{"line":49,"column":0},"end":{"line":49,"column":73}},"49":{"start":{"line":50,"column":0},"end":{"line":50,"column":10}},"50":{"start":{"line":51,"column":0},"end":{"line":51,"column":5}},"52":{"start":{"line":53,"column":0},"end":{"line":53,"column":18}},"53":{"start":{"line":54,"column":0},"end":{"line":54,"column":10}},"54":{"start":{"line":55,"column":0},"end":{"line":55,"column":50}},"55":{"start":{"line":56,"column":0},"end":{"line":56,"column":33}},"56":{"start":{"line":57,"column":0},"end":{"line":57,"column":39}},"57":{"start":{"line":58,"column":0},"end":{"line":58,"column":4}},"59":{"start":{"line":60,"column":0},"end":{"line":60,"column":80}},"60":{"start":{"line":61,"column":0},"end":{"line":61,"column":1}}},"s":{"11":0,"12":0,"13":0,"14":0,"15":0,"16":0,"17":0,"19":0,"20":0,"21":0,"23":0,"24":0,"25":0,"26":0,"28":0,"29":0,"30":0,"32":0,"33":0,"34":0,"36":0,"38":0,"39":0,"40":0,"41":0,"42":0,"44":0,"45":0,"48":0,"49":0,"50":0,"52":0,"53":0,"54":0,"55":0,"56":0,"57":0,"59":0,"60":0},"branchMap":{"0":{"type":"branch","line":1,"loc":{"start":{"line":1,"column":1980},"end":{"line":61,"column":1}},"locations":[{"start":{"line":1,"column":1980},"end":{"line":61,"column":1}}]}},"b":{"0":[1]},"fnMap":{"0":{"name":"(empty-report)","decl":{"start":{"line":1,"column":1980},"end":{"line":61,"column":1}},"loc":{"start":{"line":1,"column":1980},"end":{"line":61,"column":1}},"line":1}},"f":{"0":1}}
}
