{"F:\\mcp-brunella-core\\scripts\\health_check.ts": {"path":"F:\\mcp-brunella-core\\scripts\\health_check.ts","statementMap":{"0":{"start":{"line":44,"column":18},"end":{"line":44,"column":null}},"1":{"start":{"line":45,"column":22},"end":{"line":45,"column":null}},"2":{"start":{"line":46,"column":4},"end":{"line":60,"column":null}},"3":{"start":{"line":47,"column":21},"end":{"line":47,"column":null}},"4":{"start":{"line":48,"column":8},"end":{"line":50,"column":null}},"5":{"start":{"line":49,"column":12},"end":{"line":49,"column":null}},"6":{"start":{"line":51,"column":21},"end":{"line":51,"column":null}},"7":{"start":{"line":52,"column":27},"end":{"line":52,"column":null}},"8":{"start":{"line":53,"column":25},"end":{"line":53,"column":null}},"9":{"start":{"line":53,"column":48},"end":{"line":53,"column":72}},"10":{"start":{"line":54,"column":8},"end":{"line":56,"column":null}},"11":{"start":{"line":55,"column":12},"end":{"line":55,"column":null}},"12":{"start":{"line":57,"column":8},"end":{"line":57,"column":null}},"13":{"start":{"line":59,"column":8},"end":{"line":59,"column":null}},"14":{"start":{"line":64,"column":18},"end":{"line":64,"column":null}},"15":{"start":{"line":65,"column":22},"end":{"line":65,"column":null}},"16":{"start":{"line":66,"column":4},"end":{"line":74,"column":null}},"17":{"start":{"line":67,"column":21},"end":{"line":67,"column":null}},"18":{"start":{"line":68,"column":8},"end":{"line":70,"column":null}},"19":{"start":{"line":69,"column":12},"end":{"line":69,"column":null}},"20":{"start":{"line":71,"column":8},"end":{"line":71,"column":null}},"21":{"start":{"line":73,"column":8},"end":{"line":73,"column":null}},"22":{"start":{"line":78,"column":18},"end":{"line":78,"column":null}},"23":{"start":{"line":79,"column":17},"end":{"line":79,"column":null}},"24":{"start":{"line":80,"column":4},"end":{"line":89,"column":null}},"25":{"start":{"line":81,"column":21},"end":{"line":81,"column":null}},"26":{"start":{"line":82,"column":8},"end":{"line":85,"column":null}},"27":{"start":{"line":83,"column":25},"end":{"line":83,"column":null}},"28":{"start":{"line":84,"column":12},"end":{"line":84,"column":null}},"29":{"start":{"line":86,"column":8},"end":{"line":86,"column":null}},"30":{"start":{"line":88,"column":8},"end":{"line":88,"column":null}},"31":{"start":{"line":93,"column":18},"end":{"line":93,"column":null}},"32":{"start":{"line":94,"column":4},"end":{"line":96,"column":null}},"33":{"start":{"line":95,"column":8},"end":{"line":95,"column":null}},"34":{"start":{"line":98,"column":25},"end":{"line":105,"column":null}},"35":{"start":{"line":107,"column":30},"end":{"line":107,"column":null}},"36":{"start":{"line":108,"column":4},"end":{"line":112,"column":null}},"37":{"start":{"line":109,"column":8},"end":{"line":111,"column":null}},"38":{"start":{"line":110,"column":12},"end":{"line":110,"column":null}},"39":{"start":{"line":114,"column":4},"end":{"line":116,"column":null}},"40":{"start":{"line":115,"column":8},"end":{"line":115,"column":null}},"41":{"start":{"line":117,"column":4},"end":{"line":119,"column":null}},"42":{"start":{"line":118,"column":8},"end":{"line":118,"column":null}},"43":{"start":{"line":120,"column":4},"end":{"line":120,"column":null}},"44":{"start":{"line":124,"column":18},"end":{"line":124,"column":null}},"45":{"start":{"line":125,"column":20},"end":{"line":129,"column":null}},"46":{"start":{"line":131,"column":31},"end":{"line":131,"column":null}},"47":{"start":{"line":132,"column":30},"end":{"line":132,"column":null}},"48":{"start":{"line":134,"column":4},"end":{"line":141,"column":null}},"49":{"start":{"line":135,"column":25},"end":{"line":135,"column":null}},"50":{"start":{"line":136,"column":8},"end":{"line":140,"column":null}},"51":{"start":{"line":137,"column":12},"end":{"line":137,"column":null}},"52":{"start":{"line":139,"column":12},"end":{"line":139,"column":null}},"53":{"start":{"line":143,"column":4},"end":{"line":145,"column":null}},"54":{"start":{"line":144,"column":8},"end":{"line":144,"column":null}},"55":{"start":{"line":146,"column":4},"end":{"line":146,"column":null}},"56":{"start":{"line":150,"column":18},"end":{"line":150,"column":null}},"57":{"start":{"line":151,"column":23},"end":{"line":151,"column":null}},"58":{"start":{"line":152,"column":21},"end":{"line":152,"column":null}},"59":{"start":{"line":154,"column":4},"end":{"line":156,"column":null}},"60":{"start":{"line":155,"column":8},"end":{"line":155,"column":null}},"61":{"start":{"line":157,"column":4},"end":{"line":159,"column":null}},"62":{"start":{"line":158,"column":8},"end":{"line":158,"column":null}},"63":{"start":{"line":161,"column":22},"end":{"line":161,"column":null}},"64":{"start":{"line":162,"column":20},"end":{"line":162,"column":null}},"65":{"start":{"line":164,"column":4},"end":{"line":166,"column":null}},"66":{"start":{"line":165,"column":8},"end":{"line":165,"column":null}},"67":{"start":{"line":167,"column":4},"end":{"line":167,"column":null}},"68":{"start":{"line":171,"column":18},"end":{"line":171,"column":null}},"69":{"start":{"line":172,"column":4},"end":{"line":180,"column":null}},"70":{"start":{"line":173,"column":24},"end":{"line":173,"column":null}},"71":{"start":{"line":174,"column":8},"end":{"line":176,"column":null}},"72":{"start":{"line":175,"column":12},"end":{"line":175,"column":null}},"73":{"start":{"line":177,"column":8},"end":{"line":177,"column":null}},"74":{"start":{"line":179,"column":8},"end":{"line":179,"column":null}},"75":{"start":{"line":188,"column":20},"end":{"line":196,"column":null}},"76":{"start":{"line":198,"column":34},"end":{"line":202,"column":null}},"77":{"start":{"line":199,"column":8},"end":{"line":201,"column":null}},"78":{"start":{"line":204,"column":22},"end":{"line":204,"column":null}},"79":{"start":{"line":204,"column":41},"end":{"line":204,"column":60}},"80":{"start":{"line":205,"column":22},"end":{"line":205,"column":null}},"81":{"start":{"line":205,"column":41},"end":{"line":205,"column":60}},"82":{"start":{"line":206,"column":22},"end":{"line":206,"column":null}},"83":{"start":{"line":206,"column":41},"end":{"line":206,"column":60}},"84":{"start":{"line":209,"column":4},"end":{"line":211,"column":null}},"85":{"start":{"line":209,"column":23},"end":{"line":209,"column":null}},"86":{"start":{"line":209,"column":33},"end":{"line":211,"column":null}},"87":{"start":{"line":210,"column":28},"end":{"line":210,"column":null}},"88":{"start":{"line":211,"column":9},"end":{"line":211,"column":null}},"89":{"start":{"line":213,"column":4},"end":{"line":213,"column":null}},"90":{"start":{"line":220,"column":14},"end":{"line":220,"column":null}},"91":{"start":{"line":223,"column":4},"end":{"line":223,"column":null}},"92":{"start":{"line":224,"column":4},"end":{"line":224,"column":null}},"93":{"start":{"line":225,"column":4},"end":{"line":225,"column":null}},"94":{"start":{"line":227,"column":4},"end":{"line":231,"column":null}},"95":{"start":{"line":228,"column":21},"end":{"line":228,"column":null}},"96":{"start":{"line":229,"column":25},"end":{"line":229,"column":null}},"97":{"start":{"line":230,"column":8},"end":{"line":230,"column":null}},"98":{"start":{"line":233,"column":4},"end":{"line":233,"column":null}},"99":{"start":{"line":234,"column":24},"end":{"line":234,"column":null}},"100":{"start":{"line":235,"column":4},"end":{"line":235,"column":null}},"101":{"start":{"line":236,"column":4},"end":{"line":236,"column":null}},"102":{"start":{"line":237,"column":4},"end":{"line":237,"column":null}},"103":{"start":{"line":241,"column":20},"end":{"line":241,"column":null}},"104":{"start":{"line":242,"column":0},"end":{"line":248,"column":null}},"105":{"start":{"line":244,"column":4},"end":{"line":244,"column":null}},"106":{"start":{"line":244,"column":10},"end":{"line":244,"column":41}},"107":{"start":{"line":245,"column":19},"end":{"line":245,"column":null}},"108":{"start":{"line":246,"column":4},"end":{"line":246,"column":null}},"109":{"start":{"line":247,"column":4},"end":{"line":247,"column":null}}},"fnMap":{"0":{"name":"checkOllama","decl":{"start":{"line":43,"column":15},"end":{"line":43,"column":51}},"loc":{"start":{"line":43,"column":51},"end":{"line":61,"column":null}},"line":43},"1":{"name":"(anonymous_1)","decl":{"start":{"line":53,"column":43},"end":{"line":53,"column":48}},"loc":{"start":{"line":53,"column":48},"end":{"line":53,"column":72}},"line":53},"2":{"name":"checkPython","decl":{"start":{"line":63,"column":15},"end":{"line":63,"column":51}},"loc":{"start":{"line":63,"column":51},"end":{"line":75,"column":null}},"line":63},"3":{"name":"checkNodeBackend","decl":{"start":{"line":77,"column":15},"end":{"line":77,"column":56}},"loc":{"start":{"line":77,"column":56},"end":{"line":90,"column":null}},"line":77},"4":{"name":"checkSecrets","decl":{"start":{"line":92,"column":9},"end":{"line":92,"column":37}},"loc":{"start":{"line":92,"column":37},"end":{"line":121,"column":null}},"line":92},"5":{"name":"checkDatabases","decl":{"start":{"line":123,"column":9},"end":{"line":123,"column":39}},"loc":{"start":{"line":123,"column":39},"end":{"line":147,"column":null}},"line":123},"6":{"name":"checkBuildFreshness","decl":{"start":{"line":149,"column":9},"end":{"line":149,"column":44}},"loc":{"start":{"line":149,"column":44},"end":{"line":168,"column":null}},"line":149},"7":{"name":"checkDiskSpace","decl":{"start":{"line":170,"column":9},"end":{"line":170,"column":39}},"loc":{"start":{"line":170,"column":39},"end":{"line":181,"column":null}},"line":170},"8":{"name":"runHealthCheck","decl":{"start":{"line":187,"column":22},"end":{"line":187,"column":62}},"loc":{"start":{"line":187,"column":62},"end":{"line":214,"column":null}},"line":187},"9":{"name":"(anonymous_9)","decl":{"start":{"line":198,"column":46},"end":{"line":198,"column":47}},"loc":{"start":{"line":199,"column":8},"end":{"line":201,"column":null}},"line":199},"10":{"name":"(anonymous_10)","decl":{"start":{"line":204,"column":36},"end":{"line":204,"column":41}},"loc":{"start":{"line":204,"column":41},"end":{"line":204,"column":60}},"line":204},"11":{"name":"(anonymous_11)","decl":{"start":{"line":205,"column":36},"end":{"line":205,"column":41}},"loc":{"start":{"line":205,"column":41},"end":{"line":205,"column":60}},"line":205},"12":{"name":"(anonymous_12)","decl":{"start":{"line":206,"column":36},"end":{"line":206,"column":41}},"loc":{"start":{"line":206,"column":41},"end":{"line":206,"column":60}},"line":206},"13":{"name":"printReport","decl":{"start":{"line":222,"column":9},"end":{"line":222,"column":21}},"loc":{"start":{"line":222,"column":49},"end":{"line":238,"column":null}},"line":222}},"branchMap":{"0":{"loc":{"start":{"line":45,"column":22},"end":{"line":45,"column":null}},"type":"binary-expr","locations":[{"start":{"line":45,"column":22},"end":{"line":45,"column":53}},{"start":{"line":45,"column":53},"end":{"line":45,"column":null}}],"line":45},"1":{"loc":{"start":{"line":48,"column":8},"end":{"line":50,"column":null}},"type":"if","locations":[{"start":{"line":48,"column":8},"end":{"line":50,"column":null}},{"start":{},"end":{}}],"line":48},"2":{"loc":{"start":{"line":52,"column":27},"end":{"line":52,"column":null}},"type":"binary-expr","locations":[{"start":{"line":52,"column":27},"end":{"line":52,"column":50}},{"start":{"line":52,"column":50},"end":{"line":52,"column":null}}],"line":52},"3":{"loc":{"start":{"line":53,"column":25},"end":{"line":53,"column":null}},"type":"binary-expr","locations":[{"start":{"line":53,"column":25},"end":{"line":53,"column":77}},{"start":{"line":53,"column":77},"end":{"line":53,"column":null}}],"line":53},"4":{"loc":{"start":{"line":54,"column":8},"end":{"line":56,"column":null}},"type":"if","locations":[{"start":{"line":54,"column":8},"end":{"line":56,"column":null}},{"start":{},"end":{}}],"line":54},"5":{"loc":{"start":{"line":57,"column":81},"end":{"line":57,"column":109}},"type":"cond-expr","locations":[{"start":{"line":57,"column":92},"end":{"line":57,"column":107}},{"start":{"line":57,"column":107},"end":{"line":57,"column":109}}],"line":57},"6":{"loc":{"start":{"line":65,"column":22},"end":{"line":65,"column":null}},"type":"binary-expr","locations":[{"start":{"line":65,"column":22},"end":{"line":65,"column":52}},{"start":{"line":65,"column":52},"end":{"line":65,"column":null}}],"line":65},"7":{"loc":{"start":{"line":68,"column":8},"end":{"line":70,"column":null}},"type":"if","locations":[{"start":{"line":68,"column":8},"end":{"line":70,"column":null}},{"start":{},"end":{}}],"line":68},"8":{"loc":{"start":{"line":79,"column":17},"end":{"line":79,"column":null}},"type":"binary-expr","locations":[{"start":{"line":79,"column":17},"end":{"line":79,"column":37}},{"start":{"line":79,"column":37},"end":{"line":79,"column":null}}],"line":79},"9":{"loc":{"start":{"line":82,"column":8},"end":{"line":85,"column":null}},"type":"if","locations":[{"start":{"line":82,"column":8},"end":{"line":85,"column":null}},{"start":{},"end":{}}],"line":82},"10":{"loc":{"start":{"line":94,"column":4},"end":{"line":96,"column":null}},"type":"if","locations":[{"start":{"line":94,"column":4},"end":{"line":96,"column":null}},{"start":{},"end":{}}],"line":94},"11":{"loc":{"start":{"line":109,"column":8},"end":{"line":111,"column":null}},"type":"if","locations":[{"start":{"line":109,"column":8},"end":{"line":111,"column":null}},{"start":{},"end":{}}],"line":109},"12":{"loc":{"start":{"line":114,"column":4},"end":{"line":116,"column":null}},"type":"if","locations":[{"start":{"line":114,"column":4},"end":{"line":116,"column":null}},{"start":{},"end":{}}],"line":114},"13":{"loc":{"start":{"line":117,"column":4},"end":{"line":119,"column":null}},"type":"if","locations":[{"start":{"line":117,"column":4},"end":{"line":119,"column":null}},{"start":{},"end":{}}],"line":117},"14":{"loc":{"start":{"line":136,"column":8},"end":{"line":140,"column":null}},"type":"if","locations":[{"start":{"line":136,"column":8},"end":{"line":140,"column":null}},{"start":{"line":138,"column":15},"end":{"line":140,"column":null}}],"line":136},"15":{"loc":{"start":{"line":143,"column":4},"end":{"line":145,"column":null}},"type":"if","locations":[{"start":{"line":143,"column":4},"end":{"line":145,"column":null}},{"start":{},"end":{}}],"line":143},"16":{"loc":{"start":{"line":154,"column":4},"end":{"line":156,"column":null}},"type":"if","locations":[{"start":{"line":154,"column":4},"end":{"line":156,"column":null}},{"start":{},"end":{}}],"line":154},"17":{"loc":{"start":{"line":157,"column":4},"end":{"line":159,"column":null}},"type":"if","locations":[{"start":{"line":157,"column":4},"end":{"line":159,"column":null}},{"start":{},"end":{}}],"line":157},"18":{"loc":{"start":{"line":164,"column":4},"end":{"line":166,"column":null}},"type":"if","locations":[{"start":{"line":164,"column":4},"end":{"line":166,"column":null}},{"start":{},"end":{}}],"line":164},"19":{"loc":{"start":{"line":174,"column":8},"end":{"line":176,"column":null}},"type":"if","locations":[{"start":{"line":174,"column":8},"end":{"line":176,"column":null}},{"start":{},"end":{}}],"line":174},"20":{"loc":{"start":{"line":199,"column":8},"end":{"line":201,"column":null}},"type":"cond-expr","locations":[{"start":{"line":200,"column":14},"end":{"line":200,"column":null}},{"start":{"line":201,"column":14},"end":{"line":201,"column":null}}],"line":199},"21":{"loc":{"start":{"line":209,"column":4},"end":{"line":211,"column":null}},"type":"if","locations":[{"start":{"line":209,"column":4},"end":{"line":211,"column":null}},{"start":{"line":209,"column":33},"end":{"line":211,"column":null}}],"line":209},"22":{"loc":{"start":{"line":209,"column":33},"end":{"line":211,"column":null}},"type":"if","locations":[{"start":{"line":209,"column":33},"end":{"line":211,"column":null}},{"start":{"line":211,"column":9},"end":{"line":211,"column":null}}],"line":209},"23":{"loc":{"start":{"line":229,"column":25},"end":{"line":229,"column":null}},"type":"cond-expr","locations":[{"start":{"line":229,"column":48},"end":{"line":229,"column":77}},{"start":{"line":229,"column":77},"end":{"line":229,"column":null}}],"line":229},"24":{"loc":{"start":{"line":234,"column":24},"end":{"line":234,"column":null}},"type":"cond-expr","locations":[{"start":{"line":234,"column":55},"end":{"line":234,"column":62}},{"start":{"line":234,"column":62},"end":{"line":234,"column":null}}],"line":234},"25":{"loc":{"start":{"line":234,"column":62},"end":{"line":234,"column":null}},"type":"cond-expr","locations":[{"start":{"line":234,"column":94},"end":{"line":234,"column":101}},{"start":{"line":234,"column":101},"end":{"line":234,"column":null}}],"line":234},"26":{"loc":{"start":{"line":242,"column":0},"end":{"line":248,"column":null}},"type":"if","locations":[{"start":{"line":242,"column":0},"end":{"line":248,"column":null}},{"start":{},"end":{}}],"line":242},"27":{"loc":{"start":{"line":247,"column":23},"end":{"line":247,"column":null}},"type":"cond-expr","locations":[{"start":{"line":247,"column":56},"end":{"line":247,"column":60}},{"start":{"line":247,"column":60},"end":{"line":247,"column":null}}],"line":247}},"s":{"0":6,"1":6,"2":6,"3":6,"4":4,"5":0,"6":3,"7":3,"8":6,"9":1,"10":6,"11":2,"12":1,"13":3,"14":6,"15":6,"16":6,"17":6,"18":5,"19":4,"20":0,"21":2,"22":6,"23":6,"24":6,"25":6,"26":5,"27":4,"28":4,"29":0,"30":2,"31":6,"32":6,"33":0,"34":6,"35":6,"36":6,"37":36,"38":6,"39":6,"40":0,"41":6,"42":6,"43":0,"44":6,"45":6,"46":6,"47":6,"48":6,"49":18,"50":18,"51":18,"52":0,"53":6,"54":6,"55":0,"56":6,"57":6,"58":6,"59":6,"60":0,"61":6,"62":0,"63":6,"64":6,"65":6,"66":0,"67":6,"68":6,"69":6,"70":6,"71":6,"72":0,"73":6,"74":0,"75":6,"76":6,"77":42,"78":6,"79":42,"80":6,"81":42,"82":6,"83":42,"84":6,"85":3,"86":3,"87":3,"88":0,"89":6,"90":1,"91":0,"92":0,"93":0,"94":0,"95":0,"96":0,"97":0,"98":0,"99":0,"100":0,"101":0,"102":0,"103":1,"104":1,"105":0,"106":0,"107":0,"108":0,"109":0},"f":{"0":6,"1":1,"2":6,"3":6,"4":6,"5":6,"6":6,"7":6,"8":6,"9":42,"10":42,"11":42,"12":42,"13":0},"b":{"0":[6,0],"1":[0,4],"2":[3,1],"3":[6,1],"4":[2,4],"5":[1,0],"6":[6,6],"7":[4,1],"8":[6,0],"9":[4,1],"10":[0,6],"11":[6,30],"12":[0,6],"13":[6,0],"14":[18,0],"15":[6,0],"16":[0,6],"17":[0,6],"18":[0,6],"19":[0,6],"20":[42,0],"21":[3,3],"22":[3,0],"23":[0,0],"24":[0,0],"25":[0,0],"26":[0,1],"27":[0,0]},"meta":{"lastBranch":28,"lastFunction":14,"lastStatement":110,"seen":{"f:43:15:43:51":0,"s:44:18:44:Infinity":0,"s:45:22:45:Infinity":1,"b:45:22:45:53:45:53:45:Infinity":0,"s:46:4:60:Infinity":2,"s:47:21:47:Infinity":3,"b:48:8:50:Infinity:undefined:undefined:undefined:undefined":1,"s:48:8:50:Infinity":4,"s:49:12:49:Infinity":5,"s:51:21:51:Infinity":6,"s:52:27:52:Infinity":7,"b:52:27:52:50:52:50:52:Infinity":2,"s:53:25:53:Infinity":8,"b:53:25:53:77:53:77:53:Infinity":3,"f:53:43:53:48":1,"s:53:48:53:72":9,"b:54:8:56:Infinity:undefined:undefined:undefined:undefined":4,"s:54:8:56:Infinity":10,"s:55:12:55:Infinity":11,"s:57:8:57:Infinity":12,"b:57:92:57:107:57:107:57:109":5,"s:59:8:59:Infinity":13,"f:63:15:63:51":2,"s:64:18:64:Infinity":14,"s:65:22:65:Infinity":15,"b:65:22:65:52:65:52:65:Infinity":6,"s:66:4:74:Infinity":16,"s:67:21:67:Infinity":17,"b:68:8:70:Infinity:undefined:undefined:undefined:undefined":7,"s:68:8:70:Infinity":18,"s:69:12:69:Infinity":19,"s:71:8:71:Infinity":20,"s:73:8:73:Infinity":21,"f:77:15:77:56":3,"s:78:18:78:Infinity":22,"s:79:17:79:Infinity":23,"b:79:17:79:37:79:37:79:Infinity":8,"s:80:4:89:Infinity":24,"s:81:21:81:Infinity":25,"b:82:8:85:Infinity:undefined:undefined:undefined:undefined":9,"s:82:8:85:Infinity":26,"s:83:25:83:Infinity":27,"s:84:12:84:Infinity":28,"s:86:8:86:Infinity":29,"s:88:8:88:Infinity":30,"f:92:9:92:37":4,"s:93:18:93:Infinity":31,"b:94:4:96:Infinity:undefined:undefined:undefined:undefined":10,"s:94:4:96:Infinity":32,"s:95:8:95:Infinity":33,"s:98:25:105:Infinity":34,"s:107:30:107:Infinity":35,"s:108:4:112:Infinity":36,"b:109:8:111:Infinity:undefined:undefined:undefined:undefined":11,"s:109:8:111:Infinity":37,"s:110:12:110:Infinity":38,"b:114:4:116:Infinity:undefined:undefined:undefined:undefined":12,"s:114:4:116:Infinity":39,"s:115:8:115:Infinity":40,"b:117:4:119:Infinity:undefined:undefined:undefined:undefined":13,"s:117:4:119:Infinity":41,"s:118:8:118:Infinity":42,"s:120:4:120:Infinity":43,"f:123:9:123:39":5,"s:124:18:124:Infinity":44,"s:125:20:129:Infinity":45,"s:131:31:131:Infinity":46,"s:132:30:132:Infinity":47,"s:134:4:141:Infinity":48,"s:135:25:135:Infinity":49,"b:136:8:140:Infinity:138:15:140:Infinity":14,"s:136:8:140:Infinity":50,"s:137:12:137:Infinity":51,"s:139:12:139:Infinity":52,"b:143:4:145:Infinity:undefined:undefined:undefined:undefined":15,"s:143:4:145:Infinity":53,"s:144:8:144:Infinity":54,"s:146:4:146:Infinity":55,"f:149:9:149:44":6,"s:150:18:150:Infinity":56,"s:151:23:151:Infinity":57,"s:152:21:152:Infinity":58,"b:154:4:156:Infinity:undefined:undefined:undefined:undefined":16,"s:154:4:156:Infinity":59,"s:155:8:155:Infinity":60,"b:157:4:159:Infinity:undefined:undefined:undefined:undefined":17,"s:157:4:159:Infinity":61,"s:158:8:158:Infinity":62,"s:161:22:161:Infinity":63,"s:162:20:162:Infinity":64,"b:164:4:166:Infinity:undefined:undefined:undefined:undefined":18,"s:164:4:166:Infinity":65,"s:165:8:165:Infinity":66,"s:167:4:167:Infinity":67,"f:170:9:170:39":7,"s:171:18:171:Infinity":68,"s:172:4:180:Infinity":69,"s:173:24:173:Infinity":70,"b:174:8:176:Infinity:undefined:undefined:undefined:undefined":19,"s:174:8:176:Infinity":71,"s:175:12:175:Infinity":72,"s:177:8:177:Infinity":73,"s:179:8:179:Infinity":74,"f:187:22:187:62":8,"s:188:20:196:Infinity":75,"s:198:34:202:Infinity":76,"f:198:46:198:47":9,"s:199:8:201:Infinity":77,"b:200:14:200:Infinity:201:14:201:Infinity":20,"s:204:22:204:Infinity":78,"f:204:36:204:41":10,"s:204:41:204:60":79,"s:205:22:205:Infinity":80,"f:205:36:205:41":11,"s:205:41:205:60":81,"s:206:22:206:Infinity":82,"f:206:36:206:41":12,"s:206:41:206:60":83,"b:209:4:211:Infinity:209:33:211:Infinity":21,"s:209:4:211:Infinity":84,"s:209:23:209:Infinity":85,"b:209:33:211:Infinity:211:9:211:Infinity":22,"s:209:33:211:Infinity":86,"s:210:28:210:Infinity":87,"s:211:9:211:Infinity":88,"s:213:4:213:Infinity":89,"s:220:14:220:Infinity":90,"f:222:9:222:21":13,"s:223:4:223:Infinity":91,"s:224:4:224:Infinity":92,"s:225:4:225:Infinity":93,"s:227:4:231:Infinity":94,"s:228:21:228:Infinity":95,"s:229:25:229:Infinity":96,"b:229:48:229:77:229:77:229:Infinity":23,"s:230:8:230:Infinity":97,"s:233:4:233:Infinity":98,"s:234:24:234:Infinity":99,"b:234:55:234:62:234:62:234:Infinity":24,"b:234:94:234:101:234:101:234:Infinity":25,"s:235:4:235:Infinity":100,"s:236:4:236:Infinity":101,"s:237:4:237:Infinity":102,"s:241:20:241:Infinity":103,"b:242:0:248:Infinity:undefined:undefined:undefined:undefined":26,"s:242:0:248:Infinity":104,"s:244:4:244:Infinity":105,"s:244:10:244:41":106,"s:245:19:245:Infinity":107,"s:246:4:246:Infinity":108,"s:247:4:247:Infinity":109,"b:247:56:247:60:247:60:247:Infinity":27}}}
,"F:\\mcp-brunella-core\\src\\agents\\AgentManager.ts": {"path":"F:\\mcp-brunella-core\\src\\agents\\AgentManager.ts","statementMap":{"0":{"start":{"line":103,"column":40},"end":{"line":103,"column":null}},"1":{"start":{"line":107,"column":36},"end":{"line":107,"column":null}},"2":{"start":{"line":108,"column":26},"end":{"line":108,"column":null}},"3":{"start":{"line":110,"column":56},"end":{"line":110,"column":null}},"4":{"start":{"line":111,"column":101},"end":{"line":111,"column":null}},"5":{"start":{"line":112,"column":39},"end":{"line":112,"column":null}},"6":{"start":{"line":113,"column":35},"end":{"line":113,"column":null}},"7":{"start":{"line":116,"column":4},"end":{"line":116,"column":null}},"8":{"start":{"line":117,"column":4},"end":{"line":117,"column":null}},"9":{"start":{"line":118,"column":4},"end":{"line":118,"column":null}},"10":{"start":{"line":126,"column":4},"end":{"line":126,"column":null}},"11":{"start":{"line":129,"column":4},"end":{"line":131,"column":null}},"12":{"start":{"line":130,"column":6},"end":{"line":130,"column":null}},"13":{"start":{"line":134,"column":4},"end":{"line":140,"column":null}},"14":{"start":{"line":135,"column":6},"end":{"line":139,"column":null}},"15":{"start":{"line":136,"column":8},"end":{"line":136,"column":null}},"16":{"start":{"line":138,"column":8},"end":{"line":138,"column":null}},"17":{"start":{"line":143,"column":4},"end":{"line":145,"column":null}},"18":{"start":{"line":144,"column":6},"end":{"line":144,"column":null}},"19":{"start":{"line":148,"column":4},"end":{"line":153,"column":null}},"20":{"start":{"line":148,"column":63},"end":{"line":148,"column":74}},"21":{"start":{"line":149,"column":20},"end":{"line":149,"column":null}},"22":{"start":{"line":150,"column":6},"end":{"line":152,"column":null}},"23":{"start":{"line":151,"column":8},"end":{"line":151,"column":null}},"24":{"start":{"line":155,"column":4},"end":{"line":155,"column":null}},"25":{"start":{"line":160,"column":4},"end":{"line":163,"column":null}},"26":{"start":{"line":161,"column":6},"end":{"line":161,"column":null}},"27":{"start":{"line":162,"column":6},"end":{"line":162,"column":null}},"28":{"start":{"line":165,"column":17},"end":{"line":165,"column":null}},"29":{"start":{"line":166,"column":15},"end":{"line":166,"column":null}},"30":{"start":{"line":168,"column":23},"end":{"line":168,"column":null}},"31":{"start":{"line":170,"column":4},"end":{"line":173,"column":null}},"32":{"start":{"line":171,"column":6},"end":{"line":171,"column":null}},"33":{"start":{"line":172,"column":6},"end":{"line":172,"column":null}},"34":{"start":{"line":175,"column":10},"end":{"line":175,"column":null}},"35":{"start":{"line":176,"column":18},"end":{"line":176,"column":null}},"36":{"start":{"line":178,"column":4},"end":{"line":178,"column":null}},"37":{"start":{"line":179,"column":4},"end":{"line":179,"column":null}},"38":{"start":{"line":180,"column":4},"end":{"line":180,"column":null}},"39":{"start":{"line":182,"column":4},"end":{"line":182,"column":null}},"40":{"start":{"line":183,"column":4},"end":{"line":183,"column":null}},"41":{"start":{"line":184,"column":4},"end":{"line":184,"column":null}},"42":{"start":{"line":188,"column":4},"end":{"line":194,"column":null}},"43":{"start":{"line":189,"column":6},"end":{"line":193,"column":null}},"44":{"start":{"line":195,"column":4},"end":{"line":195,"column":null}},"45":{"start":{"line":199,"column":20},"end":{"line":199,"column":null}},"46":{"start":{"line":200,"column":4},"end":{"line":200,"column":null}},"47":{"start":{"line":204,"column":28},"end":{"line":204,"column":null}},"48":{"start":{"line":204,"column":59},"end":{"line":204,"column":81}},"49":{"start":{"line":205,"column":4},"end":{"line":211,"column":null}},"50":{"start":{"line":206,"column":6},"end":{"line":206,"column":null}},"51":{"start":{"line":207,"column":6},"end":{"line":210,"column":null}},"52":{"start":{"line":208,"column":8},"end":{"line":208,"column":null}},"53":{"start":{"line":209,"column":8},"end":{"line":209,"column":null}},"54":{"start":{"line":222,"column":22},"end":{"line":222,"column":null}},"55":{"start":{"line":224,"column":4},"end":{"line":224,"column":null}},"56":{"start":{"line":227,"column":4},"end":{"line":259,"column":null}},"57":{"start":{"line":228,"column":6},"end":{"line":258,"column":null}},"58":{"start":{"line":229,"column":8},"end":{"line":229,"column":null}},"59":{"start":{"line":230,"column":27},"end":{"line":230,"column":null}},"60":{"start":{"line":232,"column":8},"end":{"line":238,"column":null}},"61":{"start":{"line":233,"column":10},"end":{"line":237,"column":null}},"62":{"start":{"line":241,"column":8},"end":{"line":245,"column":null}},"63":{"start":{"line":242,"column":10},"end":{"line":242,"column":null}},"64":{"start":{"line":244,"column":10},"end":{"line":244,"column":null}},"65":{"start":{"line":247,"column":8},"end":{"line":247,"column":null}},"66":{"start":{"line":249,"column":8},"end":{"line":257,"column":null}},"67":{"start":{"line":250,"column":10},"end":{"line":256,"column":null}},"68":{"start":{"line":262,"column":4},"end":{"line":262,"column":null}},"69":{"start":{"line":269,"column":4},"end":{"line":275,"column":null}},"70":{"start":{"line":270,"column":6},"end":{"line":274,"column":null}},"71":{"start":{"line":277,"column":19},"end":{"line":277,"column":null}},"72":{"start":{"line":280,"column":4},"end":{"line":280,"column":null}},"73":{"start":{"line":287,"column":24},"end":{"line":287,"column":null}},"74":{"start":{"line":289,"column":4},"end":{"line":296,"column":null}},"75":{"start":{"line":290,"column":6},"end":{"line":295,"column":null}},"76":{"start":{"line":298,"column":19},"end":{"line":298,"column":null}},"77":{"start":{"line":300,"column":4},"end":{"line":303,"column":null}},"78":{"start":{"line":310,"column":15},"end":{"line":310,"column":null}},"79":{"start":{"line":313,"column":10},"end":{"line":313,"column":null}},"80":{"start":{"line":316,"column":10},"end":{"line":316,"column":null}},"81":{"start":{"line":317,"column":4},"end":{"line":327,"column":null}},"82":{"start":{"line":319,"column":6},"end":{"line":319,"column":null}},"83":{"start":{"line":320,"column":6},"end":{"line":320,"column":null}},"84":{"start":{"line":321,"column":6},"end":{"line":326,"column":null}},"85":{"start":{"line":328,"column":4},"end":{"line":328,"column":null}},"86":{"start":{"line":331,"column":4},"end":{"line":347,"column":null}},"87":{"start":{"line":332,"column":24},"end":{"line":332,"column":null}},"88":{"start":{"line":333,"column":6},"end":{"line":346,"column":null}},"89":{"start":{"line":334,"column":8},"end":{"line":334,"column":null}},"90":{"start":{"line":335,"column":8},"end":{"line":335,"column":null}},"91":{"start":{"line":336,"column":8},"end":{"line":340,"column":null}},"92":{"start":{"line":343,"column":8},"end":{"line":343,"column":null}},"93":{"start":{"line":344,"column":8},"end":{"line":344,"column":null}},"94":{"start":{"line":345,"column":8},"end":{"line":345,"column":null}},"95":{"start":{"line":349,"column":18},"end":{"line":349,"column":null}},"96":{"start":{"line":350,"column":4},"end":{"line":358,"column":null}},"97":{"start":{"line":351,"column":6},"end":{"line":351,"column":null}},"98":{"start":{"line":352,"column":6},"end":{"line":357,"column":null}},"99":{"start":{"line":360,"column":46},"end":{"line":372,"column":null}},"100":{"start":{"line":363,"column":8},"end":{"line":363,"column":null}},"101":{"start":{"line":364,"column":8},"end":{"line":364,"column":null}},"102":{"start":{"line":365,"column":8},"end":{"line":365,"column":null}},"103":{"start":{"line":366,"column":8},"end":{"line":366,"column":null}},"104":{"start":{"line":367,"column":8},"end":{"line":370,"column":null}},"105":{"start":{"line":368,"column":10},"end":{"line":368,"column":null}},"106":{"start":{"line":369,"column":10},"end":{"line":369,"column":null}},"107":{"start":{"line":374,"column":4},"end":{"line":459,"column":null}},"108":{"start":{"line":375,"column":21},"end":{"line":404,"column":null}},"109":{"start":{"line":378,"column":10},"end":{"line":380,"column":null}},"110":{"start":{"line":379,"column":12},"end":{"line":379,"column":null}},"111":{"start":{"line":382,"column":10},"end":{"line":386,"column":null}},"112":{"start":{"line":387,"column":10},"end":{"line":387,"column":null}},"113":{"start":{"line":389,"column":20},"end":{"line":389,"column":null}},"114":{"start":{"line":392,"column":10},"end":{"line":400,"column":null}},"115":{"start":{"line":393,"column":27},"end":{"line":393,"column":null}},"116":{"start":{"line":394,"column":12},"end":{"line":396,"column":null}},"117":{"start":{"line":395,"column":14},"end":{"line":395,"column":null}},"118":{"start":{"line":397,"column":12},"end":{"line":397,"column":null}},"119":{"start":{"line":399,"column":12},"end":{"line":399,"column":null}},"120":{"start":{"line":407,"column":6},"end":{"line":407,"column":null}},"121":{"start":{"line":408,"column":6},"end":{"line":408,"column":null}},"122":{"start":{"line":410,"column":22},"end":{"line":410,"column":null}},"123":{"start":{"line":411,"column":6},"end":{"line":415,"column":null}},"124":{"start":{"line":416,"column":6},"end":{"line":416,"column":null}},"125":{"start":{"line":419,"column":6},"end":{"line":424,"column":null}},"126":{"start":{"line":427,"column":6},"end":{"line":427,"column":null}},"127":{"start":{"line":430,"column":6},"end":{"line":430,"column":null}},"128":{"start":{"line":432,"column":6},"end":{"line":432,"column":null}},"129":{"start":{"line":434,"column":6},"end":{"line":434,"column":null}},"130":{"start":{"line":437,"column":6},"end":{"line":439,"column":null}},"131":{"start":{"line":437,"column":87},"end":{"line":438,"column":null}},"132":{"start":{"line":440,"column":6},"end":{"line":440,"column":null}},"133":{"start":{"line":443,"column":6},"end":{"line":443,"column":null}},"134":{"start":{"line":445,"column":22},"end":{"line":445,"column":null}},"135":{"start":{"line":446,"column":6},"end":{"line":450,"column":null}},"136":{"start":{"line":451,"column":6},"end":{"line":451,"column":null}},"137":{"start":{"line":453,"column":6},"end":{"line":458,"column":null}},"138":{"start":{"line":463,"column":4},"end":{"line":465,"column":null}},"139":{"start":{"line":464,"column":6},"end":{"line":464,"column":null}},"140":{"start":{"line":466,"column":4},"end":{"line":466,"column":null}},"141":{"start":{"line":473,"column":29},"end":{"line":473,"column":null}},"142":{"start":{"line":476,"column":4},"end":{"line":481,"column":null}},"143":{"start":{"line":477,"column":20},"end":{"line":477,"column":null}},"144":{"start":{"line":478,"column":6},"end":{"line":480,"column":null}},"145":{"start":{"line":479,"column":8},"end":{"line":479,"column":null}},"146":{"start":{"line":484,"column":4},"end":{"line":492,"column":null}},"147":{"start":{"line":485,"column":6},"end":{"line":491,"column":null}},"148":{"start":{"line":486,"column":8},"end":{"line":490,"column":null}},"149":{"start":{"line":487,"column":10},"end":{"line":489,"column":null}},"150":{"start":{"line":488,"column":12},"end":{"line":488,"column":null}},"151":{"start":{"line":495,"column":4},"end":{"line":495,"column":null}},"152":{"start":{"line":506,"column":4},"end":{"line":506,"column":null}},"153":{"start":{"line":513,"column":4},"end":{"line":520,"column":null}},"154":{"start":{"line":514,"column":22},"end":{"line":514,"column":null}},"155":{"start":{"line":515,"column":6},"end":{"line":519,"column":null}},"156":{"start":{"line":524,"column":4},"end":{"line":535,"column":null}},"157":{"start":{"line":525,"column":22},"end":{"line":525,"column":null}},"158":{"start":{"line":526,"column":6},"end":{"line":534,"column":null}},"159":{"start":{"line":542,"column":4},"end":{"line":546,"column":null}},"160":{"start":{"line":542,"column":69},"end":{"line":546,"column":6}},"161":{"start":{"line":553,"column":4},"end":{"line":553,"column":null}},"162":{"start":{"line":554,"column":4},"end":{"line":554,"column":null}},"163":{"start":{"line":561,"column":4},"end":{"line":565,"column":null}},"164":{"start":{"line":574,"column":30},"end":{"line":580,"column":null}},"165":{"start":{"line":581,"column":4},"end":{"line":581,"column":null}},"166":{"start":{"line":582,"column":4},"end":{"line":582,"column":null}},"167":{"start":{"line":583,"column":4},"end":{"line":583,"column":null}},"168":{"start":{"line":588,"column":4},"end":{"line":588,"column":null}},"169":{"start":{"line":591,"column":4},"end":{"line":607,"column":null}},"170":{"start":{"line":592,"column":6},"end":{"line":592,"column":null}},"171":{"start":{"line":593,"column":6},"end":{"line":606,"column":null}},"172":{"start":{"line":594,"column":21},"end":{"line":594,"column":null}},"173":{"start":{"line":595,"column":8},"end":{"line":597,"column":null}},"174":{"start":{"line":596,"column":10},"end":{"line":596,"column":null}},"175":{"start":{"line":599,"column":25},"end":{"line":599,"column":null}},"176":{"start":{"line":600,"column":28},"end":{"line":600,"column":null}},"177":{"start":{"line":602,"column":8},"end":{"line":602,"column":null}},"178":{"start":{"line":604,"column":8},"end":{"line":604,"column":null}},"179":{"start":{"line":605,"column":8},"end":{"line":605,"column":null}},"180":{"start":{"line":609,"column":27},"end":{"line":609,"column":null}},"181":{"start":{"line":610,"column":4},"end":{"line":610,"column":null}},"182":{"start":{"line":613,"column":36},"end":{"line":613,"column":null}},"183":{"start":{"line":614,"column":4},"end":{"line":619,"column":null}},"184":{"start":{"line":615,"column":6},"end":{"line":618,"column":null}},"185":{"start":{"line":616,"column":8},"end":{"line":616,"column":null}},"186":{"start":{"line":617,"column":8},"end":{"line":617,"column":null}},"187":{"start":{"line":621,"column":4},"end":{"line":636,"column":null}},"188":{"start":{"line":622,"column":6},"end":{"line":622,"column":null}},"189":{"start":{"line":623,"column":21},"end":{"line":628,"column":null}},"190":{"start":{"line":630,"column":6},"end":{"line":630,"column":null}},"191":{"start":{"line":632,"column":6},"end":{"line":634,"column":null}},"192":{"start":{"line":633,"column":8},"end":{"line":633,"column":null}},"193":{"start":{"line":635,"column":6},"end":{"line":635,"column":null}},"194":{"start":{"line":638,"column":4},"end":{"line":638,"column":null}},"195":{"start":{"line":641,"column":17},"end":{"line":645,"column":null}},"196":{"start":{"line":647,"column":4},"end":{"line":659,"column":null}},"197":{"start":{"line":648,"column":18},"end":{"line":648,"column":null}},"198":{"start":{"line":650,"column":6},"end":{"line":653,"column":null}},"199":{"start":{"line":651,"column":26},"end":{"line":651,"column":null}},"200":{"start":{"line":652,"column":8},"end":{"line":652,"column":null}},"201":{"start":{"line":655,"column":6},"end":{"line":655,"column":null}},"202":{"start":{"line":657,"column":6},"end":{"line":657,"column":null}},"203":{"start":{"line":657,"column":16},"end":{"line":657,"column":null}},"204":{"start":{"line":658,"column":6},"end":{"line":658,"column":null}},"205":{"start":{"line":664,"column":23},"end":{"line":664,"column":null}},"206":{"start":{"line":665,"column":17},"end":{"line":669,"column":null}},"207":{"start":{"line":671,"column":15},"end":{"line":671,"column":null}},"208":{"start":{"line":672,"column":4},"end":{"line":680,"column":null}},"209":{"start":{"line":681,"column":4},"end":{"line":681,"column":null}},"210":{"start":{"line":686,"column":4},"end":{"line":686,"column":null}},"211":{"start":{"line":691,"column":20},"end":{"line":691,"column":null}},"212":{"start":{"line":691,"column":45},"end":{"line":691,"column":67}},"213":{"start":{"line":692,"column":4},"end":{"line":692,"column":null}},"214":{"start":{"line":692,"column":18},"end":{"line":692,"column":null}},"215":{"start":{"line":694,"column":4},"end":{"line":694,"column":null}},"216":{"start":{"line":695,"column":4},"end":{"line":695,"column":null}},"217":{"start":{"line":696,"column":4},"end":{"line":696,"column":null}},"218":{"start":{"line":698,"column":4},"end":{"line":708,"column":null}},"219":{"start":{"line":699,"column":21},"end":{"line":699,"column":null}},"220":{"start":{"line":700,"column":6},"end":{"line":700,"column":null}},"221":{"start":{"line":701,"column":24},"end":{"line":701,"column":null}},"222":{"start":{"line":702,"column":6},"end":{"line":702,"column":null}},"223":{"start":{"line":703,"column":6},"end":{"line":703,"column":null}},"224":{"start":{"line":705,"column":6},"end":{"line":705,"column":null}},"225":{"start":{"line":706,"column":6},"end":{"line":706,"column":null}},"226":{"start":{"line":707,"column":6},"end":{"line":707,"column":null}},"227":{"start":{"line":712,"column":17},"end":{"line":712,"column":null}},"228":{"start":{"line":712,"column":42},"end":{"line":712,"column":57}},"229":{"start":{"line":713,"column":4},"end":{"line":713,"column":null}},"230":{"start":{"line":713,"column":15},"end":{"line":713,"column":null}},"231":{"start":{"line":714,"column":4},"end":{"line":714,"column":null}},"232":{"start":{"line":715,"column":4},"end":{"line":715,"column":null}},"233":{"start":{"line":716,"column":4},"end":{"line":716,"column":null}},"234":{"start":{"line":720,"column":17},"end":{"line":720,"column":null}},"235":{"start":{"line":720,"column":42},"end":{"line":720,"column":57}},"236":{"start":{"line":721,"column":4},"end":{"line":721,"column":null}},"237":{"start":{"line":721,"column":15},"end":{"line":721,"column":null}},"238":{"start":{"line":722,"column":4},"end":{"line":722,"column":null}},"239":{"start":{"line":723,"column":4},"end":{"line":723,"column":null}},"240":{"start":{"line":724,"column":4},"end":{"line":724,"column":null}},"241":{"start":{"line":725,"column":4},"end":{"line":725,"column":null}},"242":{"start":{"line":730,"column":4},"end":{"line":730,"column":null}},"243":{"start":{"line":735,"column":4},"end":{"line":735,"column":null}},"244":{"start":{"line":740,"column":4},"end":{"line":740,"column":null}},"245":{"start":{"line":740,"column":29},"end":{"line":740,"column":null}},"246":{"start":{"line":741,"column":4},"end":{"line":763,"column":null}},"247":{"start":{"line":742,"column":22},"end":{"line":742,"column":null}},"248":{"start":{"line":742,"column":47},"end":{"line":742,"column":69}},"249":{"start":{"line":743,"column":6},"end":{"line":743,"column":null}},"250":{"start":{"line":743,"column":20},"end":{"line":743,"column":null}},"251":{"start":{"line":744,"column":6},"end":{"line":744,"column":null}},"252":{"start":{"line":745,"column":6},"end":{"line":745,"column":null}},"253":{"start":{"line":746,"column":6},"end":{"line":762,"column":null}},"254":{"start":{"line":747,"column":23},"end":{"line":747,"column":null}},"255":{"start":{"line":749,"column":8},"end":{"line":749,"column":null}},"256":{"start":{"line":750,"column":26},"end":{"line":750,"column":null}},"257":{"start":{"line":751,"column":8},"end":{"line":751,"column":null}},"258":{"start":{"line":753,"column":8},"end":{"line":757,"column":null}},"259":{"start":{"line":754,"column":10},"end":{"line":754,"column":null}},"260":{"start":{"line":756,"column":10},"end":{"line":756,"column":null}},"261":{"start":{"line":759,"column":8},"end":{"line":759,"column":null}},"262":{"start":{"line":760,"column":8},"end":{"line":760,"column":null}},"263":{"start":{"line":761,"column":8},"end":{"line":761,"column":null}},"264":{"start":{"line":764,"column":4},"end":{"line":764,"column":null}},"265":{"start":{"line":769,"column":4},"end":{"line":773,"column":null}},"266":{"start":{"line":770,"column":6},"end":{"line":770,"column":null}},"267":{"start":{"line":771,"column":6},"end":{"line":771,"column":null}},"268":{"start":{"line":772,"column":6},"end":{"line":772,"column":null}},"269":{"start":{"line":778,"column":25},"end":{"line":778,"column":null}},"270":{"start":{"line":779,"column":4},"end":{"line":779,"column":null}},"271":{"start":{"line":779,"column":23},"end":{"line":779,"column":null}},"272":{"start":{"line":780,"column":16},"end":{"line":780,"column":null}},"273":{"start":{"line":783,"column":4},"end":{"line":787,"column":null}},"274":{"start":{"line":784,"column":21},"end":{"line":784,"column":null}},"275":{"start":{"line":785,"column":22},"end":{"line":785,"column":null}},"276":{"start":{"line":786,"column":6},"end":{"line":786,"column":null}},"277":{"start":{"line":789,"column":4},"end":{"line":789,"column":null}},"278":{"start":{"line":794,"column":28},"end":{"line":794,"column":null}},"279":{"start":{"line":795,"column":4},"end":{"line":817,"column":null}},"280":{"start":{"line":796,"column":16},"end":{"line":796,"column":null}},"281":{"start":{"line":796,"column":41},"end":{"line":796,"column":52}},"282":{"start":{"line":797,"column":6},"end":{"line":797,"column":null}},"283":{"start":{"line":797,"column":40},"end":{"line":797,"column":null}},"284":{"start":{"line":798,"column":6},"end":{"line":798,"column":null}},"285":{"start":{"line":799,"column":6},"end":{"line":816,"column":null}},"286":{"start":{"line":800,"column":23},"end":{"line":800,"column":null}},"287":{"start":{"line":802,"column":8},"end":{"line":811,"column":null}},"288":{"start":{"line":803,"column":10},"end":{"line":803,"column":null}},"289":{"start":{"line":804,"column":23},"end":{"line":804,"column":null}},"290":{"start":{"line":805,"column":10},"end":{"line":805,"column":null}},"291":{"start":{"line":806,"column":10},"end":{"line":806,"column":null}},"292":{"start":{"line":808,"column":10},"end":{"line":808,"column":null}},"293":{"start":{"line":809,"column":10},"end":{"line":809,"column":null}},"294":{"start":{"line":810,"column":10},"end":{"line":810,"column":null}},"295":{"start":{"line":813,"column":8},"end":{"line":813,"column":null}},"296":{"start":{"line":814,"column":8},"end":{"line":814,"column":null}},"297":{"start":{"line":815,"column":8},"end":{"line":815,"column":null}},"298":{"start":{"line":818,"column":4},"end":{"line":818,"column":null}},"299":{"start":{"line":827,"column":4},"end":{"line":835,"column":null}},"300":{"start":{"line":829,"column":6},"end":{"line":834,"column":null}},"301":{"start":{"line":837,"column":4},"end":{"line":850,"column":null}},"302":{"start":{"line":839,"column":19},"end":{"line":839,"column":null}},"303":{"start":{"line":840,"column":17},"end":{"line":840,"column":null}},"304":{"start":{"line":842,"column":27},"end":{"line":842,"column":null}},"305":{"start":{"line":844,"column":6},"end":{"line":847,"column":null}},"306":{"start":{"line":845,"column":24},"end":{"line":845,"column":null}},"307":{"start":{"line":846,"column":8},"end":{"line":846,"column":null}},"308":{"start":{"line":849,"column":6},"end":{"line":849,"column":null}},"309":{"start":{"line":853,"column":4},"end":{"line":858,"column":null}},"310":{"start":{"line":864,"column":4},"end":{"line":869,"column":null}},"311":{"start":{"line":873,"column":4},"end":{"line":879,"column":null}},"312":{"start":{"line":883,"column":28},"end":{"line":883,"column":null}}},"fnMap":{"0":{"name":"(anonymous_0)","decl":{"start":{"line":115,"column":2},"end":{"line":115,"column":16}},"loc":{"start":{"line":115,"column":16},"end":{"line":119,"column":null}},"line":115},"1":{"name":"(anonymous_1)","decl":{"start":{"line":125,"column":8},"end":{"line":125,"column":36}},"loc":{"start":{"line":125,"column":36},"end":{"line":156,"column":null}},"line":125},"2":{"name":"(anonymous_2)","decl":{"start":{"line":148,"column":58},"end":{"line":148,"column":63}},"loc":{"start":{"line":148,"column":63},"end":{"line":148,"column":74}},"line":148},"3":{"name":"(anonymous_3)","decl":{"start":{"line":158,"column":16},"end":{"line":158,"column":26}},"loc":{"start":{"line":158,"column":62},"end":{"line":185,"column":null}},"line":158},"4":{"name":"(anonymous_4)","decl":{"start":{"line":187,"column":10},"end":{"line":187,"column":29}},"loc":{"start":{"line":187,"column":66},"end":{"line":196,"column":null}},"line":187},"5":{"name":"(anonymous_5)","decl":{"start":{"line":198,"column":10},"end":{"line":198,"column":29}},"loc":{"start":{"line":198,"column":84},"end":{"line":201,"column":null}},"line":198},"6":{"name":"(anonymous_6)","decl":{"start":{"line":203,"column":16},"end":{"line":203,"column":53}},"loc":{"start":{"line":203,"column":53},"end":{"line":212,"column":null}},"line":203},"7":{"name":"(anonymous_7)","decl":{"start":{"line":204,"column":54},"end":{"line":204,"column":59}},"loc":{"start":{"line":204,"column":59},"end":{"line":204,"column":81}},"line":204},"8":{"name":"(anonymous_8)","decl":{"start":{"line":221,"column":8},"end":{"line":221,"column":21}},"loc":{"start":{"line":221,"column":54},"end":{"line":263,"column":null}},"line":221},"9":{"name":"(anonymous_9)","decl":{"start":{"line":268,"column":16},"end":{"line":268,"column":31}},"loc":{"start":{"line":268,"column":64},"end":{"line":281,"column":null}},"line":268},"10":{"name":"(anonymous_10)","decl":{"start":{"line":286,"column":16},"end":{"line":286,"column":32}},"loc":{"start":{"line":286,"column":84},"end":{"line":304,"column":null}},"line":286},"11":{"name":"(anonymous_11)","decl":{"start":{"line":309,"column":16},"end":{"line":309,"column":38}},"loc":{"start":{"line":309,"column":182},"end":{"line":460,"column":null}},"line":309},"12":{"name":"(anonymous_12)","decl":{"start":{"line":362,"column":15},"end":{"line":362,"column":16}},"loc":{"start":{"line":362,"column":42},"end":{"line":371,"column":null}},"line":362},"13":{"name":"(anonymous_13)","decl":{"start":{"line":376,"column":8},"end":{"line":376,"column":20}},"loc":{"start":{"line":376,"column":20},"end":{"line":401,"column":null}},"line":376},"14":{"name":"(anonymous_14)","decl":{"start":{"line":424,"column":14},"end":{"line":424,"column":20}},"loc":{"start":{"line":424,"column":20},"end":{"line":424,"column":42}},"line":424},"15":{"name":"(anonymous_15)","decl":{"start":{"line":427,"column":71},"end":{"line":427,"column":77}},"loc":{"start":{"line":427,"column":77},"end":{"line":427,"column":99}},"line":427},"16":{"name":"(anonymous_16)","decl":{"start":{"line":437,"column":86},"end":{"line":437,"column":87}},"loc":{"start":{"line":437,"column":87},"end":{"line":438,"column":null}},"line":437},"17":{"name":"(anonymous_17)","decl":{"start":{"line":462,"column":10},"end":{"line":462,"column":28}},"loc":{"start":{"line":462,"column":47},"end":{"line":467,"column":null}},"line":462},"18":{"name":"(anonymous_18)","decl":{"start":{"line":472,"column":10},"end":{"line":472,"column":20}},"loc":{"start":{"line":472,"column":56},"end":{"line":496,"column":null}},"line":472},"19":{"name":"(anonymous_19)","decl":{"start":{"line":505,"column":2},"end":{"line":505,"column":11}},"loc":{"start":{"line":505,"column":40},"end":{"line":507,"column":null}},"line":505},"20":{"name":"(anonymous_20)","decl":{"start":{"line":512,"column":2},"end":{"line":512,"column":77}},"loc":{"start":{"line":512,"column":77},"end":{"line":521,"column":null}},"line":512},"21":{"name":"(anonymous_21)","decl":{"start":{"line":513,"column":49},"end":{"line":513,"column":50}},"loc":{"start":{"line":513,"column":68},"end":{"line":520,"column":5}},"line":513},"22":{"name":"(anonymous_22)","decl":{"start":{"line":523,"column":2},"end":{"line":523,"column":178}},"loc":{"start":{"line":523,"column":178},"end":{"line":536,"column":null}},"line":523},"23":{"name":"(anonymous_23)","decl":{"start":{"line":524,"column":49},"end":{"line":524,"column":50}},"loc":{"start":{"line":524,"column":68},"end":{"line":535,"column":5}},"line":524},"24":{"name":"(anonymous_24)","decl":{"start":{"line":541,"column":2},"end":{"line":541,"column":86}},"loc":{"start":{"line":541,"column":86},"end":{"line":547,"column":null}},"line":541},"25":{"name":"(anonymous_25)","decl":{"start":{"line":542,"column":49},"end":{"line":542,"column":50}},"loc":{"start":{"line":542,"column":69},"end":{"line":546,"column":6}},"line":542},"26":{"name":"(anonymous_26)","decl":{"start":{"line":552,"column":2},"end":{"line":552,"column":19}},"loc":{"start":{"line":552,"column":54},"end":{"line":555,"column":null}},"line":552},"27":{"name":"(anonymous_27)","decl":{"start":{"line":560,"column":2},"end":{"line":560,"column":84}},"loc":{"start":{"line":560,"column":84},"end":{"line":566,"column":null}},"line":560},"28":{"name":"(anonymous_28)","decl":{"start":{"line":573,"column":2},"end":{"line":573,"column":16}},"loc":{"start":{"line":573,"column":189},"end":{"line":584,"column":null}},"line":573},"29":{"name":"(anonymous_29)","decl":{"start":{"line":587,"column":8},"end":{"line":587,"column":17}},"loc":{"start":{"line":587,"column":103},"end":{"line":660,"column":null}},"line":587},"30":{"name":"(anonymous_30)","decl":{"start":{"line":599,"column":25},"end":{"line":599,"column":26}},"loc":{"start":{"line":599,"column":55},"end":{"line":599,"column":null}},"line":599},"31":{"name":"(anonymous_31)","decl":{"start":{"line":663,"column":8},"end":{"line":663,"column":18}},"loc":{"start":{"line":663,"column":125},"end":{"line":682,"column":null}},"line":663},"32":{"name":"(anonymous_32)","decl":{"start":{"line":685,"column":2},"end":{"line":685,"column":30}},"loc":{"start":{"line":685,"column":30},"end":{"line":687,"column":null}},"line":685},"33":{"name":"(anonymous_33)","decl":{"start":{"line":690,"column":8},"end":{"line":690,"column":101}},"loc":{"start":{"line":690,"column":101},"end":{"line":709,"column":null}},"line":690},"34":{"name":"(anonymous_34)","decl":{"start":{"line":691,"column":40},"end":{"line":691,"column":45}},"loc":{"start":{"line":691,"column":45},"end":{"line":691,"column":67}},"line":691},"35":{"name":"(anonymous_35)","decl":{"start":{"line":711,"column":8},"end":{"line":711,"column":19}},"loc":{"start":{"line":711,"column":53},"end":{"line":717,"column":null}},"line":711},"36":{"name":"(anonymous_36)","decl":{"start":{"line":712,"column":37},"end":{"line":712,"column":42}},"loc":{"start":{"line":712,"column":42},"end":{"line":712,"column":57}},"line":712},"37":{"name":"(anonymous_37)","decl":{"start":{"line":719,"column":8},"end":{"line":719,"column":18}},"loc":{"start":{"line":719,"column":52},"end":{"line":726,"column":null}},"line":719},"38":{"name":"(anonymous_38)","decl":{"start":{"line":720,"column":37},"end":{"line":720,"column":42}},"loc":{"start":{"line":720,"column":42},"end":{"line":720,"column":57}},"line":720},"39":{"name":"(anonymous_39)","decl":{"start":{"line":729,"column":2},"end":{"line":729,"column":89}},"loc":{"start":{"line":729,"column":89},"end":{"line":731,"column":null}},"line":729},"40":{"name":"(anonymous_40)","decl":{"start":{"line":734,"column":2},"end":{"line":734,"column":32}},"loc":{"start":{"line":734,"column":32},"end":{"line":736,"column":null}},"line":734},"41":{"name":"(anonymous_41)","decl":{"start":{"line":739,"column":2},"end":{"line":739,"column":26}},"loc":{"start":{"line":739,"column":26},"end":{"line":765,"column":null}},"line":739},"42":{"name":"(anonymous_42)","decl":{"start":{"line":741,"column":38},"end":{"line":741,"column":50}},"loc":{"start":{"line":741,"column":50},"end":{"line":763,"column":7}},"line":741},"43":{"name":"(anonymous_43)","decl":{"start":{"line":742,"column":42},"end":{"line":742,"column":47}},"loc":{"start":{"line":742,"column":47},"end":{"line":742,"column":69}},"line":742},"44":{"name":"(anonymous_44)","decl":{"start":{"line":768,"column":2},"end":{"line":768,"column":25}},"loc":{"start":{"line":768,"column":25},"end":{"line":774,"column":null}},"line":768},"45":{"name":"(anonymous_45)","decl":{"start":{"line":777,"column":8},"end":{"line":777,"column":19}},"loc":{"start":{"line":777,"column":101},"end":{"line":790,"column":null}},"line":777},"46":{"name":"(anonymous_46)","decl":{"start":{"line":793,"column":8},"end":{"line":793,"column":20}},"loc":{"start":{"line":793,"column":112},"end":{"line":819,"column":null}},"line":793},"47":{"name":"(anonymous_47)","decl":{"start":{"line":796,"column":36},"end":{"line":796,"column":41}},"loc":{"start":{"line":796,"column":41},"end":{"line":796,"column":52}},"line":796},"48":{"name":"(anonymous_48)","decl":{"start":{"line":825,"column":16},"end":{"line":825,"column":61}},"loc":{"start":{"line":825,"column":61},"end":{"line":859,"column":null}},"line":825},"49":{"name":"(anonymous_49)","decl":{"start":{"line":861,"column":10},"end":{"line":861,"column":41}},"loc":{"start":{"line":861,"column":41},"end":{"line":870,"column":null}},"line":861},"50":{"name":"(anonymous_50)","decl":{"start":{"line":872,"column":10},"end":{"line":872,"column":39}},"loc":{"start":{"line":872,"column":39},"end":{"line":880,"column":null}},"line":872}},"branchMap":{"0":{"loc":{"start":{"line":129,"column":4},"end":{"line":131,"column":null}},"type":"if","locations":[{"start":{"line":129,"column":4},"end":{"line":131,"column":null}},{"start":{},"end":{}}],"line":129},"1":{"loc":{"start":{"line":129,"column":8},"end":{"line":129,"column":66}},"type":"binary-expr","locations":[{"start":{"line":129,"column":8},"end":{"line":129,"column":42}},{"start":{"line":129,"column":42},"end":{"line":129,"column":66}}],"line":129},"2":{"loc":{"start":{"line":143,"column":4},"end":{"line":145,"column":null}},"type":"if","locations":[{"start":{"line":143,"column":4},"end":{"line":145,"column":null}},{"start":{},"end":{}}],"line":143},"3":{"loc":{"start":{"line":150,"column":6},"end":{"line":152,"column":null}},"type":"if","locations":[{"start":{"line":150,"column":6},"end":{"line":152,"column":null}},{"start":{},"end":{}}],"line":150},"4":{"loc":{"start":{"line":160,"column":4},"end":{"line":163,"column":null}},"type":"if","locations":[{"start":{"line":160,"column":4},"end":{"line":163,"column":null}},{"start":{},"end":{}}],"line":160},"5":{"loc":{"start":{"line":160,"column":8},"end":{"line":160,"column":67}},"type":"binary-expr","locations":[{"start":{"line":160,"column":8},"end":{"line":160,"column":42}},{"start":{"line":160,"column":42},"end":{"line":160,"column":67}}],"line":160},"6":{"loc":{"start":{"line":170,"column":4},"end":{"line":173,"column":null}},"type":"if","locations":[{"start":{"line":170,"column":4},"end":{"line":173,"column":null}},{"start":{},"end":{}}],"line":170},"7":{"loc":{"start":{"line":188,"column":4},"end":{"line":194,"column":null}},"type":"if","locations":[{"start":{"line":188,"column":4},"end":{"line":194,"column":null}},{"start":{},"end":{}}],"line":188},"8":{"loc":{"start":{"line":205,"column":4},"end":{"line":211,"column":null}},"type":"if","locations":[{"start":{"line":205,"column":4},"end":{"line":211,"column":null}},{"start":{},"end":{}}],"line":205},"9":{"loc":{"start":{"line":207,"column":6},"end":{"line":210,"column":null}},"type":"if","locations":[{"start":{"line":207,"column":6},"end":{"line":210,"column":null}},{"start":{},"end":{}}],"line":207},"10":{"loc":{"start":{"line":227,"column":4},"end":{"line":259,"column":null}},"type":"if","locations":[{"start":{"line":227,"column":4},"end":{"line":259,"column":null}},{"start":{},"end":{}}],"line":227},"11":{"loc":{"start":{"line":227,"column":8},"end":{"line":227,"column":70}},"type":"binary-expr","locations":[{"start":{"line":227,"column":8},"end":{"line":227,"column":35}},{"start":{"line":227,"column":35},"end":{"line":227,"column":70}}],"line":227},"12":{"loc":{"start":{"line":232,"column":8},"end":{"line":238,"column":null}},"type":"if","locations":[{"start":{"line":232,"column":8},"end":{"line":238,"column":null}},{"start":{},"end":{}}],"line":232},"13":{"loc":{"start":{"line":241,"column":8},"end":{"line":245,"column":null}},"type":"if","locations":[{"start":{"line":241,"column":8},"end":{"line":245,"column":null}},{"start":{"line":243,"column":15},"end":{"line":245,"column":null}}],"line":241},"14":{"loc":{"start":{"line":249,"column":8},"end":{"line":257,"column":null}},"type":"if","locations":[{"start":{"line":249,"column":8},"end":{"line":257,"column":null}},{"start":{},"end":{}}],"line":249},"15":{"loc":{"start":{"line":269,"column":4},"end":{"line":275,"column":null}},"type":"if","locations":[{"start":{"line":269,"column":4},"end":{"line":275,"column":null}},{"start":{},"end":{}}],"line":269},"16":{"loc":{"start":{"line":280,"column":12},"end":{"line":280,"column":null}},"type":"cond-expr","locations":[{"start":{"line":280,"column":60},"end":{"line":280,"column":69}},{"start":{"line":280,"column":69},"end":{"line":280,"column":null}}],"line":280},"17":{"loc":{"start":{"line":280,"column":12},"end":{"line":280,"column":60}},"type":"binary-expr","locations":[{"start":{"line":280,"column":12},"end":{"line":280,"column":42}},{"start":{"line":280,"column":42},"end":{"line":280,"column":60}}],"line":280},"18":{"loc":{"start":{"line":289,"column":4},"end":{"line":296,"column":null}},"type":"if","locations":[{"start":{"line":289,"column":4},"end":{"line":296,"column":null}},{"start":{},"end":{}}],"line":289},"19":{"loc":{"start":{"line":309,"column":113},"end":{"line":309,"column":126}},"type":"default-arg","locations":[{"start":{"line":309,"column":123},"end":{"line":309,"column":126}}],"line":309},"20":{"loc":{"start":{"line":317,"column":4},"end":{"line":327,"column":null}},"type":"if","locations":[{"start":{"line":317,"column":4},"end":{"line":327,"column":null}},{"start":{},"end":{}}],"line":317},"21":{"loc":{"start":{"line":331,"column":4},"end":{"line":347,"column":null}},"type":"if","locations":[{"start":{"line":331,"column":4},"end":{"line":347,"column":null}},{"start":{},"end":{}}],"line":331},"22":{"loc":{"start":{"line":333,"column":6},"end":{"line":346,"column":null}},"type":"if","locations":[{"start":{"line":333,"column":6},"end":{"line":346,"column":null}},{"start":{"line":341,"column":13},"end":{"line":346,"column":null}}],"line":333},"23":{"loc":{"start":{"line":350,"column":4},"end":{"line":358,"column":null}},"type":"if","locations":[{"start":{"line":350,"column":4},"end":{"line":358,"column":null}},{"start":{},"end":{}}],"line":350},"24":{"loc":{"start":{"line":367,"column":8},"end":{"line":370,"column":null}},"type":"if","locations":[{"start":{"line":367,"column":8},"end":{"line":370,"column":null}},{"start":{},"end":{}}],"line":367},"25":{"loc":{"start":{"line":378,"column":10},"end":{"line":380,"column":null}},"type":"if","locations":[{"start":{"line":378,"column":10},"end":{"line":380,"column":null}},{"start":{},"end":{}}],"line":378},"26":{"loc":{"start":{"line":392,"column":10},"end":{"line":400,"column":null}},"type":"if","locations":[{"start":{"line":392,"column":10},"end":{"line":400,"column":null}},{"start":{"line":398,"column":17},"end":{"line":400,"column":null}}],"line":392},"27":{"loc":{"start":{"line":392,"column":14},"end":{"line":392,"column":55}},"type":"binary-expr","locations":[{"start":{"line":392,"column":14},"end":{"line":392,"column":41}},{"start":{"line":392,"column":41},"end":{"line":392,"column":55}}],"line":392},"28":{"loc":{"start":{"line":394,"column":12},"end":{"line":396,"column":null}},"type":"if","locations":[{"start":{"line":394,"column":12},"end":{"line":396,"column":null}},{"start":{},"end":{}}],"line":394},"29":{"loc":{"start":{"line":395,"column":34},"end":{"line":395,"column":null}},"type":"binary-expr","locations":[{"start":{"line":395,"column":34},"end":{"line":395,"column":68}},{"start":{"line":395,"column":68},"end":{"line":395,"column":null}}],"line":395},"30":{"loc":{"start":{"line":434,"column":90},"end":{"line":434,"column":129}},"type":"binary-expr","locations":[{"start":{"line":434,"column":90},"end":{"line":434,"column":112}},{"start":{"line":434,"column":112},"end":{"line":434,"column":129}}],"line":434},"31":{"loc":{"start":{"line":437,"column":41},"end":{"line":437,"column":78}},"type":"binary-expr","locations":[{"start":{"line":437,"column":41},"end":{"line":437,"column":63}},{"start":{"line":437,"column":63},"end":{"line":437,"column":78}}],"line":437},"32":{"loc":{"start":{"line":440,"column":43},"end":{"line":440,"column":88}},"type":"binary-expr","locations":[{"start":{"line":440,"column":43},"end":{"line":440,"column":65}},{"start":{"line":440,"column":65},"end":{"line":440,"column":88}}],"line":440},"33":{"loc":{"start":{"line":443,"column":25},"end":{"line":443,"column":70}},"type":"binary-expr","locations":[{"start":{"line":443,"column":25},"end":{"line":443,"column":47}},{"start":{"line":443,"column":47},"end":{"line":443,"column":70}}],"line":443},"34":{"loc":{"start":{"line":455,"column":76},"end":{"line":455,"column":115}},"type":"binary-expr","locations":[{"start":{"line":455,"column":76},"end":{"line":455,"column":98}},{"start":{"line":455,"column":98},"end":{"line":455,"column":115}}],"line":455},"35":{"loc":{"start":{"line":463,"column":4},"end":{"line":465,"column":null}},"type":"if","locations":[{"start":{"line":463,"column":4},"end":{"line":465,"column":null}},{"start":{},"end":{}}],"line":463},"36":{"loc":{"start":{"line":478,"column":6},"end":{"line":480,"column":null}},"type":"if","locations":[{"start":{"line":478,"column":6},"end":{"line":480,"column":null}},{"start":{},"end":{}}],"line":478},"37":{"loc":{"start":{"line":485,"column":6},"end":{"line":491,"column":null}},"type":"if","locations":[{"start":{"line":485,"column":6},"end":{"line":491,"column":null}},{"start":{},"end":{}}],"line":485},"38":{"loc":{"start":{"line":487,"column":10},"end":{"line":489,"column":null}},"type":"if","locations":[{"start":{"line":487,"column":10},"end":{"line":489,"column":null}},{"start":{},"end":{}}],"line":487},"39":{"loc":{"start":{"line":506,"column":11},"end":{"line":506,"column":null}},"type":"binary-expr","locations":[{"start":{"line":506,"column":11},"end":{"line":506,"column":36}},{"start":{"line":506,"column":36},"end":{"line":506,"column":null}}],"line":506},"40":{"loc":{"start":{"line":517,"column":21},"end":{"line":517,"column":null}},"type":"binary-expr","locations":[{"start":{"line":517,"column":21},"end":{"line":517,"column":42}},{"start":{"line":517,"column":42},"end":{"line":517,"column":null}}],"line":517},"41":{"loc":{"start":{"line":528,"column":21},"end":{"line":528,"column":null}},"type":"binary-expr","locations":[{"start":{"line":528,"column":21},"end":{"line":528,"column":42}},{"start":{"line":528,"column":42},"end":{"line":528,"column":null}}],"line":528},"42":{"loc":{"start":{"line":544,"column":19},"end":{"line":544,"column":null}},"type":"binary-expr","locations":[{"start":{"line":544,"column":19},"end":{"line":544,"column":40}},{"start":{"line":544,"column":40},"end":{"line":544,"column":null}}],"line":544},"43":{"loc":{"start":{"line":545,"column":12},"end":{"line":545,"column":null}},"type":"binary-expr","locations":[{"start":{"line":545,"column":12},"end":{"line":545,"column":26}},{"start":{"line":545,"column":26},"end":{"line":545,"column":null}}],"line":545},"44":{"loc":{"start":{"line":563,"column":15},"end":{"line":563,"column":null}},"type":"binary-expr","locations":[{"start":{"line":563,"column":15},"end":{"line":563,"column":52}},{"start":{"line":563,"column":52},"end":{"line":563,"column":null}}],"line":563},"45":{"loc":{"start":{"line":564,"column":23},"end":{"line":564,"column":null}},"type":"binary-expr","locations":[{"start":{"line":564,"column":23},"end":{"line":564,"column":64}},{"start":{"line":564,"column":64},"end":{"line":564,"column":null}}],"line":564},"46":{"loc":{"start":{"line":576,"column":12},"end":{"line":576,"column":null}},"type":"binary-expr","locations":[{"start":{"line":576,"column":12},"end":{"line":576,"column":26}},{"start":{"line":576,"column":26},"end":{"line":576,"column":null}}],"line":576},"47":{"loc":{"start":{"line":577,"column":19},"end":{"line":577,"column":null}},"type":"binary-expr","locations":[{"start":{"line":577,"column":19},"end":{"line":577,"column":40}},{"start":{"line":577,"column":40},"end":{"line":577,"column":null}}],"line":577},"48":{"loc":{"start":{"line":578,"column":20},"end":{"line":578,"column":null}},"type":"binary-expr","locations":[{"start":{"line":578,"column":20},"end":{"line":578,"column":42}},{"start":{"line":578,"column":42},"end":{"line":578,"column":null}}],"line":578},"49":{"loc":{"start":{"line":591,"column":4},"end":{"line":607,"column":null}},"type":"if","locations":[{"start":{"line":591,"column":4},"end":{"line":607,"column":null}},{"start":{},"end":{}}],"line":591},"50":{"loc":{"start":{"line":595,"column":8},"end":{"line":597,"column":null}},"type":"if","locations":[{"start":{"line":595,"column":8},"end":{"line":597,"column":null}},{"start":{},"end":{}}],"line":595},"51":{"loc":{"start":{"line":595,"column":12},"end":{"line":595,"column":48}},"type":"binary-expr","locations":[{"start":{"line":595,"column":12},"end":{"line":595,"column":21}},{"start":{"line":595,"column":21},"end":{"line":595,"column":48}}],"line":595},"52":{"loc":{"start":{"line":615,"column":6},"end":{"line":618,"column":null}},"type":"if","locations":[{"start":{"line":615,"column":6},"end":{"line":618,"column":null}},{"start":{},"end":{}}],"line":615},"53":{"loc":{"start":{"line":621,"column":4},"end":{"line":636,"column":null}},"type":"if","locations":[{"start":{"line":621,"column":4},"end":{"line":636,"column":null}},{"start":{},"end":{}}],"line":621},"54":{"loc":{"start":{"line":632,"column":6},"end":{"line":634,"column":null}},"type":"if","locations":[{"start":{"line":632,"column":6},"end":{"line":634,"column":null}},{"start":{},"end":{}}],"line":632},"55":{"loc":{"start":{"line":635,"column":22},"end":{"line":635,"column":59}},"type":"binary-expr","locations":[{"start":{"line":635,"column":22},"end":{"line":635,"column":40}},{"start":{"line":635,"column":40},"end":{"line":635,"column":59}}],"line":635},"56":{"loc":{"start":{"line":644,"column":15},"end":{"line":644,"column":null}},"type":"cond-expr","locations":[{"start":{"line":644,"column":25},"end":{"line":644,"column":51}},{"start":{"line":644,"column":51},"end":{"line":644,"column":null}}],"line":644},"57":{"loc":{"start":{"line":650,"column":6},"end":{"line":653,"column":null}},"type":"if","locations":[{"start":{"line":650,"column":6},"end":{"line":653,"column":null}},{"start":{},"end":{}}],"line":650},"58":{"loc":{"start":{"line":651,"column":26},"end":{"line":651,"column":null}},"type":"cond-expr","locations":[{"start":{"line":651,"column":52},"end":{"line":651,"column":74}},{"start":{"line":651,"column":74},"end":{"line":651,"column":null}}],"line":651},"59":{"loc":{"start":{"line":657,"column":6},"end":{"line":657,"column":null}},"type":"if","locations":[{"start":{"line":657,"column":6},"end":{"line":657,"column":null}},{"start":{},"end":{}}],"line":657},"60":{"loc":{"start":{"line":664,"column":23},"end":{"line":664,"column":null}},"type":"cond-expr","locations":[{"start":{"line":664,"column":33},"end":{"line":664,"column":59}},{"start":{"line":664,"column":59},"end":{"line":664,"column":null}}],"line":664},"61":{"loc":{"start":{"line":671,"column":15},"end":{"line":671,"column":null}},"type":"binary-expr","locations":[{"start":{"line":671,"column":15},"end":{"line":671,"column":31}},{"start":{"line":671,"column":31},"end":{"line":671,"column":null}}],"line":671},"62":{"loc":{"start":{"line":692,"column":4},"end":{"line":692,"column":null}},"type":"if","locations":[{"start":{"line":692,"column":4},"end":{"line":692,"column":null}},{"start":{},"end":{}}],"line":692},"63":{"loc":{"start":{"line":700,"column":23},"end":{"line":700,"column":null}},"type":"cond-expr","locations":[{"start":{"line":700,"column":40},"end":{"line":700,"column":49}},{"start":{"line":700,"column":49},"end":{"line":700,"column":null}}],"line":700},"64":{"loc":{"start":{"line":701,"column":24},"end":{"line":701,"column":null}},"type":"cond-expr","locations":[{"start":{"line":701,"column":53},"end":{"line":701,"column":78}},{"start":{"line":701,"column":78},"end":{"line":701,"column":null}}],"line":701},"65":{"loc":{"start":{"line":713,"column":4},"end":{"line":713,"column":null}},"type":"if","locations":[{"start":{"line":713,"column":4},"end":{"line":713,"column":null}},{"start":{},"end":{}}],"line":713},"66":{"loc":{"start":{"line":721,"column":4},"end":{"line":721,"column":null}},"type":"if","locations":[{"start":{"line":721,"column":4},"end":{"line":721,"column":null}},{"start":{},"end":{}}],"line":721},"67":{"loc":{"start":{"line":740,"column":4},"end":{"line":740,"column":null}},"type":"if","locations":[{"start":{"line":740,"column":4},"end":{"line":740,"column":null}},{"start":{},"end":{}}],"line":740},"68":{"loc":{"start":{"line":743,"column":6},"end":{"line":743,"column":null}},"type":"if","locations":[{"start":{"line":743,"column":6},"end":{"line":743,"column":null}},{"start":{},"end":{}}],"line":743},"69":{"loc":{"start":{"line":749,"column":25},"end":{"line":749,"column":null}},"type":"cond-expr","locations":[{"start":{"line":749,"column":42},"end":{"line":749,"column":51}},{"start":{"line":749,"column":51},"end":{"line":749,"column":null}}],"line":749},"70":{"loc":{"start":{"line":750,"column":26},"end":{"line":750,"column":null}},"type":"cond-expr","locations":[{"start":{"line":750,"column":55},"end":{"line":750,"column":80}},{"start":{"line":750,"column":80},"end":{"line":750,"column":null}}],"line":750},"71":{"loc":{"start":{"line":753,"column":8},"end":{"line":757,"column":null}},"type":"if","locations":[{"start":{"line":753,"column":8},"end":{"line":757,"column":null}},{"start":{"line":755,"column":15},"end":{"line":757,"column":null}}],"line":753},"72":{"loc":{"start":{"line":769,"column":4},"end":{"line":773,"column":null}},"type":"if","locations":[{"start":{"line":769,"column":4},"end":{"line":773,"column":null}},{"start":{},"end":{}}],"line":769},"73":{"loc":{"start":{"line":779,"column":4},"end":{"line":779,"column":null}},"type":"if","locations":[{"start":{"line":779,"column":4},"end":{"line":779,"column":null}},{"start":{},"end":{}}],"line":779},"74":{"loc":{"start":{"line":783,"column":4},"end":{"line":787,"column":null}},"type":"if","locations":[{"start":{"line":783,"column":4},"end":{"line":787,"column":null}},{"start":{},"end":{}}],"line":783},"75":{"loc":{"start":{"line":783,"column":8},"end":{"line":783,"column":49}},"type":"binary-expr","locations":[{"start":{"line":783,"column":8},"end":{"line":783,"column":35}},{"start":{"line":783,"column":35},"end":{"line":783,"column":49}}],"line":783},"76":{"loc":{"start":{"line":785,"column":22},"end":{"line":785,"column":null}},"type":"cond-expr","locations":[{"start":{"line":785,"column":57},"end":{"line":785,"column":89}},{"start":{"line":785,"column":89},"end":{"line":785,"column":null}}],"line":785},"77":{"loc":{"start":{"line":797,"column":6},"end":{"line":797,"column":null}},"type":"if","locations":[{"start":{"line":797,"column":6},"end":{"line":797,"column":null}},{"start":{},"end":{}}],"line":797},"78":{"loc":{"start":{"line":797,"column":10},"end":{"line":797,"column":40}},"type":"binary-expr","locations":[{"start":{"line":797,"column":10},"end":{"line":797,"column":16}},{"start":{"line":797,"column":16},"end":{"line":797,"column":40}}],"line":797},"79":{"loc":{"start":{"line":802,"column":8},"end":{"line":811,"column":null}},"type":"if","locations":[{"start":{"line":802,"column":8},"end":{"line":811,"column":null}},{"start":{"line":807,"column":15},"end":{"line":811,"column":null}}],"line":802},"80":{"loc":{"start":{"line":804,"column":23},"end":{"line":804,"column":null}},"type":"cond-expr","locations":[{"start":{"line":804,"column":52},"end":{"line":804,"column":77}},{"start":{"line":804,"column":77},"end":{"line":804,"column":null}}],"line":804},"81":{"loc":{"start":{"line":827,"column":4},"end":{"line":835,"column":null}},"type":"if","locations":[{"start":{"line":827,"column":4},"end":{"line":835,"column":null}},{"start":{},"end":{}}],"line":827},"82":{"loc":{"start":{"line":827,"column":8},"end":{"line":827,"column":67}},"type":"binary-expr","locations":[{"start":{"line":827,"column":8},"end":{"line":827,"column":42}},{"start":{"line":827,"column":42},"end":{"line":827,"column":67}}],"line":827},"83":{"loc":{"start":{"line":844,"column":6},"end":{"line":847,"column":null}},"type":"if","locations":[{"start":{"line":844,"column":6},"end":{"line":847,"column":null}},{"start":{},"end":{}}],"line":844},"84":{"loc":{"start":{"line":875,"column":17},"end":{"line":875,"column":null}},"type":"binary-expr","locations":[{"start":{"line":875,"column":17},"end":{"line":875,"column":54}},{"start":{"line":875,"column":54},"end":{"line":875,"column":null}}],"line":875},"85":{"loc":{"start":{"line":878,"column":36},"end":{"line":878,"column":85}},"type":"binary-expr","locations":[{"start":{"line":878,"column":36},"end":{"line":878,"column":78}},{"start":{"line":878,"column":78},"end":{"line":878,"column":85}}],"line":878}},"s":{"0":5,"1":5,"2":5,"3":5,"4":5,"5":5,"6":5,"7":5,"8":5,"9":5,"10":0,"11":0,"12":0,"13":0,"14":0,"15":0,"16":0,"17":0,"18":0,"19":0,"20":0,"21":0,"22":0,"23":0,"24":0,"25":0,"26":0,"27":0,"28":0,"29":0,"30":0,"31":0,"32":0,"33":0,"34":0,"35":0,"36":0,"37":0,"38":0,"39":0,"40":0,"41":0,"42":1,"43":1,"44":1,"45":0,"46":0,"47":0,"48":0,"49":0,"50":0,"51":0,"52":0,"53":0,"54":3,"55":3,"56":3,"57":0,"58":0,"59":0,"60":0,"61":0,"62":0,"63":0,"64":0,"65":0,"66":0,"67":0,"68":3,"69":0,"70":0,"71":0,"72":0,"73":3,"74":3,"75":0,"76":3,"77":3,"78":4,"79":4,"80":4,"81":4,"82":0,"83":0,"84":0,"85":4,"86":4,"87":0,"88":0,"89":0,"90":0,"91":0,"92":0,"93":0,"94":0,"95":4,"96":4,"97":3,"98":3,"99":1,"100":0,"101":0,"102":0,"103":0,"104":0,"105":0,"106":0,"107":1,"108":1,"109":0,"110":0,"111":0,"112":0,"113":0,"114":0,"115":0,"116":0,"117":0,"118":0,"119":0,"120":0,"121":0,"122":0,"123":0,"124":0,"125":0,"126":0,"127":0,"128":0,"129":1,"130":1,"131":0,"132":0,"133":1,"134":1,"135":1,"136":1,"137":1,"138":4,"139":4,"140":4,"141":3,"142":3,"143":0,"144":0,"145":0,"146":3,"147":0,"148":0,"149":0,"150":0,"151":3,"152":0,"153":0,"154":0,"155":0,"156":0,"157":0,"158":0,"159":0,"160":0,"161":0,"162":0,"163":0,"164":1,"165":1,"166":1,"167":1,"168":3,"169":3,"170":0,"171":0,"172":0,"173":0,"174":0,"175":0,"176":0,"177":0,"178":0,"179":0,"180":3,"181":3,"182":3,"183":3,"184":1,"185":1,"186":1,"187":3,"188":2,"189":2,"190":2,"191":2,"192":0,"193":2,"194":1,"195":1,"196":1,"197":1,"198":0,"199":0,"200":0,"201":0,"202":1,"203":0,"204":1,"205":0,"206":0,"207":0,"208":0,"209":0,"210":0,"211":0,"212":0,"213":0,"214":0,"215":0,"216":0,"217":0,"218":0,"219":0,"220":0,"221":0,"222":0,"223":0,"224":0,"225":0,"226":0,"227":0,"228":0,"229":0,"230":0,"231":0,"232":0,"233":0,"234":0,"235":0,"236":0,"237":0,"238":0,"239":0,"240":0,"241":0,"242":0,"243":0,"244":0,"245":0,"246":0,"247":0,"248":0,"249":0,"250":0,"251":0,"252":0,"253":0,"254":0,"255":0,"256":0,"257":0,"258":0,"259":0,"260":0,"261":0,"262":0,"263":0,"264":0,"265":0,"266":0,"267":0,"268":0,"269":0,"270":0,"271":0,"272":0,"273":0,"274":0,"275":0,"276":0,"277":0,"278":0,"279":0,"280":0,"281":0,"282":0,"283":0,"284":0,"285":0,"286":0,"287":0,"288":0,"289":0,"290":0,"291":0,"292":0,"293":0,"294":0,"295":0,"296":0,"297":0,"298":0,"299":0,"300":0,"301":0,"302":0,"303":0,"304":0,"305":0,"306":0,"307":0,"308":0,"309":0,"310":5,"311":5,"312":1},"f":{"0":5,"1":0,"2":0,"3":0,"4":1,"5":0,"6":0,"7":0,"8":3,"9":0,"10":3,"11":4,"12":0,"13":0,"14":0,"15":0,"16":0,"17":4,"18":3,"19":0,"20":0,"21":0,"22":0,"23":0,"24":0,"25":0,"26":0,"27":0,"28":1,"29":3,"30":0,"31":0,"32":0,"33":0,"34":0,"35":0,"36":0,"37":0,"38":0,"39":0,"40":0,"41":0,"42":0,"43":0,"44":0,"45":0,"46":0,"47":0,"48":0,"49":5,"50":5},"b":{"0":[0,0],"1":[0,0],"2":[0,0],"3":[0,0],"4":[0,0],"5":[0,0],"6":[0,0],"7":[1,0],"8":[0,0],"9":[0,0],"10":[0,3],"11":[3,3],"12":[0,0],"13":[0,0],"14":[0,0],"15":[0,0],"16":[0,0],"17":[0,0],"18":[0,3],"19":[4],"20":[0,4],"21":[0,4],"22":[0,0],"23":[3,1],"24":[0,0],"25":[0,0],"26":[0,0],"27":[0,0],"28":[0,0],"29":[0,0],"30":[1,0],"31":[1,0],"32":[0,0],"33":[1,0],"34":[1,0],"35":[4,0],"36":[0,0],"37":[0,0],"38":[0,0],"39":[0,0],"40":[0,0],"41":[0,0],"42":[0,0],"43":[0,0],"44":[0,0],"45":[0,0],"46":[1,1],"47":[1,0],"48":[1,0],"49":[0,3],"50":[0,0],"51":[0,0],"52":[1,0],"53":[2,1],"54":[0,2],"55":[2,0],"56":[0,1],"57":[0,0],"58":[0,0],"59":[0,1],"60":[0,0],"61":[0,0],"62":[0,0],"63":[0,0],"64":[0,0],"65":[0,0],"66":[0,0],"67":[0,0],"68":[0,0],"69":[0,0],"70":[0,0],"71":[0,0],"72":[0,0],"73":[0,0],"74":[0,0],"75":[0,0],"76":[0,0],"77":[0,0],"78":[0,0],"79":[0,0],"80":[0,0],"81":[0,0],"82":[0,0],"83":[0,0],"84":[5,0],"85":[5,0]},"meta":{"lastBranch":86,"lastFunction":51,"lastStatement":313,"seen":{"s:103:40:103:Infinity":0,"s:107:36:107:Infinity":1,"s:108:26:108:Infinity":2,"s:110:56:110:Infinity":3,"s:111:101:111:Infinity":4,"s:112:39:112:Infinity":5,"s:113:35:113:Infinity":6,"f:115:2:115:16":0,"s:116:4:116:Infinity":7,"s:117:4:117:Infinity":8,"s:118:4:118:Infinity":9,"f:125:8:125:36":1,"s:126:4:126:Infinity":10,"b:129:4:131:Infinity:undefined:undefined:undefined:undefined":0,"s:129:4:131:Infinity":11,"b:129:8:129:42:129:42:129:66":1,"s:130:6:130:Infinity":12,"s:134:4:140:Infinity":13,"s:135:6:139:Infinity":14,"s:136:8:136:Infinity":15,"s:138:8:138:Infinity":16,"b:143:4:145:Infinity:undefined:undefined:undefined:undefined":2,"s:143:4:145:Infinity":17,"s:144:6:144:Infinity":18,"s:148:4:153:Infinity":19,"f:148:58:148:63":2,"s:148:63:148:74":20,"s:149:20:149:Infinity":21,"b:1
[...]
],"line":59},"5":{"loc":{"start":{"line":67,"column":41},"end":{"line":67,"column":75}},"type":"binary-expr","locations":[{"start":{"line":67,"column":41},"end":{"line":67,"column":66}},{"start":{"line":67,"column":66},"end":{"line":67,"column":75}}],"line":67},"6":{"loc":{"start":{"line":74,"column":6},"end":{"line":74,"column":null}},"type":"if","locations":[{"start":{"line":74,"column":6},"end":{"line":74,"column":null}},{"start":{},"end":{}}],"line":74},"7":{"loc":{"start":{"line":82,"column":30},"end":{"line":82,"column":107}},"type":"default-arg","locations":[{"start":{"line":82,"column":38},"end":{"line":82,"column":107}}],"line":82},"8":{"loc":{"start":{"line":86,"column":6},"end":{"line":86,"column":null}},"type":"if","locations":[{"start":{"line":86,"column":6},"end":{"line":86,"column":null}},{"start":{},"end":{}}],"line":86},"9":{"loc":{"start":{"line":96,"column":6},"end":{"line":127,"column":null}},"type":"if","locations":[{"start":{"line":96,"column":6},"end":{"line":127,"column":null}},{"start":{"line":108,"column":13},"end":{"line":127,"column":null}}],"line":96},"10":{"loc":{"start":{"line":104,"column":16},"end":{"line":104,"column":null}},"type":"binary-expr","locations":[{"start":{"line":104,"column":16},"end":{"line":104,"column":26}},{"start":{"line":104,"column":26},"end":{"line":104,"column":null}}],"line":104},"11":{"loc":{"start":{"line":116,"column":26},"end":{"line":116,"column":null}},"type":"cond-expr","locations":[{"start":{"line":116,"column":79},"end":{"line":116,"column":104}},{"start":{"line":116,"column":104},"end":{"line":116,"column":null}}],"line":116},"12":{"loc":{"start":{"line":119,"column":32},"end":{"line":119,"column":53}},"type":"binary-expr","locations":[{"start":{"line":119,"column":32},"end":{"line":119,"column":51}},{"start":{"line":119,"column":51},"end":{"line":119,"column":53}}],"line":119},"13":{"loc":{"start":{"line":120,"column":12},"end":{"line":123,"column":null}},"type":"if","locations":[{"start":{"line":120,"column":12},"end":{"line":123,"column":null}},{"start":{},"end":{}}],"line":120},"14":{"loc":{"start":{"line":121,"column":41},"end":{"line":121,"column":92}},"type":"cond-expr","locations":[{"start":{"line":121,"column":51},"end":{"line":121,"column":82}},{"start":{"line":121,"column":82},"end":{"line":121,"column":92}}],"line":121},"15":{"loc":{"start":{"line":121,"column":58},"end":{"line":121,"column":78}},"type":"binary-expr","locations":[{"start":{"line":121,"column":58},"end":{"line":121,"column":76}},{"start":{"line":121,"column":76},"end":{"line":121,"column":78}}],"line":121},"16":{"loc":{"start":{"line":122,"column":14},"end":{"line":122,"column":null}},"type":"if","locations":[{"start":{"line":122,"column":14},"end":{"line":122,"column":null}},{"start":{},"end":{}}],"line":122},"17":{"loc":{"start":{"line":149,"column":47},"end":{"line":149,"column":124}},"type":"default-arg","locations":[{"start":{"line":149,"column":55},"end":{"line":149,"column":124}}],"line":149},"18":{"loc":{"start":{"line":169,"column":18},"end":{"line":169,"column":null}},"type":"binary-expr","locations":[{"start":{"line":169,"column":18},"end":{"line":169,"column":42}},{"start":{"line":169,"column":42},"end":{"line":169,"column":null}}],"line":169},"19":{"loc":{"start":{"line":170,"column":22},"end":{"line":170,"column":71}},"type":"binary-expr","locations":[{"start":{"line":170,"column":22},"end":{"line":170,"column":46}},{"start":{"line":170,"column":46},"end":{"line":170,"column":71}}],"line":170}},"s":{"0":1,"1":1,"2":1,"3":1,"4":1,"5":5,"6":5,"7":5,"8":0,"9":5,"10":0,"11":0,"12":2,"13":3,"14":3,"15":3,"16":3,"17":3,"18":2,"19":2,"20":1,"21":3,"22":0,"23":0,"24":0,"25":0,"26":0,"27":0,"28":0,"29":0,"30":2,"31":2,"32":2,"33":2,"34":0,"35":2,"36":2,"37":2,"38":2,"39":2,"40":2,"41":2,"42":2,"43":0,"44":0,"45":0,"46":0,"47":0,"48":0,"49":0,"50":0,"51":0,"52":0,"53":0,"54":0,"55":0,"56":0,"57":0,"58":0,"59":0,"60":0,"61":1,"62":0,"63":0,"64":0,"65":0,"66":0,"67":0,"68":0,"69":0,"70":0,"71":0,"72":0,"73":0,"74":0},"f":{"0":5,"1":2,"2":3,"3":0,"4":2,"5":2,"6":2,"7":0,"8":0,"9":0,"10":0,"11":0,"12":0,"13":0,"14":0},"b":{"0":[1,1],"1":[0,5],"2":[5,5],"3":[2],"4":[2,1],"5":[3,3],"6":[0,0],"7":[2],"8":[0,2],"9":[2,0],"10":[2,0],"11":[0,0],"12":[0,0],"13":[0,0],"14":[0,0],"15":[0,0],"16":[0,0],"17":[0],"18":[0,0],"19":[0,0]},"meta":{"lastBranch":20,"lastFunction":15,"lastStatement":75,"seen":{"s:12:16:12:Infinity":0,"s:13:28:13:Infinity":1,"s:16:24:16:Infinity":2,"b:16:24:16:55:16:55:16:Infinity":0,"s:17:28:17:Infinity":3,"s:18:29:18:Infinity":4,"f:24:15:24:28":0,"s:25:2:40:Infinity":5,"s:27:22:29:Infinity":6,"b:31:4:33:Infinity:undefined:undefined:undefined:undefined":1,"s:31:4:33:Infinity":7,"b:31:8:31:22:31:22:31:49":2,"s:32:6:32:Infinity":8,"s:35:4:35:Infinity":9,"s:37:4:37:Infinity":10,"s:39:4:39:Infinity":11,"f:46:2:46:14":1,"b:46:31:46:40":3,"s:47:4:47:Infinity":12,"f:50:8:50:20":2,"s:51:15:51:Infinity":13,"s:52:23:52:Infinity":14,"s:55:19:55:Infinity":15,"s:56:19:56:Infinity":16,"b:59:4:65:Infinity:62:11:65:Infinity":4,"s:59:4:65:Infinity":17,"s:60:6:60:Infinity":18,"s:61:6:61:Infinity":19,"s:64:6:64:Infinity":20,"s:67:4:67:Infinity":21,"b:67:41:67:66:67:66:67:75":5,"f:70:8:70:41":3,"s:71:4:79:Infinity":22,"s:72:17:72:Infinity":23,"s:73:25:73:Infinity":24,"b:74:6:74:Infinity:undefined:undefined:undefined:undefined":6,"s:74:6:74:Infinity":25,"s:74:42:74:Infinity":26,"s:75:20:75:Infinity":27,"s:76:6:76:Infinity":28,"s:78:6:78:Infinity":29,"f:82:8:82:15":4,"b:82:38:82:107":7,"s:83:4:131:Infinity":30,"s:84:17:84:Infinity":31,"s:85:25:85:Infinity":32,"b:86:6:86:Infinity:undefined:undefined:undefined:undefined":8,"s:86:6:86:Infinity":33,"s:86:42:86:Infinity":34,"s:88:20:88:Infinity":35,"s:91:26:91:Infinity":36,"s:94:32:94:Infinity":37,"f:94:49:94:50":5,"s:94:56:94:63":38,"b:96:6:127:Infinity:108:13:127:Infinity":9,"s:96:6:127:Infinity":39,"s:98:24:101:Infinity":40,"s:103:8:107:Infinity":41,"f:103:27:103:28":6,"s:103:40:107:10":42,"b:104:16:104:26:104:26:104:Infinity":10,"s:110:8:110:Infinity":43,"s:111:64:111:Infinity":44,"s:112:18:112:Infinity":45,"s:114:8:125:Infinity":46,"s:115:26:115:Infinity":47,"s:116:26:116:Infinity":48,"b:116:79:116:104:116:104:116:Infinity":11,"f:116:51:116:52":7,"s:116:58:116:75":49,"s:117:20:117:Infinity":50,"s:118:10:124:Infinity":51,"s:118:23:118:26":52,"s:119:25:119:Infinity":53,"b:119:32:119:51:119:51:119:53":12,"b:120:12:123:Infinity:undefined:undefined:undefined:undefined":13,"s:120:12:123:Infinity":54,"s:121:14:121:Infinity":55,"b:121:51:121:82:121:82:121:92":14,"b:121:58:121:76:121:76:121:78":15,"b:122:14:122:Infinity:undefined:undefined:undefined:undefined":16,"s:122:14:122:Infinity":56,"s:122:43:122:Infinity":57,"s:126:8:126:Infinity":58,"s:129:6:129:Infinity":59,"s:130:6:130:Infinity":60,"s:135:15:135:Infinity":61,"f:138:22:138:33":8,"s:139:2:139:Infinity":62,"f:139:67:139:73":9,"s:140:2:140:Infinity":63,"f:144:22:144:53":10,"s:145:2:145:Infinity":64,"f:149:22:149:32":11,"b:149:55:149:124":17,"s:150:2:150:Infinity":65,"s:155:23:155:Infinity":66,"s:156:19:156:Infinity":67,"f:158:8:158:23":12,"s:159:18:159:Infinity":68,"s:160:17:160:Infinity":69,"s:163:4:163:Infinity":70,"f:163:77:163:83":13,"s:164:4:166:Infinity":71,"f:164:62:164:63":14,"s:165:6:165:Infinity":72,"s:169:18:169:Infinity":73,"b:169:18:169:42:169:42:169:Infinity":18,"s:170:4:170:Infinity":74,"b:170:22:170:46:170:46:170:71":19}}}
,"F:\\mcp-brunella-core\\src\\utils\\skillsLoader.ts": {"path":"F:\\mcp-brunella-core\\src\\utils\\skillsLoader.ts","statementMap":{"0":{"start":{"line":15,"column":17},"end":{"line":15,"column":null}},"1":{"start":{"line":16,"column":19},"end":{"line":16,"column":null}},"2":{"start":{"line":19,"column":26},"end":{"line":19,"column":null}},"3":{"start":{"line":20,"column":19},"end":{"line":20,"column":null}},"4":{"start":{"line":21,"column":2},"end":{"line":30,"column":null}},"5":{"start":{"line":22,"column":4},"end":{"line":28,"column":null}},"6":{"start":{"line":23,"column":16},"end":{"line":23,"column":null}},"7":{"start":{"line":24,"column":6},"end":{"line":24,"column":null}},"8":{"start":{"line":24,"column":18},"end":{"line":24,"column":null}},"9":{"start":{"line":25,"column":6},"end":{"line":25,"column":null}},"10":{"start":{"line":25,"column":25},"end":{"line":25,"column":null}},"11":{"start":{"line":29,"column":4},"end":{"line":29,"column":null}},"12":{"start":{"line":31,"column":17},"end":{"line":31,"column":null}},"13":{"start":{"line":32,"column":2},"end":{"line":39,"column":null}},"14":{"start":{"line":33,"column":4},"end":{"line":38,"column":null}},"15":{"start":{"line":34,"column":19},"end":{"line":34,"column":null}},"16":{"start":{"line":35,"column":6},"end":{"line":35,"column":null}},"17":{"start":{"line":35,"column":33},"end":{"line":35,"column":null}},"18":{"start":{"line":40,"column":2},"end":{"line":40,"column":null}},"19":{"start":{"line":45,"column":15},"end":{"line":45,"column":null}},"20":{"start":{"line":46,"column":25},"end":{"line":46,"column":null}},"21":{"start":{"line":47,"column":2},"end":{"line":47,"column":null}},"22":{"start":{"line":47,"column":17},"end":{"line":47,"column":null}},"23":{"start":{"line":48,"column":2},"end":{"line":48,"column":null}},"24":{"start":{"line":49,"column":12},"end":{"line":49,"column":null}},"25":{"start":{"line":50,"column":2},"end":{"line":50,"column":null}},"26":{"start":{"line":52,"column":27},"end":{"line":52,"column":null}},"27":{"start":{"line":53,"column":15},"end":{"line":53,"column":null}},"28":{"start":{"line":55,"column":2},"end":{"line":73,"column":null}},"29":{"start":{"line":56,"column":4},"end":{"line":56,"column":null}},"30":{"start":{"line":56,"column":64},"end":{"line":56,"column":null}},"31":{"start":{"line":57,"column":4},"end":{"line":72,"column":null}},"32":{"start":{"line":58,"column":22},"end":{"line":58,"column":null}},"33":{"start":{"line":59,"column":6},"end":{"line":69,"column":null}},"34":{"start":{"line":60,"column":8},"end":{"line":60,"column":null}},"35":{"start":{"line":60,"column":30},"end":{"line":60,"column":null}},"36":{"start":{"line":61,"column":20},"end":{"line":61,"column":null}},"37":{"start":{"line":62,"column":26},"end":{"line":62,"column":null}},"38":{"start":{"line":63,"column":26},"end":{"line":63,"column":null}},"39":{"start":{"line":64,"column":8},"end":{"line":64,"column":null}},"40":{"start":{"line":64,"column":68},"end":{"line":64,"column":null}},"41":{"start":{"line":65,"column":21},"end":{"line":65,"column":null}},"42":{"start":{"line":66,"column":8},"end":{"line":66,"column":null}},"43":{"start":{"line":66,"column":28},"end":{"line":66,"column":null}},"44":{"start":{"line":67,"column":8},"end":{"line":67,"column":null}},"45":{"start":{"line":68,"column":8},"end":{"line":68,"column":null}},"46":{"start":{"line":74,"column":2},"end":{"line":74,"column":null}}},"fnMap":{"0":{"name":"readSkillMeta","decl":{"start":{"line":18,"column":9},"end":{"line":18,"column":23}},"loc":{"start":{"line":18,"column":65},"end":{"line":41,"column":null}},"line":18},"1":{"name":"discoverSkills","decl":{"start":{"line":44,"column":16},"end":{"line":44,"column":31}},"loc":{"start":{"line":44,"column":78},"end":{"line":75,"column":null}},"line":44}},"branchMap":{"0":{"loc":{"start":{"line":21,"column":2},"end":{"line":30,"column":null}},"type":"if","locations":[{"start":{"line":21,"column":2},"end":{"line":30,"column":null}},{"start":{},"end":{}}],"line":21},"1":{"loc":{"start":{"line":24,"column":6},"end":{"line":24,"column":null}},"type":"if","locations":[{"start":{"line":24,"column":6},"end":{"line":24,"column":null}},{"start":{},"end":{}}],"line":24},"2":{"loc":{"start":{"line":25,"column":6},"end":{"line":25,"column":null}},"type":"if","locations":[{"start":{"line":25,"column":6},"end":{"line":25,"column":null}},{"start":{},"end":{}}],"line":25},"3":{"loc":{"start":{"line":32,"column":2},"end":{"line":39,"column":null}},"type":"if","locations":[{"start":{"line":32,"column":2},"end":{"line":39,"column":null}},{"start":{},"end":{}}],"line":32},"4":{"loc":{"start":{"line":35,"column":6},"end":{"line":35,"column":null}},"type":"if","locations":[{"start":{"line":35,"column":6},"end":{"line":35,"column":null}},{"start":{},"end":{}}],"line":35},"5":{"loc":{"start":{"line":47,"column":2},"end":{"line":47,"column":null}},"type":"if","locations":[{"start":{"line":47,"column":2},"end":{"line":47,"column":null}},{"start":{},"end":{}}],"line":47},"6":{"loc":{"start":{"line":47,"column":27},"end":{"line":47,"column":110}},"type":"cond-expr","locations":[{"start":{"line":47,"column":56},"end":{"line":47,"column":68}},{"start":{"line":47,"column":68},"end":{"line":47,"column":110}}],"line":47},"7":{"loc":{"start":{"line":47,"column":78},"end":{"line":47,"column":100}},"type":"binary-expr","locations":[{"start":{"line":47,"column":78},"end":{"line":47,"column":85}},{"start":{"line":47,"column":85},"end":{"line":47,"column":100}}],"line":47},"8":{"loc":{"start":{"line":49,"column":12},"end":{"line":49,"column":null}},"type":"binary-expr","locations":[{"start":{"line":49,"column":12},"end":{"line":49,"column":19}},{"start":{"line":49,"column":19},"end":{"line":49,"column":null}}],"line":49},"9":{"loc":{"start":{"line":56,"column":4},"end":{"line":56,"column":null}},"type":"if","locations":[{"start":{"line":56,"column":4},"end":{"line":56,"column":null}},{"start":{},"end":{}}],"line":56},"10":{"loc":{"start":{"line":56,"column":8},"end":{"line":56,"column":64}},"type":"binary-expr","locations":[{"start":{"line":56,"column":8},"end":{"line":56,"column":31}},{"start":{"line":56,"column":31},"end":{"line":56,"column":64}}],"line":56},"11":{"loc":{"start":{"line":60,"column":8},"end":{"line":60,"column":null}},"type":"if","locations":[{"start":{"line":60,"column":8},"end":{"line":60,"column":null}},{"start":{},"end":{}}],"line":60},"12":{"loc":{"start":{"line":64,"column":8},"end":{"line":64,"column":null}},"type":"if","locations":[{"start":{"line":64,"column":8},"end":{"line":64,"column":null}},{"start":{},"end":{}}],"line":64},"13":{"loc":{"start":{"line":64,"column":12},"end":{"line":64,"column":68}},"type":"binary-expr","locations":[{"start":{"line":64,"column":12},"end":{"line":64,"column":41}},{"start":{"line":64,"column":41},"end":{"line":64,"column":68}}],"line":64},"14":{"loc":{"start":{"line":66,"column":8},"end":{"line":66,"column":null}},"type":"if","locations":[{"start":{"line":66,"column":8},"end":{"line":66,"column":null}},{"start":{},"end":{}}],"line":66}},"s":{"0":1,"1":1,"2":2,"3":2,"4":2,"5":1,"6":1,"7":1,"8":1,"9":1,"10":1,"11":1,"12":1,"13":1,"14":1,"15":1,"16":1,"17":1,"18":1,"19":3,"20":3,"21":3,"22":2,"23":3,"24":3,"25":3,"26":3,"27":3,"28":3,"29":8,"30":6,"31":2,"32":2,"33":2,"34":2,"35":0,"36":2,"37":2,"38":2,"39":2,"40":0,"41":2,"42":2,"43":0,"44":2,"45":2,"46":3},"f":{"0":2,"1":3},"b":{"0":[1,1],"1":[1,0],"2":[1,0],"3":[1,0],"4":[1,0],"5":[2,1],"6":[2,0],"7":[0,0],"8":[3,0],"9":[6,2],"10":[8,2],"11":[0,2],"12":[0,2],"13":[2,1],"14":[0,2]},"meta":{"lastBranch":15,"lastFunction":2,"lastStatement":47,"seen":{"s:15:17:15:Infinity":0,"s:16:19:16:Infinity":1,"f:18:9:18:23":0,"s:19:26:19:Infinity":2,"s:20:19:20:Infinity":3,"b:21:2:30:Infinity:undefined:undefined:undefined:undefined":0,"s:21:2:30:Infinity":4,"s:22:4:28:Infinity":5,"s:23:16:23:Infinity":6,"b:24:6:24:Infinity:undefined:undefined:undefined:undefined":1,"s:24:6:24:Infinity":7,"s:24:18:24:Infinity":8,"b:25:6:25:Infinity:undefined:undefined:undefined:undefined":2,"s:25:6:25:Infinity":9,"s:25:25:25:Infinity":10,"s:29:4:29:Infinity":11,"s:31:17:31:Infinity":12,"b:32:2:39:Infinity:undefined:undefined:undefined:undefined":3,"s:32:2:39:Infinity":13,"s:33:4:38:Infinity":14,"s:34:19:34:Infinity":15,"b:35:6:35:Infinity:undefined:undefined:undefined:undefined":4,"s:35:6:35:Infinity":16,"s:35:33:35:Infinity":17,"s:40:2:40:Infinity":18,"f:44:16:44:31":1,"s:45:15:45:Infinity":19,"s:46:25:46:Infinity":20,"b:47:2:47:Infinity:undefined:undefined:undefined:undefined":5,"s:47:2:47:Infinity":21,"s:47:17:47:Infinity":22,"b:47:56:47:68:47:68:47:110":6,"b:47:78:47:85:47:85:47:100":7,"s:48:2:48:Infinity":23,"s:49:12:49:Infinity":24,"b:49:12:49:19:49:19:49:Infinity":8,"s:50:2:50:Infinity":25,"s:52:27:52:Infinity":26,"s:53:15:53:Infinity":27,"s:55:2:73:Infinity":28,"b:56:4:56:Infinity:undefined:undefined:undefined:undefined":9,"s:56:4:56:Infinity":29,"b:56:8:56:31:56:31:56:64":10,"s:56:64:56:Infinity":30,"s:57:4:72:Infinity":31,"s:58:22:58:Infinity":32,"s:59:6:69:Infinity":33,"b:60:8:60:Infinity:undefined:undefined:undefined:undefined":11,"s:60:8:60:Infinity":34,"s:60:30:60:Infinity":35,"s:61:20:61:Infinity":36,"s:62:26:62:Infinity":37,"s:63:26:63:Infinity":38,"b:64:8:64:Infinity:undefined:undefined:undefined:undefined":12,"s:64:8:64:Infinity":39,"b:64:12:64:41:64:41:64:68":13,"s:64:68:64:Infinity":40,"s:65:21:65:Infinity":41,"b:66:8:66:Infinity:undefined:undefined:undefined:undefined":14,"s:66:8:66:Infinity":42,"s:66:28:66:Infinity":43,"s:67:8:67:Infinity":44,"s:68:8:68:Infinity":45,"s:74:2:74:Infinity":46}}}
,"F:\\mcp-brunella-core\\src\\utils\\telemetry.ts": {"path":"F:\\mcp-brunella-core\\src\\utils\\telemetry.ts","statementMap":{"0":{"start":{"line":9,"column":2},"end":{"line":16,"column":null}},"1":{"start":{"line":10,"column":4},"end":{"line":13,"column":null}},"2":{"start":{"line":11,"column":21},"end":{"line":11,"column":null}},"3":{"start":{"line":12,"column":6},"end":{"line":12,"column":null}},"4":{"start":{"line":17,"column":2},"end":{"line":17,"column":null}},"5":{"start":{"line":20,"column":29},"end":{"line":22,"column":null}},"6":{"start":{"line":21,"column":2},"end":{"line":21,"column":null}},"7":{"start":{"line":30,"column":2},"end":{"line":30,"column":null}}},"fnMap":{"0":{"name":"getTracer","decl":{"start":{"line":8,"column":16},"end":{"line":8,"column":26}},"loc":{"start":{"line":8,"column":107},"end":{"line":18,"column":null}},"line":8},"1":{"name":"(anonymous_1)","decl":{"start":{"line":20,"column":29},"end":{"line":20,"column":30}},"loc":{"start":{"line":20,"column":94},"end":{"line":22,"column":null}},"line":20},"2":{"name":"initTelemetryFromConfig","decl":{"start":{"line":25,"column":16},"end":{"line":25,"column":40}},"loc":{"start":{"line":25,"column":64},"end":{"line":25,"column":null}},"line":25},"3":{"name":"recordSessionStart","decl":{"start":{"line":26,"column":16},"end":{"line":26,"column":35}},"loc":{"start":{"line":26,"column":75},"end":{"line":26,"column":null}},"line":26},"4":{"name":"flushTelemetry","decl":{"start":{"line":27,"column":16},"end":{"line":27,"column":39}},"loc":{"start":{"line":27,"column":39},"end":{"line":27,"column":null}},"line":27},"5":{"name":"recordToolCall","decl":{"start":{"line":28,"column":16},"end":{"line":28,"column":31}},"loc":{"start":{"line":28,"column":72},"end":{"line":28,"column":null}},"line":28},"6":{"name":"isTelemetryEnabled","decl":{"start":{"line":29,"column":16},"end":{"line":29,"column":46}},"loc":{"start":{"line":29,"column":46},"end":{"line":31,"column":null}},"line":29}},"branchMap":{"0":{"loc":{"start":{"line":8,"column":26},"end":{"line":8,"column":107}},"type":"default-arg","locations":[{"start":{"line":8,"column":48},"end":{"line":8,"column":107}}],"line":8},"1":{"loc":{"start":{"line":10,"column":4},"end":{"line":13,"column":null}},"type":"if","locations":[{"start":{"line":10,"column":4},"end":{"line":13,"column":null}},{"start":{},"end":{}}],"line":10}},"s":{"0":1,"1":1,"2":1,"3":1,"4":0,"5":1,"6":0,"7":0},"f":{"0":1,"1":0,"2":0,"3":0,"4":0,"5":0,"6":0},"b":{"0":[1],"1":[1,0]},"meta":{"lastBranch":2,"lastFunction":7,"lastStatement":8,"seen":{"f:8:16:8:26":0,"b:8:48:8:107":0,"s:9:2:16:Infinity":0,"b:10:4:13:Infinity:undefined:undefined:undefined:undefined":1,"s:10:4:13:Infinity":1,"s:11:21:11:Infinity":2,"s:12:6:12:Infinity":3,"s:17:2:17:Infinity":4,"s:20:29:22:Infinity":5,"f:20:29:20:30":1,"s:21:2:21:Infinity":6,"f:25:16:25:40":2,"f:26:16:26:35":3,"f:27:16:27:39":4,"f:28:16:28:31":5,"f:29:16:29:46":6,"s:30:2:30:Infinity":7}}}
}
